[2015-06-17 15:45:07 +0800][INFO] 
[2015-06-17 15:45:08 +0800][INFO] 
[2015-06-17 15:45:08 +0800][INFO] 
[2015-06-17 15:45:16 +0800][INFO] 
[2015-06-17 15:45:16 +0800][INFO] 
[2015-06-17 15:45:16 +0800][INFO] 
[2015-06-17 15:45:16 +0800][INFO] 
[2015-06-17 15:45:16 +0800][INFO] 
[2015-06-17 15:45:16 +0800][INFO] 
[2015-06-17 15:45:16 +0800][INFO] 
[2015-06-17 15:45:16 +0800][INFO] 
[2015-06-17 15:45:41 +0800][INFO] 
[2015-06-17 15:47:38 +0800][INFO] 
[2015-06-17 15:47:39 +0800][INFO] 
[2015-06-17 15:47:39 +0800][INFO] 
[2015-06-17 15:47:39 +0800][INFO] 
[2015-06-17 15:47:40 +0800][INFO] 
[2015-06-17 15:47:41 +0800][INFO] 
[2015-06-17 15:47:41 +0800][INFO] 
[2015-06-17 15:47:41 +0800][INFO] 
[2015-06-17 15:47:42 +0800][INFO] 
[2015-06-17 15:47:42 +0800][INFO] 
[2015-06-17 15:47:42 +0800][INFO] 
[2015-06-17 15:47:42 +0800][INFO] 
[2015-06-17 15:47:43 +0800][INFO] 
[2015-06-17 15:47:43 +0800][INFO] 
[2015-06-17 15:47:43 +0800][INFO] 
[2015-06-17 15:47:44 +0800][INFO] 
[2015-06-17 15:47:44 +0800][INFO] 
[2015-06-17 15:47:44 +0800][INFO] 
[2015-06-17 15:47:44 +0800][INFO] 
[2015-06-17 15:47:45 +0800][INFO] 
[2015-06-17 15:47:45 +0800][INFO] 
[2015-06-17 15:47:45 +0800][INFO] 
[2015-06-17 15:47:45 +0800][INFO] 
[2015-06-17 15:47:45 +0800][INFO] 
[2015-06-17 15:47:46 +0800][INFO] 
[2015-06-17 15:47:46 +0800][INFO] 
[2015-06-17 15:47:47 +0800][INFO] 
[2015-06-17 15:47:47 +0800][INFO] 
[2015-06-17 15:47:47 +0800][INFO] 
[2015-06-17 15:49:26 +0800][INFO] 
[2015-06-17 15:49:29 +0800][INFO] 
[2015-06-17 15:49:30 +0800][INFO] 
[2015-06-17 15:49:31 +0800][INFO] 
[2015-06-17 15:49:31 +0800][INFO] 
[2015-06-17 15:49:32 +0800][INFO] 
[2015-06-17 15:49:32 +0800][INFO] 
[2015-06-17 15:49:32 +0800][INFO] 
[2015-06-17 15:49:47 +0800][INFO] 
[2015-06-17 15:52:42 +0800][INFO] 
[2015-06-17 15:52:44 +0800][INFO] 
[2015-06-17 15:52:44 +0800][INFO] 
[2015-06-17 15:52:45 +0800][INFO] 
[2015-06-17 15:52:45 +0800][INFO] 
[2015-06-17 15:52:45 +0800][INFO] 
[2015-06-17 15:52:46 +0800][INFO] 
[2015-06-17 15:52:46 +0800][INFO] 
[2015-06-17 15:52:46 +0800][INFO] 
[2015-06-17 15:52:46 +0800][INFO] 
[2015-06-17 15:52:47 +0800][INFO] 
[2015-06-17 15:52:47 +0800][INFO] 
[2015-06-17 15:52:47 +0800][INFO] 
[2015-06-17 15:52:47 +0800][INFO] 
[2015-06-17 15:52:47 +0800][INFO] 
[2015-06-17 15:52:47 +0800][INFO] 
[2015-06-17 15:52:47 +0800][INFO] 
[2015-06-17 15:52:47 +0800][INFO] 
[2015-06-17 15:52:48 +0800][INFO] 
[2015-06-17 15:52:48 +0800][INFO] 
[2015-06-17 15:52:48 +0800][INFO] 
[2015-06-17 15:52:48 +0800][INFO] 
[2015-06-17 15:52:48 +0800][INFO] 
[2015-06-17 15:52:48 +0800][INFO] 
[2015-06-17 15:52:48 +0800][INFO] 
[2015-06-17 15:52:49 +0800][INFO] 
[2015-06-17 15:52:49 +0800][INFO] 
[2015-06-17 15:52:49 +0800][INFO] 
[2015-06-17 15:52:49 +0800][INFO] 
[2015-06-17 15:52:49 +0800][INFO] 
[2015-06-17 15:52:49 +0800][INFO] 
[2015-06-17 15:52:49 +0800][INFO] 
[2015-06-17 15:52:49 +0800][INFO] 
[2015-06-17 15:52:50 +0800][INFO] 
[2015-06-17 15:52:50 +0800][INFO] 
[2015-06-17 15:52:50 +0800][INFO] 
[2015-06-17 15:52:50 +0800][INFO] 
[2015-06-17 15:52:50 +0800][INFO] 
[2015-06-17 15:52:50 +0800][INFO] 
[2015-06-17 15:52:50 +0800][INFO] 
[2015-06-17 15:52:50 +0800][INFO] 
[2015-06-17 15:52:51 +0800][INFO] 
[2015-06-17 15:52:51 +0800][INFO] 
[2015-06-17 15:52:51 +0800][INFO] 
[2015-06-17 15:52:51 +0800][INFO] 
[2015-06-17 15:52:51 +0800][INFO] 
[2015-06-17 15:52:51 +0800][INFO] 
[2015-06-17 15:52:51 +0800][INFO] 
[2015-06-17 15:52:51 +0800][INFO] 
[2015-06-17 15:52:52 +0800][INFO] 
[2015-06-17 15:52:52 +0800][INFO] 
[2015-06-17 15:52:52 +0800][INFO] 
[2015-06-17 15:52:52 +0800][INFO] 
[2015-06-17 15:52:52 +0800][INFO] 
[2015-06-17 15:52:52 +0800][INFO] 
[2015-06-17 15:52:52 +0800][INFO] 
[2015-06-17 15:52:52 +0800][INFO] 
[2015-06-17 15:52:53 +0800][INFO] 
[2015-06-17 15:52:54 +0800][INFO] 
[2015-06-17 15:52:54 +0800][INFO] 
[2015-06-17 15:52:55 +0800][INFO] 
[2015-06-17 15:52:56 +0800][INFO] 
[2015-06-17 15:52:56 +0800][INFO] 
[2015-06-17 15:52:57 +0800][INFO] 
[2015-06-17 15:52:57 +0800][INFO] 
[2015-06-17 15:52:58 +0800][INFO] 
[2015-06-17 15:52:58 +0800][INFO] 
[2015-06-17 15:53:30 +0800][INFO] 
[2015-06-17 15:53:31 +0800][INFO] 
[2015-06-17 15:53:31 +0800][INFO] 
[2015-06-17 15:53:32 +0800][INFO] 
[2015-06-17 15:53:32 +0800][INFO] 
[2015-06-17 15:53:32 +0800][INFO] 
[2015-06-17 15:53:33 +0800][INFO] 
[2015-06-17 15:53:33 +0800][INFO] 
[2015-06-17 15:53:34 +0800][INFO] 
[2015-06-17 15:53:34 +0800][INFO] 
[2015-06-17 15:53:35 +0800][INFO] 
[2015-06-17 15:53:35 +0800][INFO] 
[2015-06-17 15:53:36 +0800][INFO] 
[2015-06-17 15:53:36 +0800][INFO] 
[2015-06-17 15:53:37 +0800][INFO] 
[2015-06-17 15:53:37 +0800][INFO] 
[2015-06-17 15:53:37 +0800][INFO] 
[2015-06-17 15:53:38 +0800][INFO] 
[2015-06-17 15:53:38 +0800][INFO] 
[2015-06-17 15:53:39 +0800][INFO] 
[2015-06-17 15:53:39 +0800][INFO] 
[2015-06-17 15:53:40 +0800][INFO] 
[2015-06-17 15:53:40 +0800][INFO] 
[2015-06-17 15:53:41 +0800][INFO] 
[2015-06-17 15:53:41 +0800][INFO] 
[2015-06-17 15:53:42 +0800][INFO] 
[2015-06-17 15:54:05 +0800][INFO] 
[2015-06-17 15:54:06 +0800][INFO] 
[2015-06-17 15:54:09 +0800][INFO] 
[2015-06-17 15:54:11 +0800][INFO] 
[2015-06-17 15:54:31 +0800][INFO] 
[2015-06-17 15:54:37 +0800][INFO] 
[2015-06-17 15:55:24 +0800][INFO] 
[2015-06-17 15:55:26 +0800][INFO] 
[2015-06-17 15:55:26 +0800][INFO] 
[2015-06-17 15:55:26 +0800][INFO] 
[2015-06-17 15:55:27 +0800][INFO] 
[2015-06-17 15:55:27 +0800][INFO] 
[2015-06-17 15:55:46 +0800][INFO] 
[2015-06-17 15:55:47 +0800][INFO] 
[2015-06-17 15:55:47 +0800][INFO] 
[2015-06-17 15:55:47 +0800][INFO] 
[2015-06-17 15:55:48 +0800][INFO] 
[2015-06-17 15:55:48 +0800][INFO] 
[2015-06-17 15:55:48 +0800][INFO] 
[2015-06-17 15:55:49 +0800][INFO] 
[2015-06-17 15:55:49 +0800][INFO] 
[2015-06-17 15:55:49 +0800][INFO] 
[2015-06-17 15:55:50 +0800][INFO] 
[2015-06-17 15:55:50 +0800][INFO] 
[2015-06-17 15:55:50 +0800][INFO] 
[2015-06-17 15:55:51 +0800][INFO] 
[2015-06-17 15:55:51 +0800][INFO] 
[2015-06-17 15:55:51 +0800][INFO] 
[2015-06-17 15:55:51 +0800][INFO] 
[2015-06-17 15:55:52 +0800][INFO] 
[2015-06-17 15:55:52 +0800][INFO] 
[2015-06-17 15:55:52 +0800][INFO] 
[2015-06-17 15:55:52 +0800][INFO] 
[2015-06-17 15:55:53 +0800][INFO] 
[2015-06-17 15:55:53 +0800][INFO] 
[2015-06-17 16:00:19 +0800][INFO] 
[2015-06-17 16:02:44 +0800][INFO] 
[2015-06-17 16:05:43 +0800][INFO] 
[2015-06-17 16:06:15 +0800][INFO] 
[2015-06-17 16:06:18 +0800][INFO] 
[2015-06-17 16:06:31 +0800][INFO] 
[2015-06-17 16:06:55 +0800][INFO] 
[2015-06-17 16:06:57 +0800][INFO] 
[2015-06-17 16:06:57 +0800][INFO] 
[2015-06-17 16:06:58 +0800][INFO] 
[2015-06-17 16:06:58 +0800][INFO] 
[2015-06-17 16:06:59 +0800][INFO] 
[2015-06-17 16:06:59 +0800][INFO] 
[2015-06-17 16:06:59 +0800][INFO] 
[2015-06-17 16:07:00 +0800][INFO] 
[2015-06-17 16:07:00 +0800][INFO] 
[2015-06-17 16:07:00 +0800][INFO] 
[2015-06-17 16:07:01 +0800][INFO] 
[2015-06-17 16:07:01 +0800][INFO] 
[2015-06-17 16:07:01 +0800][INFO] 
[2015-06-17 16:07:02 +0800][INFO] 
[2015-06-17 16:07:02 +0800][INFO] 
[2015-06-17 16:07:02 +0800][INFO] 
[2015-06-17 16:07:02 +0800][INFO] 
[2015-06-17 16:07:03 +0800][INFO] 
[2015-06-17 16:07:03 +0800][INFO] 
[2015-06-17 16:07:03 +0800][INFO] 
[2015-06-17 16:07:03 +0800][INFO] 
[2015-06-17 16:07:04 +0800][INFO] 
[2015-06-17 16:07:04 +0800][INFO] 
[2015-06-17 16:07:04 +0800][INFO] 
[2015-06-17 16:07:04 +0800][INFO] 
[2015-06-17 16:07:05 +0800][INFO] 
[2015-06-17 16:07:05 +0800][INFO] 
[2015-06-17 16:07:05 +0800][INFO] 
[2015-06-17 16:07:05 +0800][INFO] 
[2015-06-17 16:07:05 +0800][INFO] 
[2015-06-17 16:07:05 +0800][INFO] 
[2015-06-17 16:07:05 +0800][INFO] 
[2015-06-17 16:07:06 +0800][INFO] 
[2015-06-17 16:07:06 +0800][INFO] 
[2015-06-17 16:07:06 +0800][INFO] 
[2015-06-17 16:07:06 +0800][INFO] 
[2015-06-17 16:07:07 +0800][INFO] 
[2015-06-17 16:08:09 +0800][INFO] 
[2015-06-17 16:08:27 +0800][INFO] 
[2015-06-17 16:08:29 +0800][INFO] 
[2015-06-17 16:10:07 +0800][INFO] 
[2015-06-17 16:10:09 +0800][INFO] 
[2015-06-17 16:10:10 +0800][INFO] 
[2015-06-17 16:10:10 +0800][INFO] 
[2015-06-17 16:10:11 +0800][INFO] 
[2015-06-17 16:10:11 +0800][INFO] 
[2015-06-17 16:10:12 +0800][INFO] 
[2015-06-17 16:10:12 +0800][INFO] 
[2015-06-17 16:10:13 +0800][INFO] 
[2015-06-17 16:10:13 +0800][INFO] 
[2015-06-17 16:10:14 +0800][INFO] 
[2015-06-17 16:10:14 +0800][INFO] 
[2015-06-17 16:10:15 +0800][INFO] 
[2015-06-17 16:10:15 +0800][INFO] 
[2015-06-17 16:10:16 +0800][INFO] 
[2015-06-17 16:10:16 +0800][INFO] 
[2015-06-17 16:10:16 +0800][INFO] 
[2015-06-17 16:10:16 +0800][INFO] 
[2015-06-17 16:10:17 +0800][INFO] 
[2015-06-17 16:10:17 +0800][INFO] 
[2015-06-17 16:10:17 +0800][INFO] 
[2015-06-17 16:10:17 +0800][INFO] 
[2015-06-17 16:10:18 +0800][INFO] 
[2015-06-17 16:10:18 +0800][INFO] 
[2015-06-17 16:10:18 +0800][INFO] 
[2015-06-17 16:10:18 +0800][INFO] 
[2015-06-17 16:10:18 +0800][INFO] 
[2015-06-17 16:10:19 +0800][INFO] 
[2015-06-17 16:10:19 +0800][INFO] 
[2015-06-17 16:10:19 +0800][INFO] 
[2015-06-17 16:10:19 +0800][INFO] 
[2015-06-17 16:10:20 +0800][INFO] 
[2015-06-17 16:10:20 +0800][INFO] 
[2015-06-17 16:10:20 +0800][INFO] 
[2015-06-17 16:10:20 +0800][INFO] 
[2015-06-17 16:10:20 +0800][INFO] 
[2015-06-17 16:10:21 +0800][INFO] 
[2015-06-17 16:10:21 +0800][INFO] 
[2015-06-17 16:10:21 +0800][INFO] 
[2015-06-17 16:10:21 +0800][INFO] 
[2015-06-17 16:10:21 +0800][INFO] 
[2015-06-17 16:10:21 +0800][INFO] 
[2015-06-17 16:10:21 +0800][INFO] 
[2015-06-17 16:10:22 +0800][INFO] 
[2015-06-17 16:10:22 +0800][INFO] 
[2015-06-17 16:10:22 +0800][INFO] 
[2015-06-17 16:10:22 +0800][INFO] 
[2015-06-17 16:10:22 +0800][INFO] 
[2015-06-17 16:10:22 +0800][INFO] 
[2015-06-17 16:10:22 +0800][INFO] 
[2015-06-17 16:10:23 +0800][INFO] 
[2015-06-17 16:10:23 +0800][INFO] 
[2015-06-17 16:10:23 +0800][INFO] 
[2015-06-17 16:10:23 +0800][INFO] 
[2015-06-17 16:14:51 +0800][INFO] 
[2015-06-17 16:15:18 +0800][INFO] 
[2015-06-17 16:15:22 +0800][INFO] 
[2015-06-17 16:16:38 +0800][INFO] 
[2015-06-17 16:16:42 +0800][INFO] 
[2015-06-17 16:16:59 +0800][INFO] 
[2015-06-17 16:17:02 +0800][INFO] 
[2015-06-17 16:18:42 +0800][INFO] 
[2015-06-17 16:19:05 +0800][INFO] 
[2015-06-17 16:19:08 +0800][INFO] 
[2015-06-17 16:19:17 +0800][INFO] 
[2015-06-17 16:19:18 +0800][INFO] 
[2015-06-17 16:19:19 +0800][INFO] 
[2015-06-17 16:19:19 +0800][INFO] 
[2015-06-17 16:19:20 +0800][INFO] 
[2015-06-17 16:19:20 +0800][INFO] 
[2015-06-17 16:19:21 +0800][INFO] 
[2015-06-17 16:19:21 +0800][INFO] 
[2015-06-17 16:19:21 +0800][INFO] 
[2015-06-17 16:19:22 +0800][INFO] 
[2015-06-17 16:19:22 +0800][INFO] 
[2015-06-17 16:19:22 +0800][INFO] 
[2015-06-17 16:19:22 +0800][INFO] 
[2015-06-17 16:19:23 +0800][INFO] 
[2015-06-17 16:19:23 +0800][INFO] 
[2015-06-17 16:19:23 +0800][INFO] 
[2015-06-17 16:19:23 +0800][INFO] 
[2015-06-17 16:19:24 +0800][INFO] 
[2015-06-17 16:19:24 +0800][INFO] 
[2015-06-17 16:19:24 +0800][INFO] 
[2015-06-17 16:20:10 +0800][INFO] 
[2015-06-17 16:20:10 +0800][INFO] 
[2015-06-17 16:20:11 +0800][INFO] 
[2015-06-17 16:20:11 +0800][INFO] 
[2015-06-17 16:20:11 +0800][INFO] 
[2015-06-17 16:20:11 +0800][INFO] 
[2015-06-17 16:20:11 +0800][INFO] 
[2015-06-17 16:20:11 +0800][INFO] 
[2015-06-17 16:20:11 +0800][INFO] 
[2015-06-17 16:20:26 +0800][INFO] 
[2015-06-17 16:20:26 +0800][INFO] 
[2015-06-17 16:20:27 +0800][INFO] 
[2015-06-17 16:20:27 +0800][INFO] 
[2015-06-17 16:30:38 +0800][INFO] 
[2015-06-17 16:32:48 +0800][INFO] 
[2015-06-17 16:32:49 +0800][INFO] 
[2015-06-17 16:32:50 +0800][INFO] 
[2015-06-17 16:32:51 +0800][INFO] 
[2015-06-17 16:32:51 +0800][INFO] 
[2015-06-17 16:32:52 +0800][INFO] 
[2015-06-17 16:32:52 +0800][INFO] 
[2015-06-17 16:32:52 +0800][INFO] 
[2015-06-17 16:32:53 +0800][INFO] 
[2015-06-17 16:32:53 +0800][INFO] 
[2015-06-17 16:32:53 +0800][INFO] 
[2015-06-17 16:32:53 +0800][INFO] 
[2015-06-17 16:32:53 +0800][INFO] 
[2015-06-17 16:32:54 +0800][INFO] 
[2015-06-17 16:32:54 +0800][INFO] 
[2015-06-17 16:32:54 +0800][INFO] 
[2015-06-17 16:32:54 +0800][INFO] 
[2015-06-17 16:32:54 +0800][INFO] 
[2015-06-17 16:32:54 +0800][INFO] 
[2015-06-17 16:32:54 +0800][INFO] 
[2015-06-17 16:32:55 +0800][INFO] 
[2015-06-17 16:32:55 +0800][INFO] 
[2015-06-17 16:32:55 +0800][INFO] 
[2015-06-17 16:32:55 +0800][INFO] 
[2015-06-17 16:32:55 +0800][INFO] 
[2015-06-17 16:32:55 +0800][INFO] 
[2015-06-17 16:32:55 +0800][INFO] 
[2015-06-17 16:32:55 +0800][INFO] 
[2015-06-17 16:32:56 +0800][INFO] 
[2015-06-17 16:32:56 +0800][INFO] 
[2015-06-17 16:32:56 +0800][INFO] 
[2015-06-17 16:32:56 +0800][INFO] 
[2015-06-17 16:32:56 +0800][INFO] 
[2015-06-17 16:32:56 +0800][INFO] 
[2015-06-17 16:32:56 +0800][INFO] 
[2015-06-17 16:32:56 +0800][INFO] 
[2015-06-17 16:32:56 +0800][INFO] 
[2015-06-17 16:32:57 +0800][INFO] 
[2015-06-17 16:32:57 +0800][INFO] 
[2015-06-17 16:32:57 +0800][INFO] 
[2015-06-17 16:32:57 +0800][INFO] 
[2015-06-17 16:33:46 +0800][INFO] 
[2015-06-17 16:33:47 +0800][INFO] 
[2015-06-17 16:33:47 +0800][INFO] 
[2015-06-17 16:33:47 +0800][INFO] 
[2015-06-17 16:33:48 +0800][INFO] 
[2015-06-17 16:33:48 +0800][INFO] 
[2015-06-17 16:33:48 +0800][INFO] 
[2015-06-17 16:33:49 +0800][INFO] 
[2015-06-17 16:33:49 +0800][INFO] 
[2015-06-17 16:33:49 +0800][INFO] 
[2015-06-17 16:33:49 +0800][INFO] 
[2015-06-17 16:33:49 +0800][INFO] 
[2015-06-17 16:36:10 +0800][INFO] 
[2015-06-17 16:36:11 +0800][INFO] 
[2015-06-17 16:36:12 +0800][INFO] 
[2015-06-17 16:36:12 +0800][INFO] 
[2015-06-17 16:36:12 +0800][INFO] 
[2015-06-17 16:36:13 +0800][INFO] 
[2015-06-17 16:36:13 +0800][INFO] 
[2015-06-17 16:36:13 +0800][INFO] 
[2015-06-17 16:36:13 +0800][INFO] 
[2015-06-17 16:36:14 +0800][INFO] 
[2015-06-17 16:36:14 +0800][INFO] 
[2015-06-17 16:36:14 +0800][INFO] 
[2015-06-17 16:36:14 +0800][INFO] 
[2015-06-17 16:36:15 +0800][INFO] 
[2015-06-17 16:36:15 +0800][INFO] 
[2015-06-17 16:36:15 +0800][INFO] 
[2015-06-17 16:36:15 +0800][INFO] 
[2015-06-17 16:36:15 +0800][INFO] 
[2015-06-17 16:36:16 +0800][INFO] 
[2015-06-17 16:36:16 +0800][INFO] 
[2015-06-17 16:36:16 +0800][INFO] 
[2015-06-17 16:36:18 +0800][INFO] 
[2015-06-17 16:36:19 +0800][INFO] 
[2015-06-17 16:36:19 +0800][INFO] 
[2015-06-17 16:36:19 +0800][INFO] 
[2015-06-17 16:36:20 +0800][INFO] 
[2015-06-17 16:36:20 +0800][INFO] 
[2015-06-17 16:36:20 +0800][INFO] 
[2015-06-17 16:36:20 +0800][INFO] 
[2015-06-17 16:36:39 +0800][INFO] 
[2015-06-17 16:36:40 +0800][INFO] 
[2015-06-17 16:36:40 +0800][INFO] 
[2015-06-17 16:36:40 +0800][INFO] 
[2015-06-17 16:36:41 +0800][INFO] 
[2015-06-17 16:36:41 +0800][INFO] 
[2015-06-17 16:36:41 +0800][INFO] 
[2015-06-17 16:36:41 +0800][INFO] 
[2015-06-17 16:36:41 +0800][INFO] 
[2015-06-17 16:36:42 +0800][INFO] 
[2015-06-17 16:36:42 +0800][INFO] 
[2015-06-17 16:36:42 +0800][INFO] 
[2015-06-17 16:36:42 +0800][INFO] 
[2015-06-17 16:36:42 +0800][INFO] 
[2015-06-17 16:36:43 +0800][INFO] 
[2015-06-17 16:36:43 +0800][INFO] 
[2015-06-17 16:36:43 +0800][INFO] 
[2015-06-17 16:36:43 +0800][INFO] 
[2015-06-17 16:36:43 +0800][INFO] 
[2015-06-17 16:36:43 +0800][INFO] 
[2015-06-17 16:36:43 +0800][INFO] 
[2015-06-17 16:36:43 +0800][INFO] 
[2015-06-17 16:36:43 +0800][INFO] 
[2015-06-17 16:36:43 +0800][INFO] 
[2015-06-17 16:36:43 +0800][INFO] 
[2015-06-17 16:36:43 +0800][INFO] 
[2015-06-17 16:36:43 +0800][INFO] 
[2015-06-17 16:36:43 +0800][INFO] 
[2015-06-17 16:36:43 +0800][INFO] 
[2015-06-17 16:36:43 +0800][INFO] 
[2015-06-17 16:36:43 +0800][INFO] 
[2015-06-17 16:36:43 +0800][INFO] 
[2015-06-17 16:36:43 +0800][INFO] 
[2015-06-17 16:36:43 +0800][INFO] 
[2015-06-17 16:36:44 +0800][INFO] 
[2015-06-17 16:36:44 +0800][INFO] 
[2015-06-17 16:36:44 +0800][INFO] 
[2015-06-17 16:36:44 +0800][INFO] 
[2015-06-17 16:36:45 +0800][INFO] 
[2015-06-17 16:37:00 +0800][INFO] 
[2015-06-17 16:37:01 +0800][INFO] 
[2015-06-17 16:37:01 +0800][INFO] 
[2015-06-17 16:37:01 +0800][INFO] 
[2015-06-17 16:37:01 +0800][INFO] 
[2015-06-17 16:37:02 +0800][INFO] 
[2015-06-17 16:37:02 +0800][INFO] 
[2015-06-17 16:37:02 +0800][INFO] 
[2015-06-17 16:37:02 +0800][INFO] 
[2015-06-17 16:37:03 +0800][INFO] 
[2015-06-17 16:37:03 +0800][INFO] 
[2015-06-17 16:37:03 +0800][INFO] 
[2015-06-17 16:37:03 +0800][INFO] 
[2015-06-17 16:37:04 +0800][INFO] 
[2015-06-17 16:48:42 +0800][INFO] 
[2015-06-17 16:48:43 +0800][INFO] 
[2015-06-17 16:48:43 +0800][INFO] 
[2015-06-17 16:48:43 +0800][INFO] 
[2015-06-17 16:48:43 +0800][INFO] 
[2015-06-17 16:48:43 +0800][INFO] 
[2015-06-17 18:19:39 +0800][INFO] 
[2015-06-17 18:19:41 +0800][INFO] 
[2015-06-17 18:19:42 +0800][INFO] 
[2015-06-17 18:19:44 +0800][INFO] 
[2015-06-17 19:48:52 +0800][INFO] 
[2015-06-17 19:48:52 +0800][INFO] 
[2015-06-17 19:48:52 +0800][INFO] 
[2015-06-17 19:48:52 +0800][INFO] 
[2015-06-17 19:48:52 +0800][INFO] 
[2015-06-17 19:48:52 +0800][INFO] 
[2015-06-17 19:48:52 +0800][INFO] 
[2015-06-17 19:48:52 +0800][INFO] 
[2015-06-17 19:48:57 +0800][INFO] 
[2015-06-17 19:49:15 +0800][INFO] 
[2015-06-17 19:49:16 +0800][INFO] 
[2015-06-17 19:49:28 +0800][INFO] 
[2015-06-17 19:49:29 +0800][INFO] 
[2015-06-17 19:49:50 +0800][INFO] 
[2015-06-17 19:50:25 +0800][INFO] 
[2015-06-17 19:51:10 +0800][INFO] 
[2015-06-17 19:51:24 +0800][INFO] 
[2015-06-17 19:51:32 +0800][INFO] 
[2015-06-17 19:51:33 +0800][INFO] 
[2015-06-17 19:51:34 +0800][INFO] 
[2015-06-17 19:51:36 +0800][INFO] 
[2015-06-17 19:51:36 +0800][INFO] 
[2015-06-17 19:51:49 +0800][INFO] 
[2015-06-17 19:51:57 +0800][INFO] 
[2015-06-17 19:51:58 +0800][INFO] 
[2015-06-17 19:54:50 +0800][INFO] 
[2015-06-17 19:59:28 +0800][INFO] 
[2015-06-17 19:59:29 +0800][INFO] 
[2015-06-17 19:59:30 +0800][INFO] 
[2015-06-17 19:59:48 +0800][INFO] 
[2015-06-17 19:59:57 +0800][INFO] 
[2015-06-17 19:59:58 +0800][INFO] 
[2015-06-17 19:59:58 +0800][INFO] 
[2015-06-17 19:59:59 +0800][INFO] 
[2015-06-17 19:59:59 +0800][INFO] 
[2015-06-17 19:59:59 +0800][INFO] 
[2015-06-17 19:59:59 +0800][INFO] 
[2015-06-17 20:00:00 +0800][INFO] 
[2015-06-17 20:00:00 +0800][INFO] 
[2015-06-17 20:00:07 +0800][INFO] 
[2015-06-17 20:01:55 +0800][INFO] 
[2015-06-17 20:01:55 +0800][INFO] 
[2015-06-17 20:01:56 +0800][INFO] 
[2015-06-17 20:01:56 +0800][INFO] 
[2015-06-17 20:01:56 +0800][INFO] 
[2015-06-17 20:01:56 +0800][INFO] 
[2015-06-17 20:01:57 +0800][INFO] 
[2015-06-17 20:01:57 +0800][INFO] 
[2015-06-17 20:02:16 +0800][INFO] 
[2015-06-17 20:02:17 +0800][INFO] 
[2015-06-17 20:02:17 +0800][INFO] 
[2015-06-17 20:02:17 +0800][INFO] 
[2015-06-17 20:02:17 +0800][INFO] 
[2015-06-17 20:02:17 +0800][INFO] 
[2015-06-17 20:02:17 +0800][INFO] 
[2015-06-17 20:02:17 +0800][INFO] 
[2015-06-17 20:02:17 +0800][INFO] 
[2015-06-17 20:02:18 +0800][INFO] 
[2015-06-17 20:02:18 +0800][INFO] 
[2015-06-17 20:02:18 +0800][INFO] 
[2015-06-17 20:02:18 +0800][INFO] 
[2015-06-17 20:02:18 +0800][INFO] 
[2015-06-17 20:02:18 +0800][INFO] 
[2015-06-17 20:02:50 +0800][INFO] 
[2015-06-17 20:03:11 +0800][INFO] 
[2015-06-17 20:03:12 +0800][INFO] 
[2015-06-17 20:03:12 +0800][INFO] 
[2015-06-17 20:03:12 +0800][INFO] 
[2015-06-17 20:04:10 +0800][INFO] 
[2015-06-17 20:04:10 +0800][INFO] 
[2015-06-17 20:04:11 +0800][INFO] 
[2015-06-17 20:04:11 +0800][INFO] 
[2015-06-17 20:04:11 +0800][INFO] 
[2015-06-17 20:04:11 +0800][INFO] 
[2015-06-17 20:04:11 +0800][INFO] 
[2015-06-17 20:04:11 +0800][INFO] 
[2015-06-17 20:04:11 +0800][INFO] 
[2015-06-17 20:04:12 +0800][INFO] 
[2015-06-17 20:04:12 +0800][INFO] 
[2015-06-17 20:04:12 +0800][INFO] 
[2015-06-17 20:04:12 +0800][INFO] 
[2015-06-17 20:04:12 +0800][INFO] 
[2015-06-17 20:04:13 +0800][INFO] 
[2015-06-17 20:04:13 +0800][INFO] 
[2015-06-17 20:06:07 +0800][INFO] 
[2015-06-17 20:06:53 +0800][INFO] 
[2015-06-17 20:07:01 +0800][INFO] 
[2015-06-17 20:07:02 +0800][INFO] 
[2015-06-17 20:07:02 +0800][INFO] 
[2015-06-17 20:07:03 +0800][INFO] 
[2015-06-17 20:07:03 +0800][INFO] 
[2015-06-17 20:07:03 +0800][INFO] 
[2015-06-17 20:07:04 +0800][INFO] 
[2015-06-17 20:07:04 +0800][INFO] 
[2015-06-17 20:07:04 +0800][INFO] 
[2015-06-17 20:07:04 +0800][INFO] 
[2015-06-17 20:07:05 +0800][INFO] 
[2015-06-17 20:07:15 +0800][INFO] 
[2015-06-17 20:07:16 +0800][INFO] 
[2015-06-17 20:07:16 +0800][INFO] 
[2015-06-17 20:07:16 +0800][INFO] 
[2015-06-17 20:07:20 +0800][INFO] 
[2015-06-17 20:07:20 +0800][INFO] 
[2015-06-17 20:07:24 +0800][INFO] 
[2015-06-17 20:07:25 +0800][INFO] 
[2015-06-17 20:07:25 +0800][INFO] 
[2015-06-17 20:08:02 +0800][INFO] 
[2015-06-17 20:08:03 +0800][INFO] 
[2015-06-17 20:08:03 +0800][INFO] 
[2015-06-17 20:08:03 +0800][INFO] 
[2015-06-17 20:08:03 +0800][INFO] 
[2015-06-17 20:08:04 +0800][INFO] 
[2015-06-17 20:08:04 +0800][INFO] 
[2015-06-17 20:08:04 +0800][INFO] 
[2015-06-17 20:08:04 +0800][INFO] 
[2015-06-17 20:08:05 +0800][INFO] 
[2015-06-17 20:08:05 +0800][INFO] 
[2015-06-17 20:08:05 +0800][INFO] 
[2015-06-17 20:08:05 +0800][INFO] 
[2015-06-17 20:08:06 +0800][INFO] 
[2015-06-17 20:08:12 +0800][INFO] 
[2015-06-17 20:08:13 +0800][INFO] 
[2015-06-17 20:08:13 +0800][INFO] 
[2015-06-17 20:08:13 +0800][INFO] 
[2015-06-17 20:08:13 +0800][INFO] 
[2015-06-17 20:08:14 +0800][INFO] 
[2015-06-17 20:09:32 +0800][INFO] 
[2015-06-17 20:10:16 +0800][INFO] 
[2015-06-17 20:10:24 +0800][INFO] 
[2015-06-17 20:10:24 +0800][INFO] 
[2015-06-17 20:10:25 +0800][INFO] 
[2015-06-17 20:10:25 +0800][INFO] 
[2015-06-17 20:10:25 +0800][INFO] 
[2015-06-17 20:10:56 +0800][INFO] 
[2015-06-17 20:11:34 +0800][INFO] 
[2015-06-17 20:14:46 +0800][INFO] 
[2015-06-17 20:14:46 +0800][INFO] SELECT IF(COUNT(*)>0, 1 , 0) FROM `INFORMATION_SCHEMA`.`TABLES` WHERE `TABLE_NAME` = 'wj_badword' AND `TABLE_SCHEMA` = DATABASE()
[2015-06-17 20:14:46 +0800][INFO] DESCRIBE `wj_badword`
[2015-06-17 20:14:46 +0800][INFO] SELECT `wj_badword`.`badid`, `wj_badword`.`badword`, `wj_badword`.`level`, `wj_badword`.`replaceword`, `wj_badword`.`lastusetime`, `wj_badword`.`listorder` FROM wj_badword WHERE 1 = 1 ORDER BY `wj_badword`.`badid` LIMIT 10
[2015-06-17 20:14:46 +0800][INFO] SELECT IF(COUNT(*)>0, 1 , 0) FROM `INFORMATION_SCHEMA`.`TABLES` WHERE `TABLE_NAME` = 'wj_news' AND `TABLE_SCHEMA` = DATABASE()
[2015-06-17 20:14:46 +0800][INFO] DESCRIBE `wj_news`
[2015-06-17 20:14:46 +0800][INFO] SELECT `wj_news`.`id` AS `id`, `wj_news`.`title` AS `title`, `wj_news`.`thumb` AS `thumb` FROM wj_news WHERE `wj_news`.`id` = 14 ORDER BY `wj_news`.`id` LIMIT 1
[2015-06-17 20:14:46 +0800][INFO] 
[2015-06-17 20:14:46 +0800][INFO] 
[2015-06-17 20:14:46 +0800][INFO] SELECT COUNT(*) AS `total` FROM wj_comment_data_1 WHERE 1 = 1 LIMIT 1
[2015-06-17 20:14:46 +0800][INFO] SELECT IF(COUNT(*)>0, 1 , 0) FROM `INFORMATION_SCHEMA`.`TABLES` WHERE `TABLE_NAME` = 'wj_comment_data_1' AND `TABLE_SCHEMA` = DATABASE()
[2015-06-17 20:14:46 +0800][INFO] DESCRIBE `wj_comment_data_1`
[2015-06-17 20:14:46 +0800][INFO] SELECT `wj_comment_data_1`.`username` AS `username`, `wj_comment_data_1`.`creat_at` AS `creat_at`, `wj_comment_data_1`.`ip` AS `ip`, `wj_comment_data_1`.`status` AS `status`, `wj_comment_data_1`.`content` AS `content` FROM wj_comment_data_1 WHERE 1 = 1 ORDER BY `wj_comment_data_1`.`id` LIMIT 10
[2015-06-17 20:14:46 +0800][INFO] SELECT `wj_comment_data_1`.`username` AS `username`, `wj_comment_data_1`.`creat_at` AS `creat_at`, `wj_comment_data_1`.`ip` AS `ip`, `wj_comment_data_1`.`status` AS `status`, `wj_comment_data_1`.`content` AS `content` FROM wj_comment_data_1 WHERE 1 = 1 ORDER BY `wj_comment_data_1`.`id` LIMIT 10
[2015-06-17 20:14:46 +0800][INFO] SELECT COUNT(*) AS `rowcount` FROM wj_comment_data_1 WHERE 1 = 1 LIMIT 10
[2015-06-17 20:14:51 +0800][INFO] 
[2015-06-17 20:14:51 +0800][INFO] SELECT COUNT(*) AS `total` FROM wj_comment_data_1 WHERE 1 = 1 LIMIT 1
[2015-06-17 20:14:51 +0800][INFO] SELECT IF(COUNT(*)>0, 1 , 0) FROM `INFORMATION_SCHEMA`.`TABLES` WHERE `TABLE_NAME` = 'wj_comment_data_1' AND `TABLE_SCHEMA` = DATABASE()
[2015-06-17 20:14:51 +0800][INFO] DESCRIBE `wj_comment_data_1`
[2015-06-17 20:14:51 +0800][INFO] SELECT `wj_comment_data_1`.`username` AS `username`, `wj_comment_data_1`.`creat_at` AS `creat_at`, `wj_comment_data_1`.`ip` AS `ip`, `wj_comment_data_1`.`status` AS `status`, `wj_comment_data_1`.`content` AS `content` FROM wj_comment_data_1 WHERE 1 = 1 ORDER BY `wj_comment_data_1`.`id` LIMIT 10
[2015-06-17 20:14:51 +0800][INFO] SELECT `wj_comment_data_1`.`username` AS `username`, `wj_comment_data_1`.`creat_at` AS `creat_at`, `wj_comment_data_1`.`ip` AS `ip`, `wj_comment_data_1`.`status` AS `status`, `wj_comment_data_1`.`content` AS `content` FROM wj_comment_data_1 WHERE 1 = 1 ORDER BY `wj_comment_data_1`.`id` LIMIT 10
[2015-06-17 20:14:51 +0800][INFO] SELECT COUNT(*) AS `rowcount` FROM wj_comment_data_1 WHERE 1 = 1 LIMIT 10
[2015-06-17 20:14:51 +0800][INFO] SELECT IF(COUNT(*)>0, 1 , 0) FROM `INFORMATION_SCHEMA`.`TABLES` WHERE `TABLE_NAME` = 'wj_news' AND `TABLE_SCHEMA` = DATABASE()
[2015-06-17 20:14:51 +0800][INFO] DESCRIBE `wj_news`
[2015-06-17 20:14:51 +0800][INFO] SELECT `wj_news`.`id` AS `id`, `wj_news`.`title` AS `title`, `wj_news`.`thumb` AS `thumb` FROM wj_news WHERE `wj_news`.`id` = 15 ORDER BY `wj_news`.`id` LIMIT 1
[2015-06-17 20:14:51 +0800][INFO] 
[2015-06-17 20:14:51 +0800][INFO] 
[2015-06-17 20:14:51 +0800][INFO] SELECT COUNT(*) AS `total` FROM wj_comment_data_1 WHERE 1 = 1 LIMIT 1
[2015-06-17 20:14:51 +0800][INFO] SELECT IF(COUNT(*)>0, 1 , 0) FROM `INFORMATION_SCHEMA`.`TABLES` WHERE `TABLE_NAME` = 'wj_comment_data_1' AND `TABLE_SCHEMA` = DATABASE()
[2015-06-17 20:14:51 +0800][INFO] DESCRIBE `wj_comment_data_1`
[2015-06-17 20:14:51 +0800][INFO] SELECT `wj_comment_data_1`.`username` AS `username`, `wj_comment_data_1`.`creat_at` AS `creat_at`, `wj_comment_data_1`.`ip` AS `ip`, `wj_comment_data_1`.`status` AS `status`, `wj_comment_data_1`.`content` AS `content` FROM wj_comment_data_1 WHERE 1 = 1 ORDER BY `wj_comment_data_1`.`id` LIMIT 10
[2015-06-17 20:14:51 +0800][INFO] SELECT `wj_comment_data_1`.`username` AS `username`, `wj_comment_data_1`.`creat_at` AS `creat_at`, `wj_comment_data_1`.`ip` AS `ip`, `wj_comment_data_1`.`status` AS `status`, `wj_comment_data_1`.`content` AS `content` FROM wj_comment_data_1 WHERE 1 = 1 ORDER BY `wj_comment_data_1`.`id` LIMIT 10
[2015-06-17 20:14:51 +0800][INFO] SELECT COUNT(*) AS `rowcount` FROM wj_comment_data_1 WHERE 1 = 1 LIMIT 10
[2015-06-17 20:15:20 +0800][INFO] 
[2015-06-17 20:15:20 +0800][INFO] SELECT IF(COUNT(*)>0, 1 , 0) FROM `INFORMATION_SCHEMA`.`TABLES` WHERE `TABLE_NAME` = 'wj_badword' AND `TABLE_SCHEMA` = DATABASE()
[2015-06-17 20:15:20 +0800][INFO] DESCRIBE `wj_badword`
[2015-06-17 20:15:20 +0800][INFO] SELECT `wj_badword`.`badid`, `wj_badword`.`badword`, `wj_badword`.`level`, `wj_badword`.`replaceword`, `wj_badword`.`lastusetime`, `wj_badword`.`listorder` FROM wj_badword WHERE 1 = 1 ORDER BY `wj_badword`.`badid` LIMIT 10
[2015-06-17 20:15:28 +0800][INFO] 
[2015-06-17 20:15:41 +0800][INFO] 
[2015-06-17 20:15:51 +0800][INFO] SELECT IF(COUNT(*)>0, 1 , 0) FROM `INFORMATION_SCHEMA`.`TABLES` WHERE `TABLE_NAME` = 'wj_badword' AND `TABLE_SCHEMA` = DATABASE()
[2015-06-17 20:15:51 +0800][INFO] DESCRIBE `wj_badword`
[2015-06-17 20:15:51 +0800][INFO] SELECT `wj_badword`.`badid`, `wj_badword`.`badword`, `wj_badword`.`level`, `wj_badword`.`replaceword`, `wj_badword`.`lastusetime`, `wj_badword`.`listorder` FROM wj_badword WHERE 1 = 1 ORDER BY `wj_badword`.`badid` LIMIT 10
[2015-06-17 20:17:51 +0800][INFO] 
[2015-06-17 20:17:51 +0800][INFO] SELECT COUNT(*) AS `total` FROM wj_comment_data_1 WHERE 1 = 1 LIMIT 1
[2015-06-17 20:17:51 +0800][INFO] SELECT IF(COUNT(*)>0, 1 , 0) FROM `INFORMATION_SCHEMA`.`TABLES` WHERE `TABLE_NAME` = 'wj_comment_data_1' AND `TABLE_SCHEMA` = DATABASE()
[2015-06-17 20:17:51 +0800][INFO] DESCRIBE `wj_comment_data_1`
[2015-06-17 20:17:51 +0800][INFO] SELECT `wj_comment_data_1`.`username` AS `username`, `wj_comment_data_1`.`creat_at` AS `creat_at`, `wj_comment_data_1`.`ip` AS `ip`, `wj_comment_data_1`.`status` AS `status`, `wj_comment_data_1`.`content` AS `content` FROM wj_comment_data_1 WHERE 1 = 1 ORDER BY `wj_comment_data_1`.`id` LIMIT 10
[2015-06-17 20:17:51 +0800][INFO] SELECT `wj_comment_data_1`.`username` AS `username`, `wj_comment_data_1`.`creat_at` AS `creat_at`, `wj_comment_data_1`.`ip` AS `ip`, `wj_comment_data_1`.`status` AS `status`, `wj_comment_data_1`.`content` AS `content` FROM wj_comment_data_1 WHERE 1 = 1 ORDER BY `wj_comment_data_1`.`id` LIMIT 10
[2015-06-17 20:17:51 +0800][INFO] SELECT COUNT(*) AS `rowcount` FROM wj_comment_data_1 WHERE 1 = 1 LIMIT 10
[2015-06-17 20:17:51 +0800][INFO] SELECT IF(COUNT(*)>0, 1 , 0) FROM `INFORMATION_SCHEMA`.`TABLES` WHERE `TABLE_NAME` = 'wj_news' AND `TABLE_SCHEMA` = DATABASE()
[2015-06-17 20:17:51 +0800][INFO] DESCRIBE `wj_news`
[2015-06-17 20:17:51 +0800][INFO] SELECT `wj_news`.`id` AS `id`, `wj_news`.`title` AS `title`, `wj_news`.`thumb` AS `thumb` FROM wj_news WHERE `wj_news`.`id` = 3 ORDER BY `wj_news`.`id` LIMIT 1
[2015-06-17 20:17:51 +0800][INFO] 
[2015-06-17 20:17:51 +0800][INFO] 
[2015-06-17 20:17:51 +0800][INFO] SELECT COUNT(*) AS `total` FROM wj_comment_data_1 WHERE 1 = 1 LIMIT 1
[2015-06-17 20:17:51 +0800][INFO] SELECT IF(COUNT(*)>0, 1 , 0) FROM `INFORMATION_SCHEMA`.`TABLES` WHERE `TABLE_NAME` = 'wj_comment_data_1' AND `TABLE_SCHEMA` = DATABASE()
[2015-06-17 20:17:51 +0800][INFO] DESCRIBE `wj_comment_data_1`
[2015-06-17 20:17:51 +0800][INFO] SELECT `wj_comment_data_1`.`username` AS `username`, `wj_comment_data_1`.`creat_at` AS `creat_at`, `wj_comment_data_1`.`ip` AS `ip`, `wj_comment_data_1`.`status` AS `status`, `wj_comment_data_1`.`content` AS `content` FROM wj_comment_data_1 WHERE 1 = 1 ORDER BY `wj_comment_data_1`.`id` LIMIT 10
[2015-06-17 20:17:51 +0800][INFO] SELECT `wj_comment_data_1`.`username` AS `username`, `wj_comment_data_1`.`creat_at` AS `creat_at`, `wj_comment_data_1`.`ip` AS `ip`, `wj_comment_data_1`.`status` AS `status`, `wj_comment_data_1`.`content` AS `content` FROM wj_comment_data_1 WHERE 1 = 1 ORDER BY `wj_comment_data_1`.`id` LIMIT 10
[2015-06-17 20:17:51 +0800][INFO] SELECT COUNT(*) AS `rowcount` FROM wj_comment_data_1 WHERE 1 = 1 LIMIT 10
[2015-06-17 20:17:54 +0800][INFO] 
[2015-06-17 20:17:54 +0800][INFO] SELECT IF(COUNT(*)>0, 1 , 0) FROM `INFORMATION_SCHEMA`.`TABLES` WHERE `TABLE_NAME` = 'wj_badword' AND `TABLE_SCHEMA` = DATABASE()
[2015-06-17 20:17:54 +0800][INFO] DESCRIBE `wj_badword`
[2015-06-17 20:17:54 +0800][INFO] SELECT `wj_badword`.`badid`, `wj_badword`.`badword`, `wj_badword`.`level`, `wj_badword`.`replaceword`, `wj_badword`.`lastusetime`, `wj_badword`.`listorder` FROM wj_badword WHERE 1 = 1 ORDER BY `wj_badword`.`badid` LIMIT 10
[2015-06-17 20:18:00 +0800][INFO] 
[2015-06-17 20:18:24 +0800][INFO] SELECT COUNT(*) AS `total` FROM wj_comment_data_1 WHERE 1 = 1 LIMIT 1
[2015-06-17 20:18:24 +0800][INFO] SELECT IF(COUNT(*)>0, 1 , 0) FROM `INFORMATION_SCHEMA`.`TABLES` WHERE `TABLE_NAME` = 'wj_comment_data_1' AND `TABLE_SCHEMA` = DATABASE()
[2015-06-17 20:18:24 +0800][INFO] DESCRIBE `wj_comment_data_1`
[2015-06-17 20:18:24 +0800][INFO] SELECT `wj_comment_data_1`.`username` AS `username`, `wj_comment_data_1`.`creat_at` AS `creat_at`, `wj_comment_data_1`.`ip` AS `ip`, `wj_comment_data_1`.`status` AS `status`, `wj_comment_data_1`.`content` AS `content` FROM wj_comment_data_1 WHERE 1 = 1 ORDER BY `wj_comment_data_1`.`id` LIMIT 10
[2015-06-17 20:18:24 +0800][INFO] SELECT `wj_comment_data_1`.`username` AS `username`, `wj_comment_data_1`.`creat_at` AS `creat_at`, `wj_comment_data_1`.`ip` AS `ip`, `wj_comment_data_1`.`status` AS `status`, `wj_comment_data_1`.`content` AS `content` FROM wj_comment_data_1 WHERE 1 = 1 ORDER BY `wj_comment_data_1`.`id` LIMIT 10
[2015-06-17 20:18:24 +0800][INFO] SELECT COUNT(*) AS `rowcount` FROM wj_comment_data_1 WHERE 1 = 1 LIMIT 10
[2015-06-17 20:18:24 +0800][INFO] SELECT IF(COUNT(*)>0, 1 , 0) FROM `INFORMATION_SCHEMA`.`TABLES` WHERE `TABLE_NAME` = 'wj_news' AND `TABLE_SCHEMA` = DATABASE()
[2015-06-17 20:18:24 +0800][INFO] DESCRIBE `wj_news`
[2015-06-17 20:18:24 +0800][INFO] SELECT `wj_news`.`id` AS `id`, `wj_news`.`title` AS `title`, `wj_news`.`thumb` AS `thumb` FROM wj_news WHERE `wj_news`.`id` = 6 ORDER BY `wj_news`.`id` LIMIT 1
[2015-06-17 20:18:24 +0800][INFO] 
[2015-06-17 20:18:24 +0800][INFO] SELECT COUNT(*) AS `total` FROM wj_comment_data_1 WHERE 1 = 1 LIMIT 1
[2015-06-17 20:18:24 +0800][INFO] SELECT IF(COUNT(*)>0, 1 , 0) FROM `INFORMATION_SCHEMA`.`TABLES` WHERE `TABLE_NAME` = 'wj_comment_data_1' AND `TABLE_SCHEMA` = DATABASE()
[2015-06-17 20:18:24 +0800][INFO] DESCRIBE `wj_comment_data_1`
[2015-06-17 20:18:24 +0800][INFO] 
[2015-06-17 20:18:24 +0800][INFO] SELECT `wj_comment_data_1`.`username` AS `username`, `wj_comment_data_1`.`creat_at` AS `creat_at`, `wj_comment_data_1`.`ip` AS `ip`, `wj_comment_data_1`.`status` AS `status`, `wj_comment_data_1`.`content` AS `content` FROM wj_comment_data_1 WHERE 1 = 1 ORDER BY `wj_comment_data_1`.`id` LIMIT 10
[2015-06-17 20:18:24 +0800][INFO] SELECT `wj_comment_data_1`.`username` AS `username`, `wj_comment_data_1`.`creat_at` AS `creat_at`, `wj_comment_data_1`.`ip` AS `ip`, `wj_comment_data_1`.`status` AS `status`, `wj_comment_data_1`.`content` AS `content` FROM wj_comment_data_1 WHERE 1 = 1 ORDER BY `wj_comment_data_1`.`id` LIMIT 10
[2015-06-17 20:18:24 +0800][INFO] SELECT COUNT(*) AS `rowcount` FROM wj_comment_data_1 WHERE 1 = 1 LIMIT 10
[2015-06-17 20:18:37 +0800][INFO] 
[2015-06-17 20:18:37 +0800][INFO] SELECT IF(COUNT(*)>0, 1 , 0) FROM `INFORMATION_SCHEMA`.`TABLES` WHERE `TABLE_NAME` = 'wj_badword' AND `TABLE_SCHEMA` = DATABASE()
[2015-06-17 20:18:37 +0800][INFO] DESCRIBE `wj_badword`
[2015-06-17 20:18:37 +0800][INFO] SELECT `wj_badword`.`badid`, `wj_badword`.`badword`, `wj_badword`.`level`, `wj_badword`.`replaceword`, `wj_badword`.`lastusetime`, `wj_badword`.`listorder` FROM wj_badword WHERE 1 = 1 ORDER BY `wj_badword`.`badid` LIMIT 10
[2015-06-17 20:19:28 +0800][INFO] 
[2015-06-17 20:19:28 +0800][INFO] SELECT IF(COUNT(*)>0, 1 , 0) FROM `INFORMATION_SCHEMA`.`TABLES` WHERE `TABLE_NAME` = 'wj_badword' AND `TABLE_SCHEMA` = DATABASE()
[2015-06-17 20:19:28 +0800][INFO] DESCRIBE `wj_badword`
[2015-06-17 20:19:28 +0800][INFO] SELECT `wj_badword`.`badid`, `wj_badword`.`badword`, `wj_badword`.`level`, `wj_badword`.`replaceword`, `wj_badword`.`lastusetime`, `wj_badword`.`listorder` FROM wj_badword WHERE 1 = 1 ORDER BY `wj_badword`.`badid` LIMIT 10
[2015-06-17 20:19:44 +0800][INFO] 
[2015-06-17 20:19:44 +0800][INFO] SELECT COUNT(*) AS `total` FROM wj_comment_data_1 WHERE 1 = 1 LIMIT 1
[2015-06-17 20:19:44 +0800][INFO] SELECT IF(COUNT(*)>0, 1 , 0) FROM `INFORMATION_SCHEMA`.`TABLES` WHERE `TABLE_NAME` = 'wj_comment_data_1' AND `TABLE_SCHEMA` = DATABASE()
[2015-06-17 20:19:44 +0800][INFO] DESCRIBE `wj_comment_data_1`
[2015-06-17 20:19:44 +0800][INFO] SELECT `wj_comment_data_1`.`username` AS `username`, `wj_comment_data_1`.`creat_at` AS `creat_at`, `wj_comment_data_1`.`ip` AS `ip`, `wj_comment_data_1`.`status` AS `status`, `wj_comment_data_1`.`content` AS `content` FROM wj_comment_data_1 WHERE 1 = 1 ORDER BY `wj_comment_data_1`.`id` LIMIT 10
[2015-06-17 20:19:44 +0800][INFO] SELECT `wj_comment_data_1`.`username` AS `username`, `wj_comment_data_1`.`creat_at` AS `creat_at`, `wj_comment_data_1`.`ip` AS `ip`, `wj_comment_data_1`.`status` AS `status`, `wj_comment_data_1`.`content` AS `content` FROM wj_comment_data_1 WHERE 1 = 1 ORDER BY `wj_comment_data_1`.`id` LIMIT 10
[2015-06-17 20:19:44 +0800][INFO] SELECT COUNT(*) AS `rowcount` FROM wj_comment_data_1 WHERE 1 = 1 LIMIT 10
[2015-06-17 20:19:44 +0800][INFO] SELECT IF(COUNT(*)>0, 1 , 0) FROM `INFORMATION_SCHEMA`.`TABLES` WHERE `TABLE_NAME` = 'wj_news' AND `TABLE_SCHEMA` = DATABASE()
[2015-06-17 20:19:44 +0800][INFO] DESCRIBE `wj_news`
[2015-06-17 20:19:44 +0800][INFO] SELECT `wj_news`.`id` AS `id`, `wj_news`.`title` AS `title`, `wj_news`.`thumb` AS `thumb` FROM wj_news WHERE `wj_news`.`id` = 11 ORDER BY `wj_news`.`id` LIMIT 1
[2015-06-17 20:19:44 +0800][INFO] 
[2015-06-17 20:19:44 +0800][INFO] 
[2015-06-17 20:19:44 +0800][INFO] SELECT COUNT(*) AS `total` FROM wj_comment_data_1 WHERE 1 = 1 LIMIT 1
[2015-06-17 20:19:44 +0800][INFO] SELECT IF(COUNT(*)>0, 1 , 0) FROM `INFORMATION_SCHEMA`.`TABLES` WHERE `TABLE_NAME` = 'wj_comment_data_1' AND `TABLE_SCHEMA` = DATABASE()
[2015-06-17 20:19:44 +0800][INFO] DESCRIBE `wj_comment_data_1`
[2015-06-17 20:19:44 +0800][INFO] SELECT `wj_comment_data_1`.`username` AS `username`, `wj_comment_data_1`.`creat_at` AS `creat_at`, `wj_comment_data_1`.`ip` AS `ip`, `wj_comment_data_1`.`status` AS `status`, `wj_comment_data_1`.`content` AS `content` FROM wj_comment_data_1 WHERE 1 = 1 ORDER BY `wj_comment_data_1`.`id` LIMIT 10
[2015-06-17 20:19:44 +0800][INFO] SELECT `wj_comment_data_1`.`username` AS `username`, `wj_comment_data_1`.`creat_at` AS `creat_at`, `wj_comment_data_1`.`ip` AS `ip`, `wj_comment_data_1`.`status` AS `status`, `wj_comment_data_1`.`content` AS `content` FROM wj_comment_data_1 WHERE 1 = 1 ORDER BY `wj_comment_data_1`.`id` LIMIT 10
[2015-06-17 20:19:44 +0800][INFO] SELECT COUNT(*) AS `rowcount` FROM wj_comment_data_1 WHERE 1 = 1 LIMIT 10
[2015-06-17 20:19:47 +0800][INFO] 
[2015-06-17 20:19:47 +0800][INFO] SELECT IF(COUNT(*)>0, 1 , 0) FROM `INFORMATION_SCHEMA`.`TABLES` WHERE `TABLE_NAME` = 'wj_badword' AND `TABLE_SCHEMA` = DATABASE()
[2015-06-17 20:19:47 +0800][INFO] DESCRIBE `wj_badword`
[2015-06-17 20:19:47 +0800][INFO] SELECT `wj_badword`.`badid`, `wj_badword`.`badword`, `wj_badword`.`level`, `wj_badword`.`replaceword`, `wj_badword`.`lastusetime`, `wj_badword`.`listorder` FROM wj_badword WHERE 1 = 1 ORDER BY `wj_badword`.`badid` LIMIT 10
[2015-06-17 20:19:47 +0800][INFO] SELECT IF(COUNT(*)>0, 1 , 0) FROM `INFORMATION_SCHEMA`.`TABLES` WHERE `TABLE_NAME` = 'wj_comment_data_1' AND `TABLE_SCHEMA` = DATABASE()
[2015-06-17 20:19:47 +0800][INFO] DESCRIBE `wj_comment_data_1`
[2015-06-17 20:19:47 +0800][INFO] INSERT INTO `wj_comment_data_1` (`commentid`, `siteid`, `userid`, `username`, `creat_at`, `ip`, `status`, `content`, `direction`, `support`, `reply`) VALUES (?, ?, ?, ?, ?, ?, ?, ?, null, null, ?)
[2015-06-17 20:19:50 +0800][INFO] 
[2015-06-17 20:19:50 +0800][INFO] SELECT IF(COUNT(*)>0, 1 , 0) FROM `INFORMATION_SCHEMA`.`TABLES` WHERE `TABLE_NAME` = 'wj_badword' AND `TABLE_SCHEMA` = DATABASE()
[2015-06-17 20:19:50 +0800][INFO] DESCRIBE `wj_badword`
[2015-06-17 20:19:50 +0800][INFO] SELECT `wj_badword`.`badid`, `wj_badword`.`badword`, `wj_badword`.`level`, `wj_badword`.`replaceword`, `wj_badword`.`lastusetime`, `wj_badword`.`listorder` FROM wj_badword WHERE 1 = 1 ORDER BY `wj_badword`.`badid` LIMIT 10
[2015-06-17 20:19:50 +0800][INFO] SELECT IF(COUNT(*)>0, 1 , 0) FROM `INFORMATION_SCHEMA`.`TABLES` WHERE `TABLE_NAME` = 'wj_comment_data_1' AND `TABLE_SCHEMA` = DATABASE()
[2015-06-17 20:19:50 +0800][INFO] DESCRIBE `wj_comment_data_1`
[2015-06-17 20:19:50 +0800][INFO] INSERT INTO `wj_comment_data_1` (`commentid`, `siteid`, `userid`, `username`, `creat_at`, `ip`, `status`, `content`, `direction`, `support`, `reply`) VALUES (?, ?, ?, ?, ?, ?, ?, ?, null, null, ?)
[2015-06-17 20:20:24 +0800][INFO] 
[2015-06-17 20:20:24 +0800][INFO] SELECT IF(COUNT(*)>0, 1 , 0) FROM `INFORMATION_SCHEMA`.`TABLES` WHERE `TABLE_NAME` = 'wj_badword' AND `TABLE_SCHEMA` = DATABASE()
[2015-06-17 20:20:24 +0800][INFO] DESCRIBE `wj_badword`
[2015-06-17 20:20:24 +0800][INFO] SELECT `wj_badword`.`badid`, `wj_badword`.`badword`, `wj_badword`.`level`, `wj_badword`.`replaceword`, `wj_badword`.`lastusetime`, `wj_badword`.`listorder` FROM wj_badword WHERE 1 = 1 ORDER BY `wj_badword`.`badid` LIMIT 10
[2015-06-17 20:20:24 +0800][INFO] SELECT IF(COUNT(*)>0, 1 , 0) FROM `INFORMATION_SCHEMA`.`TABLES` WHERE `TABLE_NAME` = 'wj_comment_data_1' AND `TABLE_SCHEMA` = DATABASE()
[2015-06-17 20:20:24 +0800][INFO] DESCRIBE `wj_comment_data_1`
[2015-06-17 20:20:24 +0800][INFO] INSERT INTO `wj_comment_data_1` (`commentid`, `siteid`, `userid`, `username`, `creat_at`, `ip`, `status`, `content`, `direction`, `support`, `reply`) VALUES (?, ?, ?, ?, ?, ?, ?, ?, null, null, ?)
[2015-06-17 20:20:26 +0800][INFO] 
[2015-06-17 20:20:26 +0800][INFO] SELECT IF(COUNT(*)>0, 1 , 0) FROM `INFORMATION_SCHEMA`.`TABLES` WHERE `TABLE_NAME` = 'wj_badword' AND `TABLE_SCHEMA` = DATABASE()
[2015-06-17 20:20:26 +0800][INFO] DESCRIBE `wj_badword`
[2015-06-17 20:20:26 +0800][INFO] SELECT `wj_badword`.`badid`, `wj_badword`.`badword`, `wj_badword`.`level`, `wj_badword`.`replaceword`, `wj_badword`.`lastusetime`, `wj_badword`.`listorder` FROM wj_badword WHERE 1 = 1 ORDER BY `wj_badword`.`badid` LIMIT 10
[2015-06-17 20:20:26 +0800][INFO] SELECT IF(COUNT(*)>0, 1 , 0) FROM `INFORMATION_SCHEMA`.`TABLES` WHERE `TABLE_NAME` = 'wj_comment_data_1' AND `TABLE_SCHEMA` = DATABASE()
[2015-06-17 20:20:26 +0800][INFO] DESCRIBE `wj_comment_data_1`
[2015-06-17 20:20:26 +0800][INFO] INSERT INTO `wj_comment_data_1` (`commentid`, `siteid`, `userid`, `username`, `creat_at`, `ip`, `status`, `content`, `direction`, `support`, `reply`) VALUES (?, ?, ?, ?, ?, ?, ?, ?, null, null, ?)
[2015-06-17 20:22:34 +0800][INFO] 
[2015-06-17 20:22:34 +0800][INFO] SELECT COUNT(*) AS `total` FROM wj_comment_data_1 WHERE 1 = 1 LIMIT 1
[2015-06-17 20:22:34 +0800][INFO] SELECT IF(COUNT(*)>0, 1 , 0) FROM `INFORMATION_SCHEMA`.`TABLES` WHERE `TABLE_NAME` = 'wj_comment_data_1' AND `TABLE_SCHEMA` = DATABASE()
[2015-06-17 20:22:34 +0800][INFO] DESCRIBE `wj_comment_data_1`
[2015-06-17 20:22:34 +0800][INFO] SELECT `wj_comment_data_1`.`username` AS `username`, `wj_comment_data_1`.`creat_at` AS `creat_at`, `wj_comment_data_1`.`ip` AS `ip`, `wj_comment_data_1`.`status` AS `status`, `wj_comment_data_1`.`content` AS `content` FROM wj_comment_data_1 WHERE 1 = 1 ORDER BY `wj_comment_data_1`.`id` LIMIT 10
[2015-06-17 20:22:34 +0800][INFO] SELECT `wj_comment_data_1`.`username` AS `username`, `wj_comment_data_1`.`creat_at` AS `creat_at`, `wj_comment_data_1`.`ip` AS `ip`, `wj_comment_data_1`.`status` AS `status`, `wj_comment_data_1`.`content` AS `content` FROM wj_comment_data_1 WHERE 1 = 1 ORDER BY `wj_comment_data_1`.`id` LIMIT 10
[2015-06-17 20:22:34 +0800][INFO] SELECT COUNT(*) AS `rowcount` FROM wj_comment_data_1 WHERE 1 = 1 LIMIT 10
[2015-06-17 20:22:34 +0800][INFO] SELECT IF(COUNT(*)>0, 1 , 0) FROM `INFORMATION_SCHEMA`.`TABLES` WHERE `TABLE_NAME` = 'wj_news' AND `TABLE_SCHEMA` = DATABASE()
[2015-06-17 20:22:34 +0800][INFO] DESCRIBE `wj_news`
[2015-06-17 20:22:34 +0800][INFO] SELECT `wj_news`.`id` AS `id`, `wj_news`.`title` AS `title`, `wj_news`.`thumb` AS `thumb` FROM wj_news WHERE `wj_news`.`id` = 3 ORDER BY `wj_news`.`id` LIMIT 1
[2015-06-17 20:22:34 +0800][INFO] 
[2015-06-17 20:22:34 +0800][INFO] 
[2015-06-17 20:22:34 +0800][INFO] SELECT COUNT(*) AS `total` FROM wj_comment_data_1 WHERE 1 = 1 LIMIT 1
[2015-06-17 20:22:34 +0800][INFO] SELECT IF(COUNT(*)>0, 1 , 0) FROM `INFORMATION_SCHEMA`.`TABLES` WHERE `TABLE_NAME` = 'wj_comment_data_1' AND `TABLE_SCHEMA` = DATABASE()
[2015-06-17 20:22:34 +0800][INFO] DESCRIBE `wj_comment_data_1`
[2015-06-17 20:22:34 +0800][INFO] SELECT `wj_comment_data_1`.`username` AS `username`, `wj_comment_data_1`.`creat_at` AS `creat_at`, `wj_comment_data_1`.`ip` AS `ip`, `wj_comment_data_1`.`status` AS `status`, `wj_comment_data_1`.`content` AS `content` FROM wj_comment_data_1 WHERE 1 = 1 ORDER BY `wj_comment_data_1`.`id` LIMIT 10
[2015-06-17 20:22:34 +0800][INFO] SELECT `wj_comment_data_1`.`username` AS `username`, `wj_comment_data_1`.`creat_at` AS `creat_at`, `wj_comment_data_1`.`ip` AS `ip`, `wj_comment_data_1`.`status` AS `status`, `wj_comment_data_1`.`content` AS `content` FROM wj_comment_data_1 WHERE 1 = 1 ORDER BY `wj_comment_data_1`.`id` LIMIT 10
[2015-06-17 20:22:34 +0800][INFO] SELECT COUNT(*) AS `rowcount` FROM wj_comment_data_1 WHERE 1 = 1 LIMIT 10
[2015-06-17 20:22:37 +0800][INFO] 
[2015-06-17 20:22:37 +0800][INFO] SELECT IF(COUNT(*)>0, 1 , 0) FROM `INFORMATION_SCHEMA`.`TABLES` WHERE `TABLE_NAME` = 'wj_badword' AND `TABLE_SCHEMA` = DATABASE()
[2015-06-17 20:22:37 +0800][INFO] DESCRIBE `wj_badword`
[2015-06-17 20:22:37 +0800][INFO] SELECT `wj_badword`.`badid`, `wj_badword`.`badword`, `wj_badword`.`level`, `wj_badword`.`replaceword`, `wj_badword`.`lastusetime`, `wj_badword`.`listorder` FROM wj_badword WHERE 1 = 1 ORDER BY `wj_badword`.`badid` LIMIT 10
[2015-06-17 20:22:47 +0800][INFO] 
[2015-06-17 20:23:07 +0800][INFO] SELECT COUNT(*) AS `total` FROM wj_comment_data_1 WHERE 1 = 1 LIMIT 1
[2015-06-17 20:23:07 +0800][INFO] SELECT IF(COUNT(*)>0, 1 , 0) FROM `INFORMATION_SCHEMA`.`TABLES` WHERE `TABLE_NAME` = 'wj_comment_data_1' AND `TABLE_SCHEMA` = DATABASE()
[2015-06-17 20:23:07 +0800][INFO] DESCRIBE `wj_comment_data_1`
[2015-06-17 20:23:07 +0800][INFO] SELECT `wj_comment_data_1`.`username` AS `username`, `wj_comment_data_1`.`creat_at` AS `creat_at`, `wj_comment_data_1`.`ip` AS `ip`, `wj_comment_data_1`.`status` AS `status`, `wj_comment_data_1`.`content` AS `content` FROM wj_comment_data_1 WHERE 1 = 1 ORDER BY `wj_comment_data_1`.`id` LIMIT 10
[2015-06-17 20:23:07 +0800][INFO] SELECT `wj_comment_data_1`.`username` AS `username`, `wj_comment_data_1`.`creat_at` AS `creat_at`, `wj_comment_data_1`.`ip` AS `ip`, `wj_comment_data_1`.`status` AS `status`, `wj_comment_data_1`.`content` AS `content` FROM wj_comment_data_1 WHERE 1 = 1 ORDER BY `wj_comment_data_1`.`id` LIMIT 10
[2015-06-17 20:23:07 +0800][INFO] SELECT COUNT(*) AS `rowcount` FROM wj_comment_data_1 WHERE 1 = 1 LIMIT 10
[2015-06-17 20:23:07 +0800][INFO] SELECT IF(COUNT(*)>0, 1 , 0) FROM `INFORMATION_SCHEMA`.`TABLES` WHERE `TABLE_NAME` = 'wj_news' AND `TABLE_SCHEMA` = DATABASE()
[2015-06-17 20:23:07 +0800][INFO] DESCRIBE `wj_news`
[2015-06-17 20:23:07 +0800][INFO] SELECT `wj_news`.`id` AS `id`, `wj_news`.`title` AS `title`, `wj_news`.`thumb` AS `thumb` FROM wj_news WHERE `wj_news`.`id` = 7 ORDER BY `wj_news`.`id` LIMIT 1
[2015-06-17 20:23:07 +0800][INFO] 
[2015-06-17 20:23:07 +0800][INFO] 
[2015-06-17 20:23:07 +0800][INFO] SELECT COUNT(*) AS `total` FROM wj_comment_data_1 WHERE 1 = 1 LIMIT 1
[2015-06-17 20:23:07 +0800][INFO] SELECT IF(COUNT(*)>0, 1 , 0) FROM `INFORMATION_SCHEMA`.`TABLES` WHERE `TABLE_NAME` = 'wj_comment_data_1' AND `TABLE_SCHEMA` = DATABASE()
[2015-06-17 20:23:07 +0800][INFO] DESCRIBE `wj_comment_data_1`
[2015-06-17 20:23:07 +0800][INFO] SELECT `wj_comment_data_1`.`username` AS `username`, `wj_comment_data_1`.`creat_at` AS `creat_at`, `wj_comment_data_1`.`ip` AS `ip`, `wj_comment_data_1`.`status` AS `status`, `wj_comment_data_1`.`content` AS `content` FROM wj_comment_data_1 WHERE 1 = 1 ORDER BY `wj_comment_data_1`.`id` LIMIT 10
[2015-06-17 20:23:07 +0800][INFO] SELECT `wj_comment_data_1`.`username` AS `username`, `wj_comment_data_1`.`creat_at` AS `creat_at`, `wj_comment_data_1`.`ip` AS `ip`, `wj_comment_data_1`.`status` AS `status`, `wj_comment_data_1`.`content` AS `content` FROM wj_comment_data_1 WHERE 1 = 1 ORDER BY `wj_comment_data_1`.`id` LIMIT 10
[2015-06-17 20:23:07 +0800][INFO] SELECT COUNT(*) AS `rowcount` FROM wj_comment_data_1 WHERE 1 = 1 LIMIT 10
[2015-06-17 20:24:12 +0800][INFO] 
[2015-06-17 20:24:12 +0800][INFO] SELECT COUNT(*) AS `total` FROM wj_comment_data_1 WHERE 1 = 1 LIMIT 1
[2015-06-17 20:24:12 +0800][INFO] SELECT IF(COUNT(*)>0, 1 , 0) FROM `INFORMATION_SCHEMA`.`TABLES` WHERE `TABLE_NAME` = 'wj_comment_data_1' AND `TABLE_SCHEMA` = DATABASE()
[2015-06-17 20:24:12 +0800][INFO] DESCRIBE `wj_comment_data_1`
[2015-06-17 20:24:12 +0800][INFO] SELECT `wj_comment_data_1`.`username` AS `username`, `wj_comment_data_1`.`creat_at` AS `creat_at`, `wj_comment_data_1`.`ip` AS `ip`, `wj_comment_data_1`.`status` AS `status`, `wj_comment_data_1`.`content` AS `content` FROM wj_comment_data_1 WHERE 1 = 1 ORDER BY `wj_comment_data_1`.`id` LIMIT 10
[2015-06-17 20:24:12 +0800][INFO] SELECT `wj_comment_data_1`.`username` AS `username`, `wj_comment_data_1`.`creat_at` AS `creat_at`, `wj_comment_data_1`.`ip` AS `ip`, `wj_comment_data_1`.`status` AS `status`, `wj_comment_data_1`.`content` AS `content` FROM wj_comment_data_1 WHERE 1 = 1 ORDER BY `wj_comment_data_1`.`id` LIMIT 10
[2015-06-17 20:24:12 +0800][INFO] SELECT COUNT(*) AS `rowcount` FROM wj_comment_data_1 WHERE 1 = 1 LIMIT 10
[2015-06-17 20:24:12 +0800][INFO] SELECT IF(COUNT(*)>0, 1 , 0) FROM `INFORMATION_SCHEMA`.`TABLES` WHERE `TABLE_NAME` = 'wj_news' AND `TABLE_SCHEMA` = DATABASE()
[2015-06-17 20:24:12 +0800][INFO] DESCRIBE `wj_news`
[2015-06-17 20:24:12 +0800][INFO] SELECT `wj_news`.`id` AS `id`, `wj_news`.`title` AS `title`, `wj_news`.`thumb` AS `thumb` FROM wj_news WHERE `wj_news`.`id` = 5 ORDER BY `wj_news`.`id` LIMIT 1
[2015-06-17 20:24:12 +0800][INFO] 
[2015-06-17 20:24:12 +0800][INFO] 
[2015-06-17 20:24:12 +0800][INFO] SELECT COUNT(*) AS `total` FROM wj_comment_data_1 WHERE 1 = 1 LIMIT 1
[2015-06-17 20:24:12 +0800][INFO] SELECT IF(COUNT(*)>0, 1 , 0) FROM `INFORMATION_SCHEMA`.`TABLES` WHERE `TABLE_NAME` = 'wj_comment_data_1' AND `TABLE_SCHEMA` = DATABASE()
[2015-06-17 20:24:12 +0800][INFO] DESCRIBE `wj_comment_data_1`
[2015-06-17 20:24:12 +0800][INFO] SELECT `wj_comment_data_1`.`username` AS `username`, `wj_comment_data_1`.`creat_at` AS `creat_at`, `wj_comment_data_1`.`ip` AS `ip`, `wj_comment_data_1`.`status` AS `status`, `wj_comment_data_1`.`content` AS `content` FROM wj_comment_data_1 WHERE 1 = 1 ORDER BY `wj_comment_data_1`.`id` LIMIT 10
[2015-06-17 20:24:12 +0800][INFO] SELECT `wj_comment_data_1`.`username` AS `username`, `wj_comment_data_1`.`creat_at` AS `creat_at`, `wj_comment_data_1`.`ip` AS `ip`, `wj_comment_data_1`.`status` AS `status`, `wj_comment_data_1`.`content` AS `content` FROM wj_comment_data_1 WHERE 1 = 1 ORDER BY `wj_comment_data_1`.`id` LIMIT 10
[2015-06-17 20:24:12 +0800][INFO] SELECT COUNT(*) AS `rowcount` FROM wj_comment_data_1 WHERE 1 = 1 LIMIT 10
[2015-06-17 20:24:13 +0800][INFO] 
[2015-06-17 20:24:13 +0800][INFO] SELECT COUNT(*) AS `total` FROM wj_comment_data_1 WHERE 1 = 1 LIMIT 1
[2015-06-17 20:24:13 +0800][INFO] SELECT IF(COUNT(*)>0, 1 , 0) FROM `INFORMATION_SCHEMA`.`TABLES` WHERE `TABLE_NAME` = 'wj_comment_data_1' AND `TABLE_SCHEMA` = DATABASE()
[2015-06-17 20:24:13 +0800][INFO] DESCRIBE `wj_comment_data_1`
[2015-06-17 20:24:13 +0800][INFO] SELECT `wj_comment_data_1`.`username` AS `username`, `wj_comment_data_1`.`creat_at` AS `creat_at`, `wj_comment_data_1`.`ip` AS `ip`, `wj_comment_data_1`.`status` AS `status`, `wj_comment_data_1`.`content` AS `content` FROM wj_comment_data_1 WHERE 1 = 1 ORDER BY `wj_comment_data_1`.`id` LIMIT 10
[2015-06-17 20:24:13 +0800][INFO] SELECT `wj_comment_data_1`.`username` AS `username`, `wj_comment_data_1`.`creat_at` AS `creat_at`, `wj_comment_data_1`.`ip` AS `ip`, `wj_comment_data_1`.`status` AS `status`, `wj_comment_data_1`.`content` AS `content` FROM wj_comment_data_1 WHERE 1 = 1 ORDER BY `wj_comment_data_1`.`id` LIMIT 10
[2015-06-17 20:24:13 +0800][INFO] SELECT COUNT(*) AS `rowcount` FROM wj_comment_data_1 WHERE 1 = 1 LIMIT 10
[2015-06-17 20:24:13 +0800][INFO] SELECT IF(COUNT(*)>0, 1 , 0) FROM `INFORMATION_SCHEMA`.`TABLES` WHERE `TABLE_NAME` = 'wj_news' AND `TABLE_SCHEMA` = DATABASE()
[2015-06-17 20:24:13 +0800][INFO] DESCRIBE `wj_news`
[2015-06-17 20:24:13 +0800][INFO] SELECT `wj_news`.`id` AS `id`, `wj_news`.`title` AS `title`, `wj_news`.`thumb` AS `thumb` FROM wj_news WHERE `wj_news`.`id` = 2 ORDER BY `wj_news`.`id` LIMIT 1
[2015-06-17 20:24:13 +0800][INFO] 
[2015-06-17 20:24:13 +0800][INFO] 
[2015-06-17 20:24:14 +0800][INFO] SELECT COUNT(*) AS `total` FROM wj_comment_data_1 WHERE 1 = 1 LIMIT 1
[2015-06-17 20:24:14 +0800][INFO] SELECT IF(COUNT(*)>0, 1 , 0) FROM `INFORMATION_SCHEMA`.`TABLES` WHERE `TABLE_NAME` = 'wj_comment_data_1' AND `TABLE_SCHEMA` = DATABASE()
[2015-06-17 20:24:14 +0800][INFO] DESCRIBE `wj_comment_data_1`
[2015-06-17 20:24:14 +0800][INFO] SELECT `wj_comment_data_1`.`username` AS `username`, `wj_comment_data_1`.`creat_at` AS `creat_at`, `wj_comment_data_1`.`ip` AS `ip`, `wj_comment_data_1`.`status` AS `status`, `wj_comment_data_1`.`content` AS `content` FROM wj_comment_data_1 WHERE 1 = 1 ORDER BY `wj_comment_data_1`.`id` LIMIT 10
[2015-06-17 20:24:14 +0800][INFO] SELECT `wj_comment_data_1`.`username` AS `username`, `wj_comment_data_1`.`creat_at` AS `creat_at`, `wj_comment_data_1`.`ip` AS `ip`, `wj_comment_data_1`.`status` AS `status`, `wj_comment_data_1`.`content` AS `content` FROM wj_comment_data_1 WHERE 1 = 1 ORDER BY `wj_comment_data_1`.`id` LIMIT 10
[2015-06-17 20:24:14 +0800][INFO] SELECT COUNT(*) AS `rowcount` FROM wj_comment_data_1 WHERE 1 = 1 LIMIT 10
[2015-06-17 20:24:16 +0800][INFO] 
[2015-06-17 20:24:16 +0800][INFO] SELECT IF(COUNT(*)>0, 1 , 0) FROM `INFORMATION_SCHEMA`.`TABLES` WHERE `TABLE_NAME` = 'wj_badword' AND `TABLE_SCHEMA` = DATABASE()
[2015-06-17 20:24:16 +0800][INFO] DESCRIBE `wj_badword`
[2015-06-17 20:24:16 +0800][INFO] SELECT `wj_badword`.`badid`, `wj_badword`.`badword`, `wj_badword`.`level`, `wj_badword`.`replaceword`, `wj_badword`.`lastusetime`, `wj_badword`.`listorder` FROM wj_badword WHERE 1 = 1 ORDER BY `wj_badword`.`badid` LIMIT 10
[2015-06-17 20:24:16 +0800][INFO] SELECT IF(COUNT(*)>0, 1 , 0) FROM `INFORMATION_SCHEMA`.`TABLES` WHERE `TABLE_NAME` = 'wj_comment_data_1' AND `TABLE_SCHEMA` = DATABASE()
[2015-06-17 20:24:16 +0800][INFO] DESCRIBE `wj_comment_data_1`
[2015-06-17 20:24:16 +0800][INFO] INSERT INTO `wj_comment_data_1` (`commentid`, `siteid`, `userid`, `username`, `creat_at`, `ip`, `status`, `content`, `direction`, `support`, `reply`) VALUES (?, ?, ?, ?, ?, ?, ?, ?, null, null, ?)
[2015-06-17 20:24:19 +0800][INFO] 
[2015-06-17 20:24:19 +0800][INFO] SELECT IF(COUNT(*)>0, 1 , 0) FROM `INFORMATION_SCHEMA`.`TABLES` WHERE `TABLE_NAME` = 'wj_badword' AND `TABLE_SCHEMA` = DATABASE()
[2015-06-17 20:24:19 +0800][INFO] DESCRIBE `wj_badword`
[2015-06-17 20:24:19 +0800][INFO] SELECT `wj_badword`.`badid`, `wj_badword`.`badword`, `wj_badword`.`level`, `wj_badword`.`replaceword`, `wj_badword`.`lastusetime`, `wj_badword`.`listorder` FROM wj_badword WHERE 1 = 1 ORDER BY `wj_badword`.`badid` LIMIT 10
[2015-06-17 20:24:19 +0800][INFO] SELECT IF(COUNT(*)>0, 1 , 0) FROM `INFORMATION_SCHEMA`.`TABLES` WHERE `TABLE_NAME` = 'wj_comment_data_1' AND `TABLE_SCHEMA` = DATABASE()
[2015-06-17 20:24:19 +0800][INFO] DESCRIBE `wj_comment_data_1`
[2015-06-17 20:24:19 +0800][INFO] INSERT INTO `wj_comment_data_1` (`commentid`, `siteid`, `userid`, `username`, `creat_at`, `ip`, `status`, `content`, `direction`, `support`, `reply`) VALUES (?, ?, ?, ?, ?, ?, ?, ?, null, null, ?)
[2015-06-17 20:26:58 +0800][INFO] 
[2015-06-17 20:26:58 +0800][INFO] SELECT COUNT(*) AS `total` FROM wj_comment_data_1 WHERE 1 = 1 LIMIT 1
[2015-06-17 20:26:58 +0800][INFO] SELECT IF(COUNT(*)>0, 1 , 0) FROM `INFORMATION_SCHEMA`.`TABLES` WHERE `TABLE_NAME` = 'wj_comment_data_1' AND `TABLE_SCHEMA` = DATABASE()
[2015-06-17 20:26:58 +0800][INFO] DESCRIBE `wj_comment_data_1`
[2015-06-17 20:26:58 +0800][INFO] SELECT `wj_comment_data_1`.`username` AS `username`, `wj_comment_data_1`.`creat_at` AS `creat_at`, `wj_comment_data_1`.`ip` AS `ip`, `wj_comment_data_1`.`status` AS `status`, `wj_comment_data_1`.`content` AS `content` FROM wj_comment_data_1 WHERE 1 = 1 ORDER BY `wj_comment_data_1`.`id` LIMIT 10
[2015-06-17 20:26:58 +0800][INFO] SELECT `wj_comment_data_1`.`username` AS `username`, `wj_comment_data_1`.`creat_at` AS `creat_at`, `wj_comment_data_1`.`ip` AS `ip`, `wj_comment_data_1`.`status` AS `status`, `wj_comment_data_1`.`content` AS `content` FROM wj_comment_data_1 WHERE 1 = 1 ORDER BY `wj_comment_data_1`.`id` LIMIT 10
[2015-06-17 20:26:58 +0800][INFO] SELECT COUNT(*) AS `rowcount` FROM wj_comment_data_1 WHERE 1 = 1 LIMIT 10
[2015-06-17 20:26:58 +0800][INFO] SELECT IF(COUNT(*)>0, 1 , 0) FROM `INFORMATION_SCHEMA`.`TABLES` WHERE `TABLE_NAME` = 'wj_news' AND `TABLE_SCHEMA` = DATABASE()
[2015-06-17 20:26:58 +0800][INFO] DESCRIBE `wj_news`
[2015-06-17 20:26:58 +0800][INFO] SELECT `wj_news`.`id` AS `id`, `wj_news`.`title` AS `title`, `wj_news`.`thumb` AS `thumb` FROM wj_news WHERE `wj_news`.`id` = 8 ORDER BY `wj_news`.`id` LIMIT 1
[2015-06-17 20:26:58 +0800][INFO] 
[2015-06-17 20:26:58 +0800][INFO] SELECT COUNT(*) AS `total` FROM wj_comment_data_1 WHERE 1 = 1 LIMIT 1
[2015-06-17 20:26:58 +0800][INFO] SELECT IF(COUNT(*)>0, 1 , 0) FROM `INFORMATION_SCHEMA`.`TABLES` WHERE `TABLE_NAME` = 'wj_comment_data_1' AND `TABLE_SCHEMA` = DATABASE()
[2015-06-17 20:26:58 +0800][INFO] DESCRIBE `wj_comment_data_1`
[2015-06-17 20:26:58 +0800][INFO] SELECT `wj_comment_data_1`.`username` AS `username`, `wj_comment_data_1`.`creat_at` AS `creat_at`, `wj_comment_data_1`.`ip` AS `ip`, `wj_comment_data_1`.`status` AS `status`, `wj_comment_data_1`.`content` AS `content` FROM wj_comment_data_1 WHERE 1 = 1 ORDER BY `wj_comment_data_1`.`id` LIMIT 10
[2015-06-17 20:26:58 +0800][INFO] 
[2015-06-17 20:26:58 +0800][INFO] SELECT `wj_comment_data_1`.`username` AS `username`, `wj_comment_data_1`.`creat_at` AS `creat_at`, `wj_comment_data_1`.`ip` AS `ip`, `wj_comment_data_1`.`status` AS `status`, `wj_comment_data_1`.`content` AS `content` FROM wj_comment_data_1 WHERE 1 = 1 ORDER BY `wj_comment_data_1`.`id` LIMIT 10
[2015-06-17 20:26:58 +0800][INFO] SELECT COUNT(*) AS `rowcount` FROM wj_comment_data_1 WHERE 1 = 1 LIMIT 10
[2015-06-17 20:26:58 +0800][INFO] 
[2015-06-17 20:26:58 +0800][INFO] SELECT COUNT(*) AS `total` FROM wj_comment_data_1 WHERE 1 = 1 LIMIT 1
[2015-06-17 20:26:58 +0800][INFO] SELECT IF(COUNT(*)>0, 1 , 0) FROM `INFORMATION_SCHEMA`.`TABLES` WHERE `TABLE_NAME` = 'wj_comment_data_1' AND `TABLE_SCHEMA` = DATABASE()
[2015-06-17 20:26:58 +0800][INFO] DESCRIBE `wj_comment_data_1`
[2015-06-17 20:26:58 +0800][INFO] SELECT `wj_comment_data_1`.`username` AS `username`, `wj_comment_data_1`.`creat_at` AS `creat_at`, `wj_comment_data_1`.`ip` AS `ip`, `wj_comment_data_1`.`status` AS `status`, `wj_comment_data_1`.`content` AS `content` FROM wj_comment_data_1 WHERE 1 = 1 ORDER BY `wj_comment_data_1`.`id` LIMIT 10
[2015-06-17 20:26:58 +0800][INFO] SELECT `wj_comment_data_1`.`username` AS `username`, `wj_comment_data_1`.`creat_at` AS `creat_at`, `wj_comment_data_1`.`ip` AS `ip`, `wj_comment_data_1`.`status` AS `status`, `wj_comment_data_1`.`content` AS `content` FROM wj_comment_data_1 WHERE 1 = 1 ORDER BY `wj_comment_data_1`.`id` LIMIT 10
[2015-06-17 20:26:58 +0800][INFO] SELECT COUNT(*) AS `rowcount` FROM wj_comment_data_1 WHERE 1 = 1 LIMIT 10
[2015-06-17 20:26:58 +0800][INFO] SELECT IF(COUNT(*)>0, 1 , 0) FROM `INFORMATION_SCHEMA`.`TABLES` WHERE `TABLE_NAME` = 'wj_news' AND `TABLE_SCHEMA` = DATABASE()
[2015-06-17 20:26:58 +0800][INFO] DESCRIBE `wj_news`
[2015-06-17 20:26:58 +0800][INFO] SELECT `wj_news`.`id` AS `id`, `wj_news`.`title` AS `title`, `wj_news`.`thumb` AS `thumb` FROM wj_news WHERE `wj_news`.`id` = 10 ORDER BY `wj_news`.`id` LIMIT 1
[2015-06-17 20:26:59 +0800][INFO] 
[2015-06-17 20:26:59 +0800][INFO] 
[2015-06-17 20:26:59 +0800][INFO] SELECT COUNT(*) AS `total` FROM wj_comment_data_1 WHERE 1 = 1 LIMIT 1
[2015-06-17 20:26:59 +0800][INFO] SELECT IF(COUNT(*)>0, 1 , 0) FROM `INFORMATION_SCHEMA`.`TABLES` WHERE `TABLE_NAME` = 'wj_comment_data_1' AND `TABLE_SCHEMA` = DATABASE()
[2015-06-17 20:26:59 +0800][INFO] DESCRIBE `wj_comment_data_1`
[2015-06-17 20:26:59 +0800][INFO] SELECT `wj_comment_data_1`.`username` AS `username`, `wj_comment_data_1`.`creat_at` AS `creat_at`, `wj_comment_data_1`.`ip` AS `ip`, `wj_comment_data_1`.`status` AS `status`, `wj_comment_data_1`.`content` AS `content` FROM wj_comment_data_1 WHERE 1 = 1 ORDER BY `wj_comment_data_1`.`id` LIMIT 10
[2015-06-17 20:26:59 +0800][INFO] SELECT `wj_comment_data_1`.`username` AS `username`, `wj_comment_data_1`.`creat_at` AS `creat_at`, `wj_comment_data_1`.`ip` AS `ip`, `wj_comment_data_1`.`status` AS `status`, `wj_comment_data_1`.`content` AS `content` FROM wj_comment_data_1 WHERE 1 = 1 ORDER BY `wj_comment_data_1`.`id` LIMIT 10
[2015-06-17 20:26:59 +0800][INFO] SELECT COUNT(*) AS `rowcount` FROM wj_comment_data_1 WHERE 1 = 1 LIMIT 10
[2015-06-17 20:27:01 +0800][INFO] 
[2015-06-17 20:27:01 +0800][INFO] SELECT IF(COUNT(*)>0, 1 , 0) FROM `INFORMATION_SCHEMA`.`TABLES` WHERE `TABLE_NAME` = 'wj_badword' AND `TABLE_SCHEMA` = DATABASE()
[2015-06-17 20:27:01 +0800][INFO] DESCRIBE `wj_badword`
[2015-06-17 20:27:01 +0800][INFO] SELECT `wj_badword`.`badid`, `wj_badword`.`badword`, `wj_badword`.`level`, `wj_badword`.`replaceword`, `wj_badword`.`lastusetime`, `wj_badword`.`listorder` FROM wj_badword WHERE 1 = 1 ORDER BY `wj_badword`.`badid` LIMIT 10
[2015-06-17 20:27:01 +0800][INFO] SELECT IF(COUNT(*)>0, 1 , 0) FROM `INFORMATION_SCHEMA`.`TABLES` WHERE `TABLE_NAME` = 'wj_comment_data_1' AND `TABLE_SCHEMA` = DATABASE()
[2015-06-17 20:27:01 +0800][INFO] DESCRIBE `wj_comment_data_1`
[2015-06-17 20:27:01 +0800][INFO] INSERT INTO `wj_comment_data_1` (`commentid`, `siteid`, `userid`, `username`, `creat_at`, `ip`, `status`, `content`, `direction`, `support`, `reply`) VALUES (?, ?, ?, ?, ?, ?, ?, ?, null, null, ?)
[2015-06-17 20:27:02 +0800][INFO] 
[2015-06-17 20:27:02 +0800][INFO] SELECT IF(COUNT(*)>0, 1 , 0) FROM `INFORMATION_SCHEMA`.`TABLES` WHERE `TABLE_NAME` = 'wj_badword' AND `TABLE_SCHEMA` = DATABASE()
[2015-06-17 20:27:02 +0800][INFO] DESCRIBE `wj_badword`
[2015-06-17 20:27:02 +0800][INFO] SELECT `wj_badword`.`badid`, `wj_badword`.`badword`, `wj_badword`.`level`, `wj_badword`.`replaceword`, `wj_badword`.`lastusetime`, `wj_badword`.`listorder` FROM wj_badword WHERE 1 = 1 ORDER BY `wj_badword`.`badid` LIMIT 10
[2015-06-17 20:27:03 +0800][INFO] SELECT IF(COUNT(*)>0, 1 , 0) FROM `INFORMATION_SCHEMA`.`TABLES` WHERE `TABLE_NAME` = 'wj_comment_data_1' AND `TABLE_SCHEMA` = DATABASE()
[2015-06-17 20:27:03 +0800][INFO] DESCRIBE `wj_comment_data_1`
[2015-06-17 20:27:03 +0800][INFO] INSERT INTO `wj_comment_data_1` (`commentid`, `siteid`, `userid`, `username`, `creat_at`, `ip`, `status`, `content`, `direction`, `support`, `reply`) VALUES (?, ?, ?, ?, ?, ?, ?, ?, null, null, ?)
[2015-06-17 20:27:04 +0800][INFO] 
[2015-06-17 20:27:04 +0800][INFO] SELECT IF(COUNT(*)>0, 1 , 0) FROM `INFORMATION_SCHEMA`.`TABLES` WHERE `TABLE_NAME` = 'wj_badword' AND `TABLE_SCHEMA` = DATABASE()
[2015-06-17 20:27:04 +0800][INFO] DESCRIBE `wj_badword`
[2015-06-17 20:27:04 +0800][INFO] SELECT `wj_badword`.`badid`, `wj_badword`.`badword`, `wj_badword`.`level`, `wj_badword`.`replaceword`, `wj_badword`.`lastusetime`, `wj_badword`.`listorder` FROM wj_badword WHERE 1 = 1 ORDER BY `wj_badword`.`badid` LIMIT 10
[2015-06-17 20:27:04 +0800][INFO] SELECT IF(COUNT(*)>0, 1 , 0) FROM `INFORMATION_SCHEMA`.`TABLES` WHERE `TABLE_NAME` = 'wj_comment_data_1' AND `TABLE_SCHEMA` = DATABASE()
[2015-06-17 20:27:04 +0800][INFO] DESCRIBE `wj_comment_data_1`
[2015-06-17 20:27:04 +0800][INFO] INSERT INTO `wj_comment_data_1` (`commentid`, `siteid`, `userid`, `username`, `creat_at`, `ip`, `status`, `content`, `direction`, `support`, `reply`) VALUES (?, ?, ?, ?, ?, ?, ?, ?, null, null, ?)
[2015-06-17 20:27:06 +0800][INFO] 
[2015-06-17 20:27:06 +0800][INFO] SELECT IF(COUNT(*)>0, 1 , 0) FROM `INFORMATION_SCHEMA`.`TABLES` WHERE `TABLE_NAME` = 'wj_badword' AND `TABLE_SCHEMA` = DATABASE()
[2015-06-17 20:27:06 +0800][INFO] DESCRIBE `wj_badword`
[2015-06-17 20:27:06 +0800][INFO] SELECT `wj_badword`.`badid`, `wj_badword`.`badword`, `wj_badword`.`level`, `wj_badword`.`replaceword`, `wj_badword`.`lastusetime`, `wj_badword`.`listorder` FROM wj_badword WHERE 1 = 1 ORDER BY `wj_badword`.`badid` LIMIT 10
[2015-06-17 20:27:06 +0800][INFO] SELECT IF(COUNT(*)>0, 1 , 0) FROM `INFORMATION_SCHEMA`.`TABLES` WHERE `TABLE_NAME` = 'wj_comment_data_1' AND `TABLE_SCHEMA` = DATABASE()
[2015-06-17 20:27:06 +0800][INFO] DESCRIBE `wj_comment_data_1`
[2015-06-17 20:27:06 +0800][INFO] INSERT INTO `wj_comment_data_1` (`commentid`, `siteid`, `userid`, `username`, `creat_at`, `ip`, `status`, `content`, `direction`, `support`, `reply`) VALUES (?, ?, ?, ?, ?, ?, ?, ?, null, null, ?)
[2015-06-17 20:27:08 +0800][INFO] 
[2015-06-17 20:27:08 +0800][INFO] SELECT IF(COUNT(*)>0, 1 , 0) FROM `INFORMATION_SCHEMA`.`TABLES` WHERE `TABLE_NAME` = 'wj_badword' AND `TABLE_SCHEMA` = DATABASE()
[2015-06-17 20:27:08 +0800][INFO] DESCRIBE `wj_badword`
[2015-06-17 20:27:08 +0800][INFO] SELECT `wj_badword`.`badid`, `wj_badword`.`badword`, `wj_badword`.`level`, `wj_badword`.`replaceword`, `wj_badword`.`lastusetime`, `wj_badword`.`listorder` FROM wj_badword WHERE 1 = 1 ORDER BY `wj_badword`.`badid` LIMIT 10
[2015-06-17 20:27:08 +0800][INFO] SELECT IF(COUNT(*)>0, 1 , 0) FROM `INFORMATION_SCHEMA`.`TABLES` WHERE `TABLE_NAME` = 'wj_comment_data_1' AND `TABLE_SCHEMA` = DATABASE()
[2015-06-17 20:27:08 +0800][INFO] DESCRIBE `wj_comment_data_1`
[2015-06-17 20:27:08 +0800][INFO] INSERT INTO `wj_comment_data_1` (`commentid`, `siteid`, `userid`, `username`, `creat_at`, `ip`, `status`, `content`, `direction`, `support`, `reply`) VALUES (?, ?, ?, ?, ?, ?, ?, ?, null, null, ?)
[2015-06-17 20:27:10 +0800][INFO] 
[2015-06-17 20:27:10 +0800][INFO] SELECT COUNT(*) AS `total` FROM wj_comment_data_1 WHERE 1 = 1 LIMIT 1
[2015-06-17 20:27:10 +0800][INFO] SELECT IF(COUNT(*)>0, 1 , 0) FROM `INFORMATION_SCHEMA`.`TABLES` WHERE `TABLE_NAME` = 'wj_comment_data_1' AND `TABLE_SCHEMA` = DATABASE()
[2015-06-17 20:27:10 +0800][INFO] DESCRIBE `wj_comment_data_1`
[2015-06-17 20:27:10 +0800][INFO] SELECT `wj_comment_data_1`.`username` AS `username`, `wj_comment_data_1`.`creat_at` AS `creat_at`, `wj_comment_data_1`.`ip` AS `ip`, `wj_comment_data_1`.`status` AS `status`, `wj_comment_data_1`.`content` AS `content` FROM wj_comment_data_1 WHERE 1 = 1 ORDER BY `wj_comment_data_1`.`id` LIMIT 10
[2015-06-17 20:27:10 +0800][INFO] SELECT `wj_comment_data_1`.`username` AS `username`, `wj_comment_data_1`.`creat_at` AS `creat_at`, `wj_comment_data_1`.`ip` AS `ip`, `wj_comment_data_1`.`status` AS `status`, `wj_comment_data_1`.`content` AS `content` FROM wj_comment_data_1 WHERE 1 = 1 ORDER BY `wj_comment_data_1`.`id` LIMIT 10
[2015-06-17 20:27:10 +0800][INFO] SELECT COUNT(*) AS `rowcount` FROM wj_comment_data_1 WHERE 1 = 1 LIMIT 10
[2015-06-17 20:27:10 +0800][INFO] SELECT IF(COUNT(*)>0, 1 , 0) FROM `INFORMATION_SCHEMA`.`TABLES` WHERE `TABLE_NAME` = 'wj_news' AND `TABLE_SCHEMA` = DATABASE()
[2015-06-17 20:27:10 +0800][INFO] DESCRIBE `wj_news`
[2015-06-17 20:27:10 +0800][INFO] SELECT `wj_news`.`id` AS `id`, `wj_news`.`title` AS `title`, `wj_news`.`thumb` AS `thumb` FROM wj_news WHERE `wj_news`.`id` = 4 ORDER BY `wj_news`.`id` LIMIT 1
[2015-06-17 20:27:10 +0800][INFO] 
[2015-06-17 20:27:10 +0800][INFO] 
[2015-06-17 20:27:10 +0800][INFO] SELECT COUNT(*) AS `total` FROM wj_comment_data_1 WHERE 1 = 1 LIMIT 1
[2015-06-17 20:27:10 +0800][INFO] SELECT IF(COUNT(*)>0, 1 , 0) FROM `INFORMATION_SCHEMA`.`TABLES` WHERE `TABLE_NAME` = 'wj_comment_data_1' AND `TABLE_SCHEMA` = DATABASE()
[2015-06-17 20:27:10 +0800][INFO] DESCRIBE `wj_comment_data_1`
[2015-06-17 20:27:10 +0800][INFO] SELECT `wj_comment_data_1`.`username` AS `username`, `wj_comment_data_1`.`creat_at` AS `creat_at`, `wj_comment_data_1`.`ip` AS `ip`, `wj_comment_data_1`.`status` AS `status`, `wj_comment_data_1`.`content` AS `content` FROM wj_comment_data_1 WHERE 1 = 1 ORDER BY `wj_comment_data_1`.`id` LIMIT 10
[2015-06-17 20:27:10 +0800][INFO] SELECT `wj_comment_data_1`.`username` AS `username`, `wj_comment_data_1`.`creat_at` AS `creat_at`, `wj_comment_data_1`.`ip` AS `ip`, `wj_comment_data_1`.`status` AS `status`, `wj_comment_data_1`.`content` AS `content` FROM wj_comment_data_1 WHERE 1 = 1 ORDER BY `wj_comment_data_1`.`id` LIMIT 10
[2015-06-17 20:27:10 +0800][INFO] SELECT COUNT(*) AS `rowcount` FROM wj_comment_data_1 WHERE 1 = 1 LIMIT 10
[2015-06-17 20:27:15 +0800][INFO] 
[2015-06-17 20:27:15 +0800][INFO] SELECT IF(COUNT(*)>0, 1 , 0) FROM `INFORMATION_SCHEMA`.`TABLES` WHERE `TABLE_NAME` = 'wj_badword' AND `TABLE_SCHEMA` = DATABASE()
[2015-06-17 20:27:15 +0800][INFO] DESCRIBE `wj_badword`
[2015-06-17 20:27:15 +0800][INFO] SELECT `wj_badword`.`badid`, `wj_badword`.`badword`, `wj_badword`.`level`, `wj_badword`.`replaceword`, `wj_badword`.`lastusetime`, `wj_badword`.`listorder` FROM wj_badword WHERE 1 = 1 ORDER BY `wj_badword`.`badid` LIMIT 10
[2015-06-17 20:27:15 +0800][INFO] SELECT IF(COUNT(*)>0, 1 , 0) FROM `INFORMATION_SCHEMA`.`TABLES` WHERE `TABLE_NAME` = 'wj_comment_data_1' AND `TABLE_SCHEMA` = DATABASE()
[2015-06-17 20:27:15 +0800][INFO] DESCRIBE `wj_comment_data_1`
[2015-06-17 20:27:15 +0800][INFO] INSERT INTO `wj_comment_data_1` (`commentid`, `siteid`, `userid`, `username`, `creat_at`, `ip`, `status`, `content`, `direction`, `support`, `reply`) VALUES (?, ?, ?, ?, ?, ?, ?, ?, null, null, ?)
