[Thu, 28 May 15 14:28:49 +0800][INFO] SELECT IF(COUNT(*)>0, 1 , 0) FROM `INFORMATION_SCHEMA`.`TABLES` WHERE `TABLE_NAME` = 'wj_users' AND `TABLE_SCHEMA` = DATABASE()
[Thu, 28 May 15 14:28:49 +0800][INFO] DESCRIBE `wj_users`
[Thu, 28 May 15 14:28:49 +0800][INFO] SELECT `wj_users`.`id` AS `id`, `wj_users`.`name` AS `name`, `wj_users`.`pass` AS `pass` FROM wj_users WHERE `wj_users`.`name` = 'root' LIMIT 1
[Thu, 28 May 15 14:28:49 +0800][INFO] SELECT `wj_users`.`id` AS `id`, `wj_users`.`name` AS `name`, `wj_users`.`pass` AS `pass` FROM wj_users WHERE `wj_users`.`name` = 'root' AND `wj_users`.`pass` = 'b9be11166d72e9e3ae7fd407165e4bd2' LIMIT 1
[Thu, 28 May 15 14:28:56 +0800][INFO] SELECT IF(COUNT(*)>0, 1 , 0) FROM `INFORMATION_SCHEMA`.`TABLES` WHERE `TABLE_NAME` = 'wj_users' AND `TABLE_SCHEMA` = DATABASE()
[Thu, 28 May 15 14:28:56 +0800][INFO] DESCRIBE `wj_users`
[Thu, 28 May 15 14:28:56 +0800][INFO] SELECT `wj_users`.`id` AS `id`, `wj_users`.`name` AS `name`, `wj_users`.`pass` AS `pass` FROM wj_users WHERE `wj_users`.`name` = 'root' LIMIT 1
[Thu, 28 May 15 14:28:56 +0800][INFO] SELECT `wj_users`.`id` AS `id`, `wj_users`.`name` AS `name`, `wj_users`.`pass` AS `pass` FROM wj_users WHERE `wj_users`.`name` = 'root' AND `wj_users`.`pass` = 'b9be11166d72e9e3ae7fd407165e4bd2' LIMIT 1
[Thu, 28 May 15 14:28:59 +0800][INFO] SELECT IF(COUNT(*)>0, 1 , 0) FROM `INFORMATION_SCHEMA`.`TABLES` WHERE `TABLE_NAME` = 'wj_users' AND `TABLE_SCHEMA` = DATABASE()
[Thu, 28 May 15 14:28:59 +0800][INFO] DESCRIBE `wj_users`
[Thu, 28 May 15 14:28:59 +0800][INFO] SELECT `wj_users`.`id` AS `id`, `wj_users`.`name` AS `name`, `wj_users`.`pass` AS `pass` FROM wj_users WHERE `wj_users`.`name` = 'root' LIMIT 1
[Thu, 28 May 15 14:28:59 +0800][INFO] SELECT `wj_users`.`id` AS `id`, `wj_users`.`name` AS `name`, `wj_users`.`pass` AS `pass` FROM wj_users WHERE `wj_users`.`name` = 'root' AND `wj_users`.`pass` = 'b9be11166d72e9e3ae7fd407165e4bd2' LIMIT 1
[Thu, 28 May 15 17:01:00 +0800][INFO] SELECT IF(COUNT(*)>0, 1 , 0) FROM `INFORMATION_SCHEMA`.`TABLES` WHERE `TABLE_NAME` = 'wj_welcome' AND `TABLE_SCHEMA` = DATABASE()
[Thu, 28 May 15 17:02:57 +0800][INFO] SELECT IF(COUNT(*)>0, 1 , 0) FROM `INFORMATION_SCHEMA`.`TABLES` WHERE `TABLE_NAME` = 'wj_welcome' AND `TABLE_SCHEMA` = DATABASE()
[Thu, 28 May 15 17:08:22 +0800][INFO] SELECT IF(COUNT(*)>0, 1 , 0) FROM `INFORMATION_SCHEMA`.`TABLES` WHERE `TABLE_NAME` = 'wj_action' AND `TABLE_SCHEMA` = DATABASE()
[Thu, 28 May 15 17:08:22 +0800][INFO] DESCRIBE `wj_action`
[Thu, 28 May 15 17:08:22 +0800][INFO] SELECT `wj_action`.`id`, `wj_action`.`action_code`, `wj_action`.`pid`, `wj_action`.`related` FROM wj_action WHERE `wj_action`.`id` = 1 ORDER BY `wj_action`.`id`
[Thu, 28 May 15 17:11:26 +0800][INFO] SELECT IF(COUNT(*)>0, 1 , 0) FROM `INFORMATION_SCHEMA`.`TABLES` WHERE `TABLE_NAME` = 'wj_action' AND `TABLE_SCHEMA` = DATABASE()
[Thu, 28 May 15 17:11:26 +0800][INFO] DESCRIBE `wj_action`
[Thu, 28 May 15 17:11:26 +0800][INFO] SELECT `wj_action`.`id`, `wj_action`.`action_code`, `wj_action`.`pid`, `wj_action`.`related` FROM wj_action WHERE `wj_action`.`id` = 1 ORDER BY `wj_action`.`id`
[Thu, 28 May 15 17:11:44 +0800][INFO] SELECT IF(COUNT(*)>0, 1 , 0) FROM `INFORMATION_SCHEMA`.`TABLES` WHERE `TABLE_NAME` = 'wj_action' AND `TABLE_SCHEMA` = DATABASE()
[Thu, 28 May 15 17:11:44 +0800][INFO] DESCRIBE `wj_action`
[Thu, 28 May 15 17:11:44 +0800][INFO] SELECT `wj_action`.`id` AS `id` FROM wj_action WHERE `wj_action`.`id` = 1 ORDER BY `wj_action`.`id`
[Thu, 28 May 15 17:13:28 +0800][INFO] SELECT IF(COUNT(*)>0, 1 , 0) FROM `INFORMATION_SCHEMA`.`TABLES` WHERE `TABLE_NAME` = 'wj_action' AND `TABLE_SCHEMA` = DATABASE()
[Thu, 28 May 15 17:13:28 +0800][INFO] DESCRIBE `wj_action`
[Thu, 28 May 15 17:13:28 +0800][INFO] SELECT `wj_action`.`id` AS `id`, `wj_action`.`action_code` AS `action_code`, `wj_action`.`pid` AS `pid`, `wj_action`.`related` AS `related` FROM wj_action WHERE `wj_action`.`id` = 1 ORDER BY `wj_action`.`id`
[Thu, 28 May 15 17:14:57 +0800][INFO] SELECT IF(COUNT(*)>0, 1 , 0) FROM `INFORMATION_SCHEMA`.`TABLES` WHERE `TABLE_NAME` = 'wj_action' AND `TABLE_SCHEMA` = DATABASE()
[Thu, 28 May 15 17:14:57 +0800][INFO] DESCRIBE `wj_action`
[Thu, 28 May 15 17:14:57 +0800][INFO] SELECT `wj_action`.`id` AS `id`, `wj_action`.`action_code` AS `action_code`, `wj_action`.`pid` AS `pid`, `wj_action`.`related` AS `related` FROM wj_action WHERE `wj_action`.`id` = 1 ORDER BY `wj_action`.`id`
[Thu, 28 May 15 17:17:22 +0800][INFO] SELECT IF(COUNT(*)>0, 1 , 0) FROM `INFORMATION_SCHEMA`.`TABLES` WHERE `TABLE_NAME` = 'wj_action' AND `TABLE_SCHEMA` = DATABASE()
[Thu, 28 May 15 17:17:22 +0800][INFO] DESCRIBE `wj_action`
[Thu, 28 May 15 17:17:22 +0800][INFO] SELECT `wj_action`.`id` AS `id`, `wj_action`.`action_code` AS `action_code`, `wj_action`.`pid` AS `pid`, `wj_action`.`related` AS `related` FROM wj_action WHERE `wj_action`.`id` = 1 ORDER BY `wj_action`.`id`
[Thu, 28 May 15 17:26:31 +0800][INFO] SELECT IF(COUNT(*)>0, 1 , 0) FROM `INFORMATION_SCHEMA`.`TABLES` WHERE `TABLE_NAME` = 'wj_action' AND `TABLE_SCHEMA` = DATABASE()
[Thu, 28 May 15 17:26:31 +0800][INFO] DESCRIBE `wj_action`
[Thu, 28 May 15 17:26:31 +0800][INFO] SELECT `wj_action`.`id` AS `id`, `wj_action`.`action_code` AS `action_code`, `wj_action`.`pid` AS `pid`, `wj_action`.`related` AS `related` FROM wj_action ORDER BY `wj_action`.`id`
[Thu, 28 May 15 17:26:40 +0800][INFO] SELECT IF(COUNT(*)>0, 1 , 0) FROM `INFORMATION_SCHEMA`.`TABLES` WHERE `TABLE_NAME` = 'wj_action' AND `TABLE_SCHEMA` = DATABASE()
[Thu, 28 May 15 17:26:40 +0800][INFO] DESCRIBE `wj_action`
[Thu, 28 May 15 17:26:40 +0800][INFO] SELECT `wj_action`.`id` AS `id`, `wj_action`.`action_code` AS `action_code`, `wj_action`.`pid` AS `pid`, `wj_action`.`related` AS `related` FROM wj_action ORDER BY `wj_action`.`id`
[Thu, 28 May 15 17:26:56 +0800][INFO] SELECT IF(COUNT(*)>0, 1 , 0) FROM `INFORMATION_SCHEMA`.`TABLES` WHERE `TABLE_NAME` = 'wj_action' AND `TABLE_SCHEMA` = DATABASE()
[Thu, 28 May 15 17:26:56 +0800][INFO] DESCRIBE `wj_action`
[Thu, 28 May 15 17:26:56 +0800][INFO] SELECT `wj_action`.`id` AS `id`, `wj_action`.`action_code` AS `action_code`, `wj_action`.`pid` AS `pid`, `wj_action`.`related` AS `related` FROM wj_action ORDER BY `wj_action`.`id`
[Thu, 28 May 15 17:32:29 +0800][INFO] SELECT IF(COUNT(*)>0, 1 , 0) FROM `INFORMATION_SCHEMA`.`TABLES` WHERE `TABLE_NAME` = 'wj_action' AND `TABLE_SCHEMA` = DATABASE()
[Thu, 28 May 15 17:32:29 +0800][INFO] DESCRIBE `wj_action`
[Thu, 28 May 15 17:32:29 +0800][INFO] SELECT `wj_action`.`id` AS `id`, `wj_action`.`action_code` AS `action_code`, `wj_action`.`pid` AS `pid`, `wj_action`.`related` AS `related` FROM wj_action ORDER BY `wj_action`.`id`
[Thu, 28 May 15 17:32:30 +0800][INFO] SELECT IF(COUNT(*)>0, 1 , 0) FROM `INFORMATION_SCHEMA`.`TABLES` WHERE `TABLE_NAME` = 'wj_action' AND `TABLE_SCHEMA` = DATABASE()
[Thu, 28 May 15 17:32:30 +0800][INFO] DESCRIBE `wj_action`
[Thu, 28 May 15 17:32:30 +0800][INFO] SELECT `wj_action`.`id` AS `id`, `wj_action`.`action_code` AS `action_code`, `wj_action`.`pid` AS `pid`, `wj_action`.`related` AS `related` FROM wj_action ORDER BY `wj_action`.`id`
[Thu, 28 May 15 17:34:09 +0800][INFO] SELECT IF(COUNT(*)>0, 1 , 0) FROM `INFORMATION_SCHEMA`.`TABLES` WHERE `TABLE_NAME` = 'wj_action' AND `TABLE_SCHEMA` = DATABASE()
[Thu, 28 May 15 17:34:09 +0800][INFO] DESCRIBE `wj_action`
[Thu, 28 May 15 17:34:09 +0800][INFO] SELECT `wj_action`.`id` AS `id`, `wj_action`.`action_code` AS `action_code`, `wj_action`.`pid` AS `pid`, `wj_action`.`related` AS `related` FROM wj_action ORDER BY `wj_action`.`id`
[Thu, 28 May 15 17:35:26 +0800][INFO] SELECT IF(COUNT(*)>0, 1 , 0) FROM `INFORMATION_SCHEMA`.`TABLES` WHERE `TABLE_NAME` = 'wj_action' AND `TABLE_SCHEMA` = DATABASE()
[Thu, 28 May 15 17:35:26 +0800][INFO] DESCRIBE `wj_action`
[Thu, 28 May 15 17:35:26 +0800][INFO] SELECT `wj_action`.`id` AS `id`, `wj_action`.`action_code` AS `action_code`, `wj_action`.`pid` AS `pid`, `wj_action`.`related` AS `related` FROM wj_action ORDER BY `wj_action`.`id`
[Thu, 28 May 15 17:36:33 +0800][INFO] SELECT IF(COUNT(*)>0, 1 , 0) FROM `INFORMATION_SCHEMA`.`TABLES` WHERE `TABLE_NAME` = 'wj_users' AND `TABLE_SCHEMA` = DATABASE()
[Thu, 28 May 15 17:36:33 +0800][INFO] DESCRIBE `wj_users`
[Thu, 28 May 15 17:36:33 +0800][INFO] SELECT `wj_users`.`id` AS `id`, `wj_users`.`name` AS `name`, `wj_users`.`pass` AS `pass` FROM wj_users WHERE `wj_users`.`name` = 'root' LIMIT 1
[Thu, 28 May 15 17:36:33 +0800][INFO] SELECT `wj_users`.`id` AS `id`, `wj_users`.`name` AS `name`, `wj_users`.`pass` AS `pass` FROM wj_users WHERE `wj_users`.`name` = 'root' AND `wj_users`.`pass` = 'b9be11166d72e9e3ae7fd407165e4bd2' LIMIT 1
[Thu, 28 May 15 17:52:07 +0800][INFO] SELECT IF(COUNT(*)>0, 1 , 0) FROM `INFORMATION_SCHEMA`.`TABLES` WHERE `TABLE_NAME` = 'wj_users' AND `TABLE_SCHEMA` = DATABASE()
[Thu, 28 May 15 17:52:07 +0800][INFO] DESCRIBE `wj_users`
[Thu, 28 May 15 17:52:07 +0800][INFO] SELECT `wj_users`.`id` AS `id`, `wj_users`.`name` AS `name`, `wj_users`.`pass` AS `pass` FROM wj_users WHERE `wj_users`.`name` = 'root' LIMIT 1
[Thu, 28 May 15 17:52:07 +0800][INFO] SELECT `wj_users`.`id` AS `id`, `wj_users`.`name` AS `name`, `wj_users`.`pass` AS `pass` FROM wj_users WHERE `wj_users`.`name` = 'root' AND `wj_users`.`pass` = 'b9be11166d72e9e3ae7fd407165e4bd2' LIMIT 1
[Thu, 28 May 15 18:00:05 +0800][INFO] SELECT IF(COUNT(*)>0, 1 , 0) FROM `INFORMATION_SCHEMA`.`TABLES` WHERE `TABLE_NAME` = 'wj_users' AND `TABLE_SCHEMA` = DATABASE()
[Thu, 28 May 15 18:00:05 +0800][INFO] DESCRIBE `wj_users`
[Thu, 28 May 15 18:00:05 +0800][INFO] SELECT `wj_users`.`id` AS `id`, `wj_users`.`name` AS `name`, `wj_users`.`pass` AS `pass` FROM wj_users WHERE `wj_users`.`name` = 'root' LIMIT 1
[Thu, 28 May 15 18:00:05 +0800][INFO] SELECT `wj_users`.`id` AS `id`, `wj_users`.`name` AS `name`, `wj_users`.`pass` AS `pass` FROM wj_users WHERE `wj_users`.`name` = 'root' AND `wj_users`.`pass` = 'f5bc2647b05112ad5026630a44b30b3c' LIMIT 1
[Thu, 28 May 15 18:05:56 +0800][INFO] SELECT IF(COUNT(*)>0, 1 , 0) FROM `INFORMATION_SCHEMA`.`TABLES` WHERE `TABLE_NAME` = 'wj_users' AND `TABLE_SCHEMA` = DATABASE()
[Thu, 28 May 15 18:05:56 +0800][INFO] DESCRIBE `wj_users`
[Thu, 28 May 15 18:05:56 +0800][INFO] SELECT `wj_users`.`id` AS `id`, `wj_users`.`name` AS `name`, `wj_users`.`pass` AS `pass` FROM wj_users WHERE `wj_users`.`name` = 'root' LIMIT 1
[Thu, 28 May 15 18:05:56 +0800][INFO] SELECT `wj_users`.`id` AS `id`, `wj_users`.`name` AS `name`, `wj_users`.`pass` AS `pass` FROM wj_users WHERE `wj_users`.`name` = 'root' AND `wj_users`.`pass` = 'f5bc2647b05112ad5026630a44b30b3c' LIMIT 1
[Thu, 28 May 15 18:05:58 +0800][INFO] SELECT IF(COUNT(*)>0, 1 , 0) FROM `INFORMATION_SCHEMA`.`TABLES` WHERE `TABLE_NAME` = 'wj_users' AND `TABLE_SCHEMA` = DATABASE()
[Thu, 28 May 15 18:05:58 +0800][INFO] DESCRIBE `wj_users`
[Thu, 28 May 15 18:05:58 +0800][INFO] SELECT `wj_users`.`id` AS `id`, `wj_users`.`name` AS `name`, `wj_users`.`pass` AS `pass` FROM wj_users WHERE `wj_users`.`name` = 'root' LIMIT 1
[Thu, 28 May 15 18:05:58 +0800][INFO] SELECT `wj_users`.`id` AS `id`, `wj_users`.`name` AS `name`, `wj_users`.`pass` AS `pass` FROM wj_users WHERE `wj_users`.`name` = 'root' AND `wj_users`.`pass` = 'f5bc2647b05112ad5026630a44b30b3c' LIMIT 1
[Thu, 28 May 15 18:06:08 +0800][INFO] SELECT IF(COUNT(*)>0, 1 , 0) FROM `INFORMATION_SCHEMA`.`TABLES` WHERE `TABLE_NAME` = 'wj_users' AND `TABLE_SCHEMA` = DATABASE()
[Thu, 28 May 15 18:06:08 +0800][INFO] DESCRIBE `wj_users`
[Thu, 28 May 15 18:06:08 +0800][INFO] SELECT `wj_users`.`id` AS `id`, `wj_users`.`name` AS `name`, `wj_users`.`pass` AS `pass` FROM wj_users WHERE `wj_users`.`name` = 'root' LIMIT 1
[Thu, 28 May 15 18:06:08 +0800][INFO] SELECT `wj_users`.`id` AS `id`, `wj_users`.`name` AS `name`, `wj_users`.`pass` AS `pass` FROM wj_users WHERE `wj_users`.`name` = 'root' AND `wj_users`.`pass` = 'f5bc2647b05112ad5026630a44b30b3c' LIMIT 1
[Thu, 28 May 15 18:12:08 +0800][INFO] SELECT IF(COUNT(*)>0, 1 , 0) FROM `INFORMATION_SCHEMA`.`TABLES` WHERE `TABLE_NAME` = 'wj_users' AND `TABLE_SCHEMA` = DATABASE()
[Thu, 28 May 15 18:12:08 +0800][INFO] DESCRIBE `wj_users`
[Thu, 28 May 15 18:12:08 +0800][INFO] SELECT `wj_users`.`id` AS `id`, `wj_users`.`name` AS `name`, `wj_users`.`pass` AS `pass` FROM wj_users WHERE `wj_users`.`name` = 'root' LIMIT 1
[Thu, 28 May 15 18:12:08 +0800][INFO] SELECT `wj_users`.`id` AS `id`, `wj_users`.`name` AS `name`, `wj_users`.`pass` AS `pass` FROM wj_users WHERE `wj_users`.`name` = 'root' AND `wj_users`.`pass` = 'f5bc2647b05112ad5026630a44b30b3c' LIMIT 1
[Thu, 28 May 15 18:17:56 +0800][INFO] SELECT IF(COUNT(*)>0, 1 , 0) FROM `INFORMATION_SCHEMA`.`TABLES` WHERE `TABLE_NAME` = 'wj_users' AND `TABLE_SCHEMA` = DATABASE()
[Thu, 28 May 15 18:17:56 +0800][INFO] DESCRIBE `wj_users`
[Thu, 28 May 15 18:17:56 +0800][INFO] SELECT `wj_users`.`id` AS `id`, `wj_users`.`name` AS `name`, `wj_users`.`pass` AS `pass` FROM wj_users WHERE `wj_users`.`name` = 'root' LIMIT 1
[Thu, 28 May 15 18:17:56 +0800][INFO] SELECT `wj_users`.`id` AS `id`, `wj_users`.`name` AS `name`, `wj_users`.`pass` AS `pass` FROM wj_users WHERE `wj_users`.`name` = 'root' AND `wj_users`.`pass` = 'f5bc2647b05112ad5026630a44b30b3c' LIMIT 1
[Thu, 28 May 15 18:17:58 +0800][INFO] SELECT IF(COUNT(*)>0, 1 , 0) FROM `INFORMATION_SCHEMA`.`TABLES` WHERE `TABLE_NAME` = 'wj_users' AND `TABLE_SCHEMA` = DATABASE()
[Thu, 28 May 15 18:17:58 +0800][INFO] DESCRIBE `wj_users`
[Thu, 28 May 15 18:17:58 +0800][INFO] SELECT `wj_users`.`id` AS `id`, `wj_users`.`name` AS `name`, `wj_users`.`pass` AS `pass` FROM wj_users WHERE `wj_users`.`name` = 'root' LIMIT 1
[Thu, 28 May 15 18:17:58 +0800][INFO] SELECT `wj_users`.`id` AS `id`, `wj_users`.`name` AS `name`, `wj_users`.`pass` AS `pass` FROM wj_users WHERE `wj_users`.`name` = 'root' AND `wj_users`.`pass` = 'f5bc2647b05112ad5026630a44b30b3c' LIMIT 1
[Thu, 28 May 15 18:18:43 +0800][INFO] SELECT IF(COUNT(*)>0, 1 , 0) FROM `INFORMATION_SCHEMA`.`TABLES` WHERE `TABLE_NAME` = 'wj_users' AND `TABLE_SCHEMA` = DATABASE()
[Thu, 28 May 15 18:18:43 +0800][INFO] DESCRIBE `wj_users`
[Thu, 28 May 15 18:18:43 +0800][INFO] SELECT `wj_users`.`id` AS `id`, `wj_users`.`name` AS `name`, `wj_users`.`pass` AS `pass` FROM wj_users WHERE `wj_users`.`name` = 'root' LIMIT 1
[Thu, 28 May 15 18:18:43 +0800][INFO] SELECT `wj_users`.`id` AS `id`, `wj_users`.`name` AS `name`, `wj_users`.`pass` AS `pass` FROM wj_users WHERE `wj_users`.`name` = 'root' AND `wj_users`.`pass` = 'f5bc2647b05112ad5026630a44b30b3c' LIMIT 1
[Thu, 28 May 15 18:35:22 +0800][INFO] SELECT IF(COUNT(*)>0, 1 , 0) FROM `INFORMATION_SCHEMA`.`TABLES` WHERE `TABLE_NAME` = 'wj_users' AND `TABLE_SCHEMA` = DATABASE()
[Thu, 28 May 15 18:35:22 +0800][INFO] DESCRIBE `wj_users`
[Thu, 28 May 15 18:35:22 +0800][INFO] SELECT `wj_users`.`id` AS `id`, `wj_users`.`name` AS `name`, `wj_users`.`pass` AS `pass` FROM wj_users WHERE `wj_users`.`name` = 'root' LIMIT 1
[Thu, 28 May 15 18:37:19 +0800][INFO] SELECT IF(COUNT(*)>0, 1 , 0) FROM `INFORMATION_SCHEMA`.`TABLES` WHERE `TABLE_NAME` = 'wj_users' AND `TABLE_SCHEMA` = DATABASE()
[Thu, 28 May 15 18:37:19 +0800][INFO] DESCRIBE `wj_users`
[Thu, 28 May 15 18:37:19 +0800][INFO] SELECT `wj_users`.`id` AS `id`, `wj_users`.`name` AS `name`, `wj_users`.`pass` AS `pass` FROM wj_users WHERE `wj_users`.`name` = 'root' LIMIT 1
[Thu, 28 May 15 18:41:54 +0800][INFO] SELECT IF(COUNT(*)>0, 1 , 0) FROM `INFORMATION_SCHEMA`.`TABLES` WHERE `TABLE_NAME` = 'wj_users' AND `TABLE_SCHEMA` = DATABASE()
[Thu, 28 May 15 18:41:54 +0800][INFO] DESCRIBE `wj_users`
[Thu, 28 May 15 18:41:54 +0800][INFO] SELECT `wj_users`.`id` AS `id`, `wj_users`.`name` AS `name`, `wj_users`.`pass` AS `pass` FROM wj_users WHERE `wj_users`.`name` = 'root' LIMIT 1
[Thu, 28 May 15 18:41:54 +0800][INFO] SELECT `wj_users`.`id` AS `id`, `wj_users`.`name` AS `name`, `wj_users`.`pass` AS `pass` FROM wj_users WHERE `wj_users`.`name` = 'root' AND `wj_users`.`pass` = 'f5bc2647b05112ad5026630a44b30b3c' LIMIT 1
[Thu, 28 May 15 18:41:56 +0800][INFO] SELECT IF(COUNT(*)>0, 1 , 0) FROM `INFORMATION_SCHEMA`.`TABLES` WHERE `TABLE_NAME` = 'wj_users' AND `TABLE_SCHEMA` = DATABASE()
[Thu, 28 May 15 18:41:56 +0800][INFO] DESCRIBE `wj_users`
[Thu, 28 May 15 18:41:56 +0800][INFO] SELECT `wj_users`.`id` AS `id`, `wj_users`.`name` AS `name`, `wj_users`.`pass` AS `pass` FROM wj_users WHERE `wj_users`.`name` = 'root' LIMIT 1
[Thu, 28 May 15 18:41:56 +0800][INFO] SELECT `wj_users`.`id` AS `id`, `wj_users`.`name` AS `name`, `wj_users`.`pass` AS `pass` FROM wj_users WHERE `wj_users`.`name` = 'root' AND `wj_users`.`pass` = 'f5bc2647b05112ad5026630a44b30b3c' LIMIT 1
[Thu, 28 May 15 18:45:22 +0800][INFO] SELECT IF(COUNT(*)>0, 1 , 0) FROM `INFORMATION_SCHEMA`.`TABLES` WHERE `TABLE_NAME` = 'wj_users' AND `TABLE_SCHEMA` = DATABASE()
[Thu, 28 May 15 18:45:22 +0800][INFO] DESCRIBE `wj_users`
[Thu, 28 May 15 18:45:22 +0800][INFO] SELECT `wj_users`.`id` AS `id`, `wj_users`.`name` AS `name`, `wj_users`.`pass` AS `pass` FROM wj_users WHERE `wj_users`.`name` = 'root' LIMIT 1
[Thu, 28 May 15 18:45:22 +0800][INFO] SELECT `wj_users`.`id` AS `id`, `wj_users`.`name` AS `name`, `wj_users`.`pass` AS `pass` FROM wj_users WHERE `wj_users`.`name` = 'root' AND `wj_users`.`pass` = 'f5bc2647b05112ad5026630a44b30b3c' LIMIT 1
[Thu, 28 May 15 18:48:01 +0800][INFO] SELECT IF(COUNT(*)>0, 1 , 0) FROM `INFORMATION_SCHEMA`.`TABLES` WHERE `TABLE_NAME` = 'wj_users' AND `TABLE_SCHEMA` = DATABASE()
[Thu, 28 May 15 18:48:01 +0800][INFO] DESCRIBE `wj_users`
[Thu, 28 May 15 18:48:01 +0800][INFO] SELECT `wj_users`.`id` AS `id`, `wj_users`.`name` AS `name`, `wj_users`.`pass` AS `pass` FROM wj_users WHERE `wj_users`.`name` = 'root' LIMIT 1
[Thu, 28 May 15 18:48:01 +0800][INFO] SELECT `wj_users`.`id` AS `id`, `wj_users`.`name` AS `name`, `wj_users`.`pass` AS `pass` FROM wj_users WHERE `wj_users`.`name` = 'root' AND `wj_users`.`pass` = 'f5bc2647b05112ad5026630a44b30b3c' LIMIT 1
[Thu, 28 May 15 18:52:02 +0800][INFO] SELECT IF(COUNT(*)>0, 1 , 0) FROM `INFORMATION_SCHEMA`.`TABLES` WHERE `TABLE_NAME` = 'wj_users' AND `TABLE_SCHEMA` = DATABASE()
[Thu, 28 May 15 18:52:02 +0800][INFO] DESCRIBE `wj_users`
[Thu, 28 May 15 18:52:02 +0800][INFO] SELECT `wj_users`.`id` AS `id`, `wj_users`.`name` AS `name`, `wj_users`.`pass` AS `pass` FROM wj_users WHERE `wj_users`.`name` = 'root' LIMIT 1
[Thu, 28 May 15 18:52:02 +0800][INFO] SELECT `wj_users`.`id` AS `id`, `wj_users`.`name` AS `name`, `wj_users`.`pass` AS `pass` FROM wj_users WHERE `wj_users`.`name` = 'root' AND `wj_users`.`pass` = 'f5bc2647b05112ad5026630a44b30b3c' LIMIT 1
[Thu, 28 May 15 18:53:31 +0800][INFO] SELECT IF(COUNT(*)>0, 1 , 0) FROM `INFORMATION_SCHEMA`.`TABLES` WHERE `TABLE_NAME` = 'wj_users' AND `TABLE_SCHEMA` = DATABASE()
[Thu, 28 May 15 18:53:31 +0800][INFO] DESCRIBE `wj_users`
[Thu, 28 May 15 18:53:31 +0800][INFO] SELECT `wj_users`.`id` AS `id`, `wj_users`.`name` AS `name`, `wj_users`.`pass` AS `pass` FROM wj_users WHERE `wj_users`.`name` = 'root' LIMIT 1
[Thu, 28 May 15 18:53:31 +0800][INFO] SELECT `wj_users`.`id` AS `id`, `wj_users`.`name` AS `name`, `wj_users`.`pass` AS `pass` FROM wj_users WHERE `wj_users`.`name` = 'root' AND `wj_users`.`pass` = 'b9be11166d72e9e3ae7fd407165e4bd2' LIMIT 1
[Thu, 28 May 15 19:04:59 +0800][INFO] SELECT IF(COUNT(*)>0, 1 , 0) FROM `INFORMATION_SCHEMA`.`TABLES` WHERE `TABLE_NAME` = 'wj_users' AND `TABLE_SCHEMA` = DATABASE()
[Thu, 28 May 15 19:04:59 +0800][INFO] DESCRIBE `wj_users`
[Thu, 28 May 15 19:04:59 +0800][INFO] SELECT `wj_users`.`id` AS `id`, `wj_users`.`name` AS `name`, `wj_users`.`pass` AS `pass` FROM wj_users WHERE `wj_users`.`name` = 'root' LIMIT 1
[Thu, 28 May 15 19:04:59 +0800][INFO] SELECT `wj_users`.`id` AS `id`, `wj_users`.`name` AS `name`, `wj_users`.`pass` AS `pass` FROM wj_users WHERE `wj_users`.`name` = 'root' AND `wj_users`.`pass` = 'b9be11166d72e9e3ae7fd407165e4bd2' LIMIT 1
[Thu, 28 May 15 19:05:35 +0800][INFO] SELECT IF(COUNT(*)>0, 1 , 0) FROM `INFORMATION_SCHEMA`.`TABLES` WHERE `TABLE_NAME` = 'wj_users' AND `TABLE_SCHEMA` = DATABASE()
[Thu, 28 May 15 19:05:35 +0800][INFO] DESCRIBE `wj_users`
[Thu, 28 May 15 19:05:35 +0800][INFO] SELECT `wj_users`.`id` AS `id`, `wj_users`.`name` AS `name`, `wj_users`.`pass` AS `pass` FROM wj_users WHERE `wj_users`.`name` = 'root' LIMIT 1
[Thu, 28 May 15 19:05:35 +0800][INFO] SELECT `wj_users`.`id` AS `id`, `wj_users`.`name` AS `name`, `wj_users`.`pass` AS `pass` FROM wj_users WHERE `wj_users`.`name` = 'root' AND `wj_users`.`pass` = 'b9be11166d72e9e3ae7fd407165e4bd2' LIMIT 1
[Thu, 28 May 15 19:05:40 +0800][INFO] SELECT IF(COUNT(*)>0, 1 , 0) FROM `INFORMATION_SCHEMA`.`TABLES` WHERE `TABLE_NAME` = 'wj_users' AND `TABLE_SCHEMA` = DATABASE()
[Thu, 28 May 15 19:05:40 +0800][INFO] DESCRIBE `wj_users`
[Thu, 28 May 15 19:05:40 +0800][INFO] SELECT `wj_users`.`id` AS `id`, `wj_users`.`name` AS `name`, `wj_users`.`pass` AS `pass` FROM wj_users WHERE `wj_users`.`name` = 'root' LIMIT 1
[Thu, 28 May 15 19:05:40 +0800][INFO] SELECT `wj_users`.`id` AS `id`, `wj_users`.`name` AS `name`, `wj_users`.`pass` AS `pass` FROM wj_users WHERE `wj_users`.`name` = 'root' AND `wj_users`.`pass` = 'b9be11166d72e9e3ae7fd407165e4bd2' LIMIT 1
[Thu, 28 May 15 19:06:12 +0800][INFO] SELECT IF(COUNT(*)>0, 1 , 0) FROM `INFORMATION_SCHEMA`.`TABLES` WHERE `TABLE_NAME` = 'wj_users' AND `TABLE_SCHEMA` = DATABASE()
[Thu, 28 May 15 19:06:12 +0800][INFO] DESCRIBE `wj_users`
[Thu, 28 May 15 19:06:12 +0800][INFO] SELECT `wj_users`.`id` AS `id`, `wj_users`.`name` AS `name`, `wj_users`.`pass` AS `pass` FROM wj_users WHERE `wj_users`.`name` = 'root' LIMIT 1
[Thu, 28 May 15 19:06:12 +0800][INFO] SELECT `wj_users`.`id` AS `id`, `wj_users`.`name` AS `name`, `wj_users`.`pass` AS `pass` FROM wj_users WHERE `wj_users`.`name` = 'root' AND `wj_users`.`pass` = 'b9be11166d72e9e3ae7fd407165e4bd2' LIMIT 1
[Thu, 28 May 15 19:06:15 +0800][INFO] SELECT IF(COUNT(*)>0, 1 , 0) FROM `INFORMATION_SCHEMA`.`TABLES` WHERE `TABLE_NAME` = 'wj_users' AND `TABLE_SCHEMA` = DATABASE()
[Thu, 28 May 15 19:06:15 +0800][INFO] DESCRIBE `wj_users`
[Thu, 28 May 15 19:06:15 +0800][INFO] SELECT `wj_users`.`id` AS `id`, `wj_users`.`name` AS `name`, `wj_users`.`pass` AS `pass` FROM wj_users WHERE `wj_users`.`name` = 'root' LIMIT 1
[Thu, 28 May 15 19:06:15 +0800][INFO] SELECT `wj_users`.`id` AS `id`, `wj_users`.`name` AS `name`, `wj_users`.`pass` AS `pass` FROM wj_users WHERE `wj_users`.`name` = 'root' AND `wj_users`.`pass` = 'b9be11166d72e9e3ae7fd407165e4bd2' LIMIT 1
[Thu, 28 May 15 19:06:33 +0800][INFO] SELECT IF(COUNT(*)>0, 1 , 0) FROM `INFORMATION_SCHEMA`.`TABLES` WHERE `TABLE_NAME` = 'wj_users' AND `TABLE_SCHEMA` = DATABASE()
[Thu, 28 May 15 19:06:33 +0800][INFO] DESCRIBE `wj_users`
[Thu, 28 May 15 19:06:33 +0800][INFO] SELECT `wj_users`.`id` AS `id`, `wj_users`.`name` AS `name`, `wj_users`.`pass` AS `pass` FROM wj_users WHERE `wj_users`.`name` = 'root' LIMIT 1
[Thu, 28 May 15 19:06:33 +0800][INFO] SELECT `wj_users`.`id` AS `id`, `wj_users`.`name` AS `name`, `wj_users`.`pass` AS `pass` FROM wj_users WHERE `wj_users`.`name` = 'root' AND `wj_users`.`pass` = 'b9be11166d72e9e3ae7fd407165e4bd2' LIMIT 1
[Thu, 28 May 15 19:06:36 +0800][INFO] SELECT IF(COUNT(*)>0, 1 , 0) FROM `INFORMATION_SCHEMA`.`TABLES` WHERE `TABLE_NAME` = 'wj_users' AND `TABLE_SCHEMA` = DATABASE()
[Thu, 28 May 15 19:06:36 +0800][INFO] DESCRIBE `wj_users`
[Thu, 28 May 15 19:06:36 +0800][INFO] SELECT `wj_users`.`id` AS `id`, `wj_users`.`name` AS `name`, `wj_users`.`pass` AS `pass` FROM wj_users WHERE `wj_users`.`name` = 'root' LIMIT 1
[Thu, 28 May 15 19:06:36 +0800][INFO] SELECT `wj_users`.`id` AS `id`, `wj_users`.`name` AS `name`, `wj_users`.`pass` AS `pass` FROM wj_users WHERE `wj_users`.`name` = 'root' AND `wj_users`.`pass` = 'b9be11166d72e9e3ae7fd407165e4bd2' LIMIT 1
[Thu, 28 May 15 19:07:57 +0800][INFO] SELECT IF(COUNT(*)>0, 1 , 0) FROM `INFORMATION_SCHEMA`.`TABLES` WHERE `TABLE_NAME` = 'wj_users' AND `TABLE_SCHEMA` = DATABASE()
[Thu, 28 May 15 19:07:57 +0800][INFO] DESCRIBE `wj_users`
[Thu, 28 May 15 19:07:57 +0800][INFO] SELECT `wj_users`.`id` AS `id`, `wj_users`.`name` AS `name`, `wj_users`.`pass` AS `pass` FROM wj_users WHERE `wj_users`.`name` = 'root' LIMIT 1
[Thu, 28 May 15 19:07:57 +0800][INFO] SELECT COUNT(*) AS `total` FROM wj_users WHERE `wj_users`.`name` = 'root' AND `wj_users`.`pass` = 'b9be11166d72e9e3ae7fd407165e4bd2' LIMIT 1
[Thu, 28 May 15 19:13:04 +0800][INFO] SELECT IF(COUNT(*)>0, 1 , 0) FROM `INFORMATION_SCHEMA`.`TABLES` WHERE `TABLE_NAME` = 'wj_users' AND `TABLE_SCHEMA` = DATABASE()
[Thu, 28 May 15 19:13:04 +0800][INFO] DESCRIBE `wj_users`
[Thu, 28 May 15 19:13:04 +0800][INFO] SELECT `wj_users`.`id` AS `id`, `wj_users`.`name` AS `name`, `wj_users`.`pass` AS `pass` FROM wj_users WHERE `wj_users`.`name` = 'root' LIMIT 1
[Thu, 28 May 15 19:13:04 +0800][INFO] SELECT `wj_users`.`id` AS `id`, `wj_users`.`name` AS `name`, `wj_users`.`pass` AS `pass` FROM wj_users WHERE `wj_users`.`name` = 'root' AND `wj_users`.`pass` = 'b9be11166d72e9e3ae7fd407165e4bd2' LIMIT 1
[Thu, 28 May 15 19:21:31 +0800][INFO] SELECT IF(COUNT(*)>0, 1 , 0) FROM `INFORMATION_SCHEMA`.`TABLES` WHERE `TABLE_NAME` = 'wj_users' AND `TABLE_SCHEMA` = DATABASE()
[Thu, 28 May 15 19:21:31 +0800][INFO] DESCRIBE `wj_users`
[Thu, 28 May 15 19:21:31 +0800][INFO] SELECT `wj_users`.`id` AS `id`, `wj_users`.`name` AS `name`, `wj_users`.`pass` AS `pass` FROM wj_users WHERE `wj_users`.`name` = 'root' LIMIT 1
[Thu, 28 May 15 19:21:31 +0800][INFO] SELECT `wj_users`.`id` AS `id`, `wj_users`.`name` AS `name`, `wj_users`.`pass` AS `pass` FROM wj_users WHERE `wj_users`.`name` = 'root' AND `wj_users`.`pass` = 'b9be11166d72e9e3ae7fd407165e4bd2' LIMIT 1
[Thu, 28 May 15 19:27:45 +0800][INFO] SELECT IF(COUNT(*)>0, 1 , 0) FROM `INFORMATION_SCHEMA`.`TABLES` WHERE `TABLE_NAME` = 'wj_action' AND `TABLE_SCHEMA` = DATABASE()
[Thu, 28 May 15 19:27:45 +0800][INFO] DESCRIBE `wj_action`
[Thu, 28 May 15 19:27:45 +0800][INFO] SELECT `wj_action`.`id`, `wj_action`.`action_code`, `wj_action`.`pid`, `wj_action`.`related` FROM wj_action ORDER BY `wj_action`.`id`
[Thu, 28 May 15 19:35:54 +0800][INFO] SELECT IF(COUNT(*)>0, 1 , 0) FROM `INFORMATION_SCHEMA`.`TABLES` WHERE `TABLE_NAME` = 'wj_action' AND `TABLE_SCHEMA` = DATABASE()
[Thu, 28 May 15 19:35:54 +0800][INFO] DESCRIBE `wj_action`
[Thu, 28 May 15 19:35:54 +0800][INFO] SELECT `wj_action`.`id`, `wj_action`.`action_code`, `wj_action`.`pid`, `wj_action`.`related` FROM wj_action ORDER BY `wj_action`.`id`
[Thu, 28 May 15 19:39:11 +0800][INFO] SELECT IF(COUNT(*)>0, 1 , 0) FROM `INFORMATION_SCHEMA`.`TABLES` WHERE `TABLE_NAME` = 'wj_action' AND `TABLE_SCHEMA` = DATABASE()
[Thu, 28 May 15 19:39:11 +0800][INFO] DESCRIBE `wj_action`
[Thu, 28 May 15 19:39:11 +0800][INFO] SELECT `wj_action`.`id`, `wj_action`.`action_code`, `wj_action`.`pid`, `wj_action`.`related` FROM wj_action ORDER BY `wj_action`.`id`
[Thu, 28 May 15 19:39:29 +0800][INFO] SELECT IF(COUNT(*)>0, 1 , 0) FROM `INFORMATION_SCHEMA`.`TABLES` WHERE `TABLE_NAME` = 'wj_action' AND `TABLE_SCHEMA` = DATABASE()
[Thu, 28 May 15 19:39:29 +0800][INFO] DESCRIBE `wj_action`
[Thu, 28 May 15 19:39:29 +0800][INFO] SELECT `wj_action`.`id`, `wj_action`.`action_code`, `wj_action`.`pid`, `wj_action`.`related` FROM wj_action ORDER BY `wj_action`.`id`
[Thu, 28 May 15 19:40:14 +0800][INFO] SELECT IF(COUNT(*)>0, 1 , 0) FROM `INFORMATION_SCHEMA`.`TABLES` WHERE `TABLE_NAME` = 'wj_action' AND `TABLE_SCHEMA` = DATABASE()
[Thu, 28 May 15 19:40:14 +0800][INFO] DESCRIBE `wj_action`
[Thu, 28 May 15 19:40:14 +0800][INFO] SELECT `wj_action`.`id`, `wj_action`.`action_code`, `wj_action`.`pid`, `wj_action`.`related` FROM wj_action ORDER BY `wj_action`.`id`
[Thu, 28 May 15 19:46:13 +0800][INFO] SELECT IF(COUNT(*)>0, 1 , 0) FROM `INFORMATION_SCHEMA`.`TABLES` WHERE `TABLE_NAME` = 'wj_action' AND `TABLE_SCHEMA` = DATABASE()
[Thu, 28 May 15 19:46:13 +0800][INFO] DESCRIBE `wj_action`
[Thu, 28 May 15 19:46:13 +0800][INFO] SELECT `wj_action`.`id`, `wj_action`.`action_code`, `wj_action`.`pid`, `wj_action`.`related` FROM wj_action WHERE `wj_action`.`id` = 1 ORDER BY `wj_action`.`id`
[Thu, 28 May 15 19:46:26 +0800][INFO] SELECT IF(COUNT(*)>0, 1 , 0) FROM `INFORMATION_SCHEMA`.`TABLES` WHERE `TABLE_NAME` = 'wj_action' AND `TABLE_SCHEMA` = DATABASE()
[Thu, 28 May 15 19:46:26 +0800][INFO] DESCRIBE `wj_action`
[Thu, 28 May 15 19:46:26 +0800][INFO] SELECT `wj_action`.`id`, `wj_action`.`action_code`, `wj_action`.`pid`, `wj_action`.`related` FROM wj_action WHERE 1 = 1 ORDER BY `wj_action`.`id`
[Thu, 28 May 15 19:52:13 +0800][INFO] SELECT IF(COUNT(*)>0, 1 , 0) FROM `INFORMATION_SCHEMA`.`TABLES` WHERE `TABLE_NAME` = 'wj_action' AND `TABLE_SCHEMA` = DATABASE()
[Thu, 28 May 15 19:52:13 +0800][INFO] DESCRIBE `wj_action`
[Thu, 28 May 15 19:52:13 +0800][INFO] SELECT `wj_action`.`id`, `wj_action`.`action_code`, `wj_action`.`pid`, `wj_action`.`related` FROM wj_action WHERE 1 = 1 ORDER BY `wj_action`.`id`
[Thu, 28 May 15 19:57:00 +0800][INFO] SELECT IF(COUNT(*)>0, 1 , 0) FROM `INFORMATION_SCHEMA`.`TABLES` WHERE `TABLE_NAME` = 'wj_action' AND `TABLE_SCHEMA` = DATABASE()
[Thu, 28 May 15 19:57:00 +0800][INFO] DESCRIBE `wj_action`
[Thu, 28 May 15 19:57:00 +0800][INFO] SELECT `wj_action`.`id`, `wj_action`.`action_code`, `wj_action`.`pid`, `wj_action`.`related` FROM wj_action WHERE 1 = 1 ORDER BY `wj_action`.`id`
[Thu, 28 May 15 19:58:47 +0800][INFO] SELECT IF(COUNT(*)>0, 1 , 0) FROM `INFORMATION_SCHEMA`.`TABLES` WHERE `TABLE_NAME` = 'wj_action' AND `TABLE_SCHEMA` = DATABASE()
[Thu, 28 May 15 19:58:47 +0800][INFO] DESCRIBE `wj_action`
[Thu, 28 May 15 19:58:47 +0800][INFO] SELECT `wj_action`.`id`, `wj_action`.`action_code`, `wj_action`.`pid`, `wj_action`.`related` FROM wj_action WHERE 1 = 1 ORDER BY `wj_action`.`id`
[Thu, 28 May 15 20:04:13 +0800][INFO] SELECT IF(COUNT(*)>0, 1 , 0) FROM `INFORMATION_SCHEMA`.`TABLES` WHERE `TABLE_NAME` = 'wj_action' AND `TABLE_SCHEMA` = DATABASE()
[Thu, 28 May 15 20:04:13 +0800][INFO] DESCRIBE `wj_action`
[Thu, 28 May 15 20:04:13 +0800][INFO] SELECT `wj_action`.`id`, `wj_action`.`action_code`, `wj_action`.`pid`, `wj_action`.`related` FROM wj_action WHERE 1 = 1 ORDER BY `wj_action`.`id`
[Thu, 28 May 15 20:12:13 +0800][INFO] SELECT IF(COUNT(*)>0, 1 , 0) FROM `INFORMATION_SCHEMA`.`TABLES` WHERE `TABLE_NAME` = 'wj_action' AND `TABLE_SCHEMA` = DATABASE()
[Thu, 28 May 15 20:12:13 +0800][INFO] DESCRIBE `wj_action`
[Thu, 28 May 15 20:12:13 +0800][INFO] SELECT `wj_action`.`id`, `wj_action`.`action_code`, `wj_action`.`pid`, `wj_action`.`related` FROM wj_action WHERE 1 = 1
[Thu, 28 May 15 20:12:59 +0800][INFO] SELECT IF(COUNT(*)>0, 1 , 0) FROM `INFORMATION_SCHEMA`.`TABLES` WHERE `TABLE_NAME` = 'wj_action' AND `TABLE_SCHEMA` = DATABASE()
[Thu, 28 May 15 20:12:59 +0800][INFO] DESCRIBE `wj_action`
[Thu, 28 May 15 20:12:59 +0800][INFO] SELECT `wj_action`.`id`, `wj_action`.`action_code`, `wj_action`.`pid`, `wj_action`.`related` FROM wj_action WHERE 1 = 1
[Thu, 28 May 15 20:13:19 +0800][INFO] SELECT IF(COUNT(*)>0, 1 , 0) FROM `INFORMATION_SCHEMA`.`TABLES` WHERE `TABLE_NAME` = 'wj_action' AND `TABLE_SCHEMA` = DATABASE()
[Thu, 28 May 15 20:13:19 +0800][INFO] DESCRIBE `wj_action`
[Thu, 28 May 15 20:13:19 +0800][INFO] SELECT `wj_action`.`id`, `wj_action`.`action_code`, `wj_action`.`pid`, `wj_action`.`related` FROM wj_action WHERE 1 = 1
[Thu, 28 May 15 20:13:19 +0800][INFO] SELECT `wj_action`.`id`, `wj_action`.`action_code`, `wj_action`.`pid`, `wj_action`.`related` FROM wj_action WHERE 1 = 1
[Thu, 28 May 15 20:13:32 +0800][INFO] SELECT IF(COUNT(*)>0, 1 , 0) FROM `INFORMATION_SCHEMA`.`TABLES` WHERE `TABLE_NAME` = 'wj_action' AND `TABLE_SCHEMA` = DATABASE()
[Thu, 28 May 15 20:13:32 +0800][INFO] DESCRIBE `wj_action`
[Thu, 28 May 15 20:13:32 +0800][INFO] SELECT `wj_action`.`id`, `wj_action`.`action_code`, `wj_action`.`pid`, `wj_action`.`related` FROM wj_action WHERE 1 = 1
[Thu, 28 May 15 20:13:39 +0800][INFO] SELECT IF(COUNT(*)>0, 1 , 0) FROM `INFORMATION_SCHEMA`.`TABLES` WHERE `TABLE_NAME` = 'wj_action' AND `TABLE_SCHEMA` = DATABASE()
[Thu, 28 May 15 20:13:39 +0800][INFO] DESCRIBE `wj_action`
[Thu, 28 May 15 20:13:39 +0800][INFO] SELECT `wj_action`.`id`, `wj_action`.`action_code`, `wj_action`.`pid`, `wj_action`.`related` FROM wj_action WHERE `wj_action`.`id` = 1
[Thu, 28 May 15 20:13:41 +0800][INFO] SELECT IF(COUNT(*)>0, 1 , 0) FROM `INFORMATION_SCHEMA`.`TABLES` WHERE `TABLE_NAME` = 'wj_action' AND `TABLE_SCHEMA` = DATABASE()
[Thu, 28 May 15 20:13:41 +0800][INFO] DESCRIBE `wj_action`
[Thu, 28 May 15 20:13:41 +0800][INFO] SELECT `wj_action`.`id`, `wj_action`.`action_code`, `wj_action`.`pid`, `wj_action`.`related` FROM wj_action WHERE `wj_action`.`id` = 1
[Thu, 28 May 15 20:14:04 +0800][INFO] SELECT IF(COUNT(*)>0, 1 , 0) FROM `INFORMATION_SCHEMA`.`TABLES` WHERE `TABLE_NAME` = 'wj_action' AND `TABLE_SCHEMA` = DATABASE()
[Thu, 28 May 15 20:14:04 +0800][INFO] DESCRIBE `wj_action`
[Thu, 28 May 15 20:14:04 +0800][INFO] SELECT `wj_action`.`id`, `wj_action`.`action_code`, `wj_action`.`pid`, `wj_action`.`related` FROM wj_action
[Thu, 28 May 15 20:14:28 +0800][INFO] SELECT IF(COUNT(*)>0, 1 , 0) FROM `INFORMATION_SCHEMA`.`TABLES` WHERE `TABLE_NAME` = 'wj_action' AND `TABLE_SCHEMA` = DATABASE()
[Thu, 28 May 15 20:14:28 +0800][INFO] DESCRIBE `wj_action`
[Thu, 28 May 15 20:14:28 +0800][INFO] SELECT `wj_action`.`id`, `wj_action`.`action_code`, `wj_action`.`pid`, `wj_action`.`related` FROM wj_action WHERE `wj_action`.`id` = 1
[Thu, 28 May 15 20:14:29 +0800][INFO] SELECT IF(COUNT(*)>0, 1 , 0) FROM `INFORMATION_SCHEMA`.`TABLES` WHERE `TABLE_NAME` = 'wj_action' AND `TABLE_SCHEMA` = DATABASE()
[Thu, 28 May 15 20:14:29 +0800][INFO] DESCRIBE `wj_action`
[Thu, 28 May 15 20:14:29 +0800][INFO] SELECT `wj_action`.`id`, `wj_action`.`action_code`, `wj_action`.`pid`, `wj_action`.`related` FROM wj_action WHERE `wj_action`.`id` = 1
[Thu, 28 May 15 20:14:57 +0800][INFO] SELECT IF(COUNT(*)>0, 1 , 0) FROM `INFORMATION_SCHEMA`.`TABLES` WHERE `TABLE_NAME` = 'wj_action' AND `TABLE_SCHEMA` = DATABASE()
[Thu, 28 May 15 20:14:57 +0800][INFO] DESCRIBE `wj_action`
[Thu, 28 May 15 20:14:57 +0800][INFO] SELECT `wj_action`.`id`, `wj_action`.`action_code`, `wj_action`.`pid`, `wj_action`.`related` FROM wj_action WHERE `wj_action`.`id` = 45
[Thu, 28 May 15 20:18:38 +0800][INFO] SELECT IF(COUNT(*)>0, 1 , 0) FROM `INFORMATION_SCHEMA`.`TABLES` WHERE `TABLE_NAME` = 'wj_action' AND `TABLE_SCHEMA` = DATABASE()
[Thu, 28 May 15 20:18:38 +0800][INFO] DESCRIBE `wj_action`
[Thu, 28 May 15 20:18:38 +0800][INFO] SELECT `wj_action`.`id`, `wj_action`.`action_code`, `wj_action`.`pid`, `wj_action`.`related` FROM wj_action WHERE 1 = 1
[Thu, 28 May 15 20:19:53 +0800][INFO] SELECT IF(COUNT(*)>0, 1 , 0) FROM `INFORMATION_SCHEMA`.`TABLES` WHERE `TABLE_NAME` = 'wj_action' AND `TABLE_SCHEMA` = DATABASE()
[Thu, 28 May 15 20:19:53 +0800][INFO] DESCRIBE `wj_action`
[Thu, 28 May 15 20:19:53 +0800][INFO] SELECT `wj_action`.`id`, `wj_action`.`action_code`, `wj_action`.`pid`, `wj_action`.`related` FROM wj_action WHERE `wj_action`.`id` = 1
[Thu, 28 May 15 20:20:04 +0800][INFO] SELECT IF(COUNT(*)>0, 1 , 0) FROM `INFORMATION_SCHEMA`.`TABLES` WHERE `TABLE_NAME` = 'wj_action' AND `TABLE_SCHEMA` = DATABASE()
[Thu, 28 May 15 20:20:04 +0800][INFO] DESCRIBE `wj_action`
[Thu, 28 May 15 20:20:04 +0800][INFO] SELECT `wj_action`.`id`, `wj_action`.`action_code`, `wj_action`.`pid`, `wj_action`.`related` FROM wj_action WHERE `wj_action`.`id` = 1
[Thu, 28 May 15 20:20:58 +0800][INFO] SELECT IF(COUNT(*)>0, 1 , 0) FROM `INFORMATION_SCHEMA`.`TABLES` WHERE `TABLE_NAME` = 'wj_action' AND `TABLE_SCHEMA` = DATABASE()
[Thu, 28 May 15 20:20:58 +0800][INFO] DESCRIBE `wj_action`
[Thu, 28 May 15 20:20:58 +0800][INFO] SELECT `wj_action`.`id`, `wj_action`.`action_code`, `wj_action`.`pid`, `wj_action`.`related` FROM wj_action WHERE `wj_action`.`id` = 1
[Thu, 28 May 15 20:21:08 +0800][INFO] SELECT IF(COUNT(*)>0, 1 , 0) FROM `INFORMATION_SCHEMA`.`TABLES` WHERE `TABLE_NAME` = 'wj_action' AND `TABLE_SCHEMA` = DATABASE()
[Thu, 28 May 15 20:21:08 +0800][INFO] DESCRIBE `wj_action`
[Thu, 28 May 15 20:21:08 +0800][INFO] SELECT `wj_action`.`id`, `wj_action`.`action_code`, `wj_action`.`pid`, `wj_action`.`related` FROM wj_action WHERE 1 = 1
[Thu, 28 May 15 20:21:44 +0800][INFO] SELECT IF(COUNT(*)>0, 1 , 0) FROM `INFORMATION_SCHEMA`.`TABLES` WHERE `TABLE_NAME` = 'wj_action' AND `TABLE_SCHEMA` = DATABASE()
[Thu, 28 May 15 20:21:44 +0800][INFO] DESCRIBE `wj_action`
[Thu, 28 May 15 20:21:44 +0800][INFO] SELECT `wj_action`.`id`, `wj_action`.`action_code`, `wj_action`.`pid`, `wj_action`.`related` FROM wj_action WHERE 1 = 1
[Thu, 28 May 15 20:21:44 +0800][INFO] SELECT `wj_action`.`id`, `wj_action`.`action_code`, `wj_action`.`pid`, `wj_action`.`related` FROM wj_action WHERE 1 = 1
[Thu, 28 May 15 20:22:09 +0800][INFO] SELECT IF(COUNT(*)>0, 1 , 0) FROM `INFORMATION_SCHEMA`.`TABLES` WHERE `TABLE_NAME` = 'wj_action' AND `TABLE_SCHEMA` = DATABASE()
[Thu, 28 May 15 20:22:09 +0800][INFO] DESCRIBE `wj_action`
[Thu, 28 May 15 20:22:09 +0800][INFO] SELECT `wj_action`.`id`, `wj_action`.`action_code`, `wj_action`.`pid`, `wj_action`.`related` FROM wj_action WHERE 1 = 1
[Thu, 28 May 15 20:22:14 +0800][INFO] SELECT IF(COUNT(*)>0, 1 , 0) FROM `INFORMATION_SCHEMA`.`TABLES` WHERE `TABLE_NAME` = 'wj_action' AND `TABLE_SCHEMA` = DATABASE()
[Thu, 28 May 15 20:22:14 +0800][INFO] DESCRIBE `wj_action`
[Thu, 28 May 15 20:22:14 +0800][INFO] SELECT `wj_action`.`id`, `wj_action`.`action_code`, `wj_action`.`pid`, `wj_action`.`related` FROM wj_action WHERE 1 = 1
[Thu, 28 May 15 20:23:47 +0800][INFO] SELECT IF(COUNT(*)>0, 1 , 0) FROM `INFORMATION_SCHEMA`.`TABLES` WHERE `TABLE_NAME` = 'wj_action' AND `TABLE_SCHEMA` = DATABASE()
[Thu, 28 May 15 20:23:47 +0800][INFO] DESCRIBE `wj_action`
[Thu, 28 May 15 20:23:57 +0800][INFO] SELECT IF(COUNT(*)>0, 1 , 0) FROM `INFORMATION_SCHEMA`.`TABLES` WHERE `TABLE_NAME` = 'wj_action' AND `TABLE_SCHEMA` = DATABASE()
[Thu, 28 May 15 20:23:57 +0800][INFO] DESCRIBE `wj_action`
[Thu, 28 May 15 20:23:59 +0800][INFO] SELECT IF(COUNT(*)>0, 1 , 0) FROM `INFORMATION_SCHEMA`.`TABLES` WHERE `TABLE_NAME` = 'wj_action' AND `TABLE_SCHEMA` = DATABASE()
[Thu, 28 May 15 20:23:59 +0800][INFO] DESCRIBE `wj_action`
[Thu, 28 May 15 20:24:28 +0800][INFO] SELECT IF(COUNT(*)>0, 1 , 0) FROM `INFORMATION_SCHEMA`.`TABLES` WHERE `TABLE_NAME` = 'wj_action' AND `TABLE_SCHEMA` = DATABASE()
[Thu, 28 May 15 20:24:28 +0800][INFO] DESCRIBE `wj_action`
[Thu, 28 May 15 20:24:28 +0800][INFO] SELECT `wj_action`.`id`, `wj_action`.`action_code`, `wj_action`.`pid`, `wj_action`.`related` FROM wj_action WHERE 1 = 1
[Thu, 28 May 15 20:24:28 +0800][INFO] SELECT `wj_action`.`id`, `wj_action`.`action_code`, `wj_action`.`pid`, `wj_action`.`related` FROM wj_action WHERE 1 = 1
[Thu, 28 May 15 20:25:19 +0800][INFO] SELECT IF(COUNT(*)>0, 1 , 0) FROM `INFORMATION_SCHEMA`.`TABLES` WHERE `TABLE_NAME` = 'wj_action' AND `TABLE_SCHEMA` = DATABASE()
[Thu, 28 May 15 20:25:19 +0800][INFO] DESCRIBE `wj_action`
[Thu, 28 May 15 20:25:19 +0800][INFO] SELECT `wj_action`.`id`, `wj_action`.`action_code`, `wj_action`.`pid`, `wj_action`.`related` FROM wj_action WHERE 1 = 1
[Thu, 28 May 15 20:28:29 +0800][INFO] SELECT IF(COUNT(*)>0, 1 , 0) FROM `INFORMATION_SCHEMA`.`TABLES` WHERE `TABLE_NAME` = 'wj_action' AND `TABLE_SCHEMA` = DATABASE()
[Thu, 28 May 15 20:28:29 +0800][INFO] DESCRIBE `wj_action`
[Thu, 28 May 15 20:28:29 +0800][INFO] SELECT `wj_action`.`id`, `wj_action`.`action_code`, `wj_action`.`pid`, `wj_action`.`related` FROM wj_action WHERE 1 = 1
[Thu, 28 May 15 20:28:29 +0800][INFO] SELECT `wj_action`.`id`, `wj_action`.`action_code`, `wj_action`.`pid`, `wj_action`.`related` FROM wj_action WHERE 1 = 1
[Thu, 28 May 15 20:29:11 +0800][INFO] SELECT IF(COUNT(*)>0, 1 , 0) FROM `INFORMATION_SCHEMA`.`TABLES` WHERE `TABLE_NAME` = 'wj_action' AND `TABLE_SCHEMA` = DATABASE()
[Thu, 28 May 15 20:29:11 +0800][INFO] DESCRIBE `wj_action`
[Thu, 28 May 15 20:29:11 +0800][INFO] SELECT `wj_action`.`id`, `wj_action`.`action_code`, `wj_action`.`pid`, `wj_action`.`related` FROM wj_action WHERE 1 = 1
[Thu, 28 May 15 20:29:29 +0800][INFO] SELECT IF(COUNT(*)>0, 1 , 0) FROM `INFORMATION_SCHEMA`.`TABLES` WHERE `TABLE_NAME` = 'wj_action' AND `TABLE_SCHEMA` = DATABASE()
[Thu, 28 May 15 20:29:29 +0800][INFO] DESCRIBE `wj_action`
[Thu, 28 May 15 20:29:29 +0800][INFO] SELECT `wj_action`.`id`, `wj_action`.`action_code`, `wj_action`.`pid`, `wj_action`.`related` FROM wj_action WHERE 1 = 1
[Thu, 28 May 15 20:29:41 +0800][INFO] SELECT IF(COUNT(*)>0, 1 , 0) FROM `INFORMATION_SCHEMA`.`TABLES` WHERE `TABLE_NAME` = 'wj_action' AND `TABLE_SCHEMA` = DATABASE()
[Thu, 28 May 15 20:29:41 +0800][INFO] DESCRIBE `wj_action`
[Thu, 28 May 15 20:29:41 +0800][INFO] SELECT `wj_action`.`id`, `wj_action`.`action_code`, `wj_action`.`pid`, `wj_action`.`related` FROM wj_action WHERE 1 = 1
[Thu, 28 May 15 20:29:43 +0800][INFO] SELECT IF(COUNT(*)>0, 1 , 0) FROM `INFORMATION_SCHEMA`.`TABLES` WHERE `TABLE_NAME` = 'wj_action' AND `TABLE_SCHEMA` = DATABASE()
[Thu, 28 May 15 20:29:43 +0800][INFO] DESCRIBE `wj_action`
[Thu, 28 May 15 20:29:43 +0800][INFO] SELECT `wj_action`.`id`, `wj_action`.`action_code`, `wj_action`.`pid`, `wj_action`.`related` FROM wj_action WHERE 1 = 1
[Thu, 28 May 15 20:30:06 +0800][INFO] SELECT IF(COUNT(*)>0, 1 , 0) FROM `INFORMATION_SCHEMA`.`TABLES` WHERE `TABLE_NAME` = 'wj_action' AND `TABLE_SCHEMA` = DATABASE()
[Thu, 28 May 15 20:30:06 +0800][INFO] DESCRIBE `wj_action`
[Thu, 28 May 15 20:30:06 +0800][INFO] SELECT `wj_action`.`id`, `wj_action`.`action_code`, `wj_action`.`pid`, `wj_action`.`related` FROM wj_action WHERE 1 = 1
[Thu, 28 May 15 20:30:09 +0800][INFO] SELECT IF(COUNT(*)>0, 1 , 0) FROM `INFORMATION_SCHEMA`.`TABLES` WHERE `TABLE_NAME` = 'wj_action' AND `TABLE_SCHEMA` = DATABASE()
[Thu, 28 May 15 20:30:09 +0800][INFO] DESCRIBE `wj_action`
[Thu, 28 May 15 20:30:09 +0800][INFO] SELECT `wj_action`.`id`, `wj_action`.`action_code`, `wj_action`.`pid`, `wj_action`.`related` FROM wj_action WHERE 1 = 1
[Thu, 28 May 15 20:31:59 +0800][INFO] SELECT IF(COUNT(*)>0, 1 , 0) FROM `INFORMATION_SCHEMA`.`TABLES` WHERE `TABLE_NAME` = 'wj_action' AND `TABLE_SCHEMA` = DATABASE()
[Thu, 28 May 15 20:31:59 +0800][INFO] DESCRIBE `wj_action`
[Thu, 28 May 15 20:31:59 +0800][INFO] SELECT `wj_action`.`id`, `wj_action`.`action_code`, `wj_action`.`pid`, `wj_action`.`related` FROM wj_action WHERE 1 = 1
[Thu, 28 May 15 20:34:02 +0800][INFO] SELECT IF(COUNT(*)>0, 1 , 0) FROM `INFORMATION_SCHEMA`.`TABLES` WHERE `TABLE_NAME` = 'wj_action' AND `TABLE_SCHEMA` = DATABASE()
[Thu, 28 May 15 20:34:02 +0800][INFO] DESCRIBE `wj_action`
[Thu, 28 May 15 20:34:02 +0800][INFO] SELECT `wj_action`.`id`, `wj_action`.`action_code`, `wj_action`.`pid`, `wj_action`.`related` FROM wj_action WHERE 1 = 1 ORDER BY `wj_action`.`id`
[Thu, 28 May 15 20:34:03 +0800][INFO] SELECT IF(COUNT(*)>0, 1 , 0) FROM `INFORMATION_SCHEMA`.`TABLES` WHERE `TABLE_NAME` = 'wj_action' AND `TABLE_SCHEMA` = DATABASE()
[Thu, 28 May 15 20:34:03 +0800][INFO] DESCRIBE `wj_action`
[Thu, 28 May 15 20:34:03 +0800][INFO] SELECT `wj_action`.`id`, `wj_action`.`action_code`, `wj_action`.`pid`, `wj_action`.`related` FROM wj_action WHERE 1 = 1 ORDER BY `wj_action`.`id`
[Thu, 28 May 15 20:35:06 +0800][INFO] SELECT IF(COUNT(*)>0, 1 , 0) FROM `INFORMATION_SCHEMA`.`TABLES` WHERE `TABLE_NAME` = 'wj_action' AND `TABLE_SCHEMA` = DATABASE()
[Thu, 28 May 15 20:35:06 +0800][INFO] DESCRIBE `wj_action`
[Thu, 28 May 15 20:35:06 +0800][INFO] SELECT `wj_action`.`id`, `wj_action`.`action_code`, `wj_action`.`pid`, `wj_action`.`related` FROM wj_action WHERE 1 = 1 ORDER BY `wj_action`.`id`
[Thu, 28 May 15 20:35:07 +0800][INFO] SELECT IF(COUNT(*)>0, 1 , 0) FROM `INFORMATION_SCHEMA`.`TABLES` WHERE `TABLE_NAME` = 'wj_action' AND `TABLE_SCHEMA` = DATABASE()
[Thu, 28 May 15 20:35:07 +0800][INFO] DESCRIBE `wj_action`
[Thu, 28 May 15 20:35:07 +0800][INFO] SELECT `wj_action`.`id`, `wj_action`.`action_code`, `wj_action`.`pid`, `wj_action`.`related` FROM wj_action WHERE 1 = 1 ORDER BY `wj_action`.`id`
[Thu, 28 May 15 20:35:08 +0800][INFO] SELECT IF(COUNT(*)>0, 1 , 0) FROM `INFORMATION_SCHEMA`.`TABLES` WHERE `TABLE_NAME` = 'wj_action' AND `TABLE_SCHEMA` = DATABASE()
[Thu, 28 May 15 20:35:08 +0800][INFO] DESCRIBE `wj_action`
[Thu, 28 May 15 20:35:08 +0800][INFO] SELECT `wj_action`.`id`, `wj_action`.`action_code`, `wj_action`.`pid`, `wj_action`.`related` FROM wj_action WHERE 1 = 1 ORDER BY `wj_action`.`id`
[Thu, 28 May 15 20:35:35 +0800][INFO] SELECT IF(COUNT(*)>0, 1 , 0) FROM `INFORMATION_SCHEMA`.`TABLES` WHERE `TABLE_NAME` = 'wj_action' AND `TABLE_SCHEMA` = DATABASE()
[Thu, 28 May 15 20:35:35 +0800][INFO] DESCRIBE `wj_action`
[Thu, 28 May 15 20:35:35 +0800][INFO] SELECT `wj_action`.`id`, `wj_action`.`action_code`, `wj_action`.`pid`, `wj_action`.`related` FROM wj_action WHERE 1 = 1 ORDER BY `wj_action`.`id`
[Mon, 01 Jun 15 17:49:15 +0800][INFO] SELECT IF(COUNT(*)>0, 1 , 0) FROM `INFORMATION_SCHEMA`.`TABLES` WHERE `TABLE_NAME` = 'wj_users' AND `TABLE_SCHEMA` = DATABASE()
[Mon, 01 Jun 15 17:49:15 +0800][INFO] DESCRIBE `wj_users`
[Mon, 01 Jun 15 17:49:15 +0800][INFO] SELECT `wj_users`.`id` AS `id`, `wj_users`.`name` AS `name`, `wj_users`.`pass` AS `pass` FROM wj_users WHERE `wj_users`.`name` = 'root' LIMIT 1
[Mon, 01 Jun 15 17:49:15 +0800][INFO] SELECT `wj_users`.`id` AS `id`, `wj_users`.`name` AS `name`, `wj_users`.`pass` AS `pass` FROM wj_users WHERE `wj_users`.`name` = 'root' AND `wj_users`.`pass` = 'b9be11166d72e9e3ae7fd407165e4bd2' LIMIT 1
[Mon, 01 Jun 15 17:50:30 +0800][INFO] SELECT IF(COUNT(*)>0, 1 , 0) FROM `INFORMATION_SCHEMA`.`TABLES` WHERE `TABLE_NAME` = 'wj_users' AND `TABLE_SCHEMA` = DATABASE()
[Mon, 01 Jun 15 17:50:30 +0800][INFO] DESCRIBE `wj_users`
[Mon, 01 Jun 15 17:50:30 +0800][INFO] SELECT `wj_users`.`id` AS `id`, `wj_users`.`name` AS `name` FROM wj_users WHERE `wj_users`.`id` = 1 ORDER BY `wj_users`.`id` LIMIT 5
[Mon, 01 Jun 15 17:50:30 +0800][INFO] SELECT COUNT(*) AS `rowcount` FROM wj_users WHERE `wj_users`.`id` = 1
[Mon, 01 Jun 15 17:50:30 +0800][INFO] SELECT `wj_users`.`id` AS `id`, `wj_users`.`name` AS `name` FROM wj_users WHERE `wj_users`.`id` = 1 ORDER BY `wj_users`.`id`
[Mon, 01 Jun 15 17:51:59 +0800][INFO] SELECT IF(COUNT(*)>0, 1 , 0) FROM `INFORMATION_SCHEMA`.`TABLES` WHERE `TABLE_NAME` = 'wj_users' AND `TABLE_SCHEMA` = DATABASE()
[Mon, 01 Jun 15 17:51:59 +0800][INFO] DESCRIBE `wj_users`
[Mon, 01 Jun 15 17:51:59 +0800][INFO] SELECT `wj_users`.`id` AS `id`, `wj_users`.`name` AS `name` FROM wj_users WHERE `wj_users`.`id` = 1 ORDER BY `wj_users`.`id` LIMIT 5
[Mon, 01 Jun 15 17:51:59 +0800][INFO] SELECT COUNT(*) AS `rowcount` FROM wj_users WHERE `wj_users`.`id` = 1
[Mon, 01 Jun 15 17:51:59 +0800][INFO] SELECT `wj_users`.`id` AS `id`, `wj_users`.`name` AS `name` FROM wj_users WHERE `wj_users`.`id` = 1 ORDER BY `wj_users`.`id`
[Mon, 01 Jun 15 17:55:58 +0800][INFO] SELECT IF(COUNT(*)>0, 1 , 0) FROM `INFORMATION_SCHEMA`.`TABLES` WHERE `TABLE_NAME` = 'wj_users' AND `TABLE_SCHEMA` = DATABASE()
[Mon, 01 Jun 15 17:55:58 +0800][INFO] DESCRIBE `wj_users`
[Mon, 01 Jun 15 17:55:58 +0800][INFO] SELECT `wj_users`.`id` AS `id`, `wj_users`.`name` AS `name` FROM wj_users WHERE `wj_users`.`id` = 1 ORDER BY `wj_users`.`id` LIMIT 5
[Mon, 01 Jun 15 17:55:58 +0800][INFO] SELECT COUNT(*) AS `rowcount` FROM wj_users WHERE `wj_users`.`id` = 1
[Mon, 01 Jun 15 17:55:58 +0800][INFO] SELECT `wj_users`.`id` AS `id`, `wj_users`.`name` AS `name` FROM wj_users WHERE `wj_users`.`id` = 1 ORDER BY `wj_users`.`id`
[Mon, 01 Jun 15 18:12:22 +0800][INFO] SELECT IF(COUNT(*)>0, 1 , 0) FROM `INFORMATION_SCHEMA`.`TABLES` WHERE `TABLE_NAME` = 'wj_users' AND `TABLE_SCHEMA` = DATABASE()
[Mon, 01 Jun 15 18:12:22 +0800][INFO] DESCRIBE `wj_users`
[Mon, 01 Jun 15 18:12:22 +0800][INFO] SELECT `wj_users`.`id` AS `id`, `wj_users`.`name` AS `name` FROM wj_users WHERE `wj_users`.`id` = 1 ORDER BY `wj_users`.`id` LIMIT 5
[Mon, 01 Jun 15 18:12:22 +0800][INFO] SELECT COUNT(*) AS `rowcount` FROM wj_users WHERE `wj_users`.`id` = 1
[Mon, 01 Jun 15 18:12:22 +0800][INFO] SELECT `wj_users`.`id` AS `id`, `wj_users`.`name` AS `name` FROM wj_users WHERE `wj_users`.`id` = 1 ORDER BY `wj_users`.`id`
[Mon, 01 Jun 15 18:15:12 +0800][INFO] SELECT IF(COUNT(*)>0, 1 , 0) FROM `INFORMATION_SCHEMA`.`TABLES` WHERE `TABLE_NAME` = 'wj_users' AND `TABLE_SCHEMA` = DATABASE()
[Mon, 01 Jun 15 18:15:12 +0800][INFO] DESCRIBE `wj_users`
[Mon, 01 Jun 15 18:15:12 +0800][INFO] SELECT `wj_users`.`id` AS `id`, `wj_users`.`name` AS `name` FROM wj_users WHERE `wj_users`.`id` = 1 ORDER BY `wj_users`.`id` LIMIT 5
[Mon, 01 Jun 15 18:15:12 +0800][INFO] SELECT COUNT(*) AS `rowcount` FROM wj_users WHERE `wj_users`.`id` = 1
[Mon, 01 Jun 15 18:15:12 +0800][INFO] SELECT `wj_users`.`id` AS `id`, `wj_users`.`name` AS `name` FROM wj_users WHERE `wj_users`.`id` = 1 ORDER BY `wj_users`.`id`
[Mon, 01 Jun 15 18:15:35 +0800][INFO] SELECT IF(COUNT(*)>0, 1 , 0) FROM `INFORMATION_SCHEMA`.`TABLES` WHERE `TABLE_NAME` = 'wj_users' AND `TABLE_SCHEMA` = DATABASE()
[Mon, 01 Jun 15 18:15:35 +0800][INFO] DESCRIBE `wj_users`
[Mon, 01 Jun 15 18:15:35 +0800][INFO] SELECT `wj_users`.`id` AS `id`, `wj_users`.`name` AS `name` FROM wj_users WHERE `wj_users`.`id` = 1 ORDER BY `wj_users`.`id` LIMIT 5
[Mon, 01 Jun 15 18:15:35 +0800][INFO] SELECT COUNT(*) AS `rowcount` FROM wj_users WHERE `wj_users`.`id` = 1
[Mon, 01 Jun 15 18:15:35 +0800][INFO] SELECT `wj_users`.`id` AS `id`, `wj_users`.`name` AS `name` FROM wj_users WHERE `wj_users`.`id` = 1 ORDER BY `wj_users`.`id`
[Mon, 01 Jun 15 18:15:54 +0800][INFO] SELECT IF(COUNT(*)>0, 1 , 0) FROM `INFORMATION_SCHEMA`.`TABLES` WHERE `TABLE_NAME` = 'wj_users' AND `TABLE_SCHEMA` = DATABASE()
[Mon, 01 Jun 15 18:15:54 +0800][INFO] DESCRIBE `wj_users`
[Mon, 01 Jun 15 18:15:54 +0800][INFO] SELECT `wj_users`.`id` AS `id`, `wj_users`.`name` AS `name` FROM wj_users WHERE `wj_users`.`id` = 1 ORDER BY `wj_users`.`id` LIMIT 5
[Mon, 01 Jun 15 18:15:54 +0800][INFO] SELECT COUNT(*) AS `rowcount` FROM wj_users WHERE `wj_users`.`id` = 1
[Mon, 01 Jun 15 18:15:54 +0800][INFO] SELECT `wj_users`.`id` AS `id`, `wj_users`.`name` AS `name` FROM wj_users WHERE `wj_users`.`id` = 1 ORDER BY `wj_users`.`id`
[Mon, 01 Jun 15 18:16:04 +0800][INFO] SELECT IF(COUNT(*)>0, 1 , 0) FROM `INFORMATION_SCHEMA`.`TABLES` WHERE `TABLE_NAME` = 'wj_users' AND `TABLE_SCHEMA` = DATABASE()
[Mon, 01 Jun 15 18:16:04 +0800][INFO] DESCRIBE `wj_users`
[Mon, 01 Jun 15 18:16:04 +0800][INFO] SELECT `wj_users`.`id` AS `id`, `wj_users`.`name` AS `name` FROM wj_users WHERE `wj_users`.`id` = 1 ORDER BY `wj_users`.`id` LIMIT 5
[Mon, 01 Jun 15 18:16:04 +0800][INFO] SELECT COUNT(*) AS `rowcount` FROM wj_users WHERE `wj_users`.`id` = 1
[Mon, 01 Jun 15 18:16:04 +0800][INFO] SELECT `wj_users`.`id` AS `id`, `wj_users`.`name` AS `name` FROM wj_users WHERE `wj_users`.`id` = 1 ORDER BY `wj_users`.`id`
[Mon, 01 Jun 15 18:16:57 +0800][INFO] SELECT IF(COUNT(*)>0, 1 , 0) FROM `INFORMATION_SCHEMA`.`TABLES` WHERE `TABLE_NAME` = 'wj_users' AND `TABLE_SCHEMA` = DATABASE()
[Mon, 01 Jun 15 18:16:57 +0800][INFO] DESCRIBE `wj_users`
[Mon, 01 Jun 15 18:16:57 +0800][INFO] SELECT `wj_users`.`id` AS `id`, `wj_users`.`name` AS `name` FROM wj_users WHERE `wj_users`.`id` = 1 ORDER BY `wj_users`.`id` LIMIT 5
[Mon, 01 Jun 15 18:16:57 +0800][INFO] SELECT COUNT(*) AS `rowcount` FROM wj_users WHERE `wj_users`.`id` = 1
[Mon, 01 Jun 15 18:16:57 +0800][INFO] SELECT `wj_users`.`id` AS `id`, `wj_users`.`name` AS `name` FROM wj_users WHERE `wj_users`.`id` = 1 ORDER BY `wj_users`.`id`
[Mon, 01 Jun 15 18:17:19 +0800][INFO] SELECT IF(COUNT(*)>0, 1 , 0) FROM `INFORMATION_SCHEMA`.`TABLES` WHERE `TABLE_NAME` = 'wj_users' AND `TABLE_SCHEMA` = DATABASE()
[Mon, 01 Jun 15 18:17:19 +0800][INFO] DESCRIBE `wj_users`
[Mon, 01 Jun 15 18:17:19 +0800][INFO] SELECT `wj_users`.`id` AS `id`, `wj_users`.`name` AS `name` FROM wj_users WHERE `wj_users`.`id` = 1 ORDER BY `wj_users`.`id` LIMIT 5
[Mon, 01 Jun 15 18:17:19 +0800][INFO] SELECT COUNT(*) AS `rowcount` FROM wj_users WHERE `wj_users`.`id` = 1
[Mon, 01 Jun 15 18:17:19 +0800][INFO] SELECT `wj_users`.`id` AS `id`, `wj_users`.`name` AS `name` FROM wj_users WHERE `wj_users`.`id` = 1 ORDER BY `wj_users`.`id`
[Mon, 01 Jun 15 18:18:20 +0800][INFO] SELECT IF(COUNT(*)>0, 1 , 0) FROM `INFORMATION_SCHEMA`.`TABLES` WHERE `TABLE_NAME` = 'wj_users' AND `TABLE_SCHEMA` = DATABASE()
[Mon, 01 Jun 15 18:18:20 +0800][INFO] DESCRIBE `wj_users`
[Mon, 01 Jun 15 18:18:20 +0800][INFO] SELECT `wj_users`.`id` AS `id`, `wj_users`.`name` AS `name` FROM wj_users WHERE `wj_users`.`id` = 1 ORDER BY `wj_users`.`id` LIMIT 5
[Mon, 01 Jun 15 18:18:20 +0800][INFO] SELECT COUNT(*) AS `rowcount` FROM wj_users WHERE `wj_users`.`id` = 1
[Mon, 01 Jun 15 18:18:20 +0800][INFO] SELECT `wj_users`.`id` AS `id`, `wj_users`.`name` AS `name` FROM wj_users WHERE `wj_users`.`id` = 1 ORDER BY `wj_users`.`id`
[Mon, 01 Jun 15 18:18:45 +0800][INFO] SELECT IF(COUNT(*)>0, 1 , 0) FROM `INFORMATION_SCHEMA`.`TABLES` WHERE `TABLE_NAME` = 'wj_users' AND `TABLE_SCHEMA` = DATABASE()
[Mon, 01 Jun 15 18:18:45 +0800][INFO] DESCRIBE `wj_users`
[Mon, 01 Jun 15 18:18:45 +0800][INFO] SELECT `wj_users`.`id` AS `id`, `wj_users`.`name` AS `name` FROM wj_users WHERE `wj_users`.`id` = 1 ORDER BY `wj_users`.`id` LIMIT 5
[Mon, 01 Jun 15 18:18:45 +0800][INFO] SELECT COUNT(*) AS `rowcount` FROM wj_users WHERE `wj_users`.`id` = 1
[Mon, 01 Jun 15 18:18:45 +0800][INFO] SELECT `wj_users`.`id` AS `id`, `wj_users`.`name` AS `name` FROM wj_users WHERE `wj_users`.`id` = 1 ORDER BY `wj_users`.`id`
[Mon, 01 Jun 15 18:20:47 +0800][INFO] SELECT IF(COUNT(*)>0, 1 , 0) FROM `INFORMATION_SCHEMA`.`TABLES` WHERE `TABLE_NAME` = 'wj_users' AND `TABLE_SCHEMA` = DATABASE()
[Mon, 01 Jun 15 18:20:47 +0800][INFO] DESCRIBE `wj_users`
[Mon, 01 Jun 15 18:20:47 +0800][INFO] SELECT `wj_users`.`id` AS `id`, `wj_users`.`name` AS `name` FROM wj_users WHERE `wj_users`.`id` = 1 ORDER BY `wj_users`.`id` LIMIT 5
[Mon, 01 Jun 15 18:20:47 +0800][INFO] SELECT COUNT(*) AS `rowcount` FROM wj_users WHERE `wj_users`.`id` = 1
[Mon, 01 Jun 15 18:20:47 +0800][INFO] SELECT `wj_users`.`id` AS `id`, `wj_users`.`name` AS `name` FROM wj_users WHERE `wj_users`.`id` = 1 ORDER BY `wj_users`.`id`
[Mon, 01 Jun 15 18:20:58 +0800][INFO] SELECT IF(COUNT(*)>0, 1 , 0) FROM `INFORMATION_SCHEMA`.`TABLES` WHERE `TABLE_NAME` = 'wj_users' AND `TABLE_SCHEMA` = DATABASE()
[Mon, 01 Jun 15 18:20:58 +0800][INFO] DESCRIBE `wj_users`
[Mon, 01 Jun 15 18:20:58 +0800][INFO] SELECT `wj_users`.`id` AS `id`, `wj_users`.`name` AS `name` FROM wj_users WHERE `wj_users`.`id` = 1 ORDER BY `wj_users`.`id` LIMIT 5
[Mon, 01 Jun 15 18:20:58 +0800][INFO] SELECT COUNT(*) AS `rowcount` FROM wj_users WHERE `wj_users`.`id` = 1
[Mon, 01 Jun 15 18:20:58 +0800][INFO] SELECT `wj_users`.`id` AS `id`, `wj_users`.`name` AS `name` FROM wj_users WHERE `wj_users`.`id` = 1 ORDER BY `wj_users`.`id`
[Mon, 01 Jun 15 18:21:47 +0800][INFO] SELECT IF(COUNT(*)>0, 1 , 0) FROM `INFORMATION_SCHEMA`.`TABLES` WHERE `TABLE_NAME` = 'wj_users' AND `TABLE_SCHEMA` = DATABASE()
[Mon, 01 Jun 15 18:21:47 +0800][INFO] DESCRIBE `wj_users`
[Mon, 01 Jun 15 18:21:47 +0800][INFO] SELECT `wj_users`.`id` AS `id`, `wj_users`.`name` AS `name` FROM wj_users WHERE `wj_users`.`id` = 1 ORDER BY `wj_users`.`id` LIMIT 5
[Mon, 01 Jun 15 18:21:47 +0800][INFO] SELECT COUNT(*) AS `rowcount` FROM wj_users WHERE `wj_users`.`id` = 1
[Mon, 01 Jun 15 18:21:47 +0800][INFO] SELECT `wj_users`.`id` AS `id`, `wj_users`.`name` AS `name` FROM wj_users WHERE `wj_users`.`id` = 1 ORDER BY `wj_users`.`id`
[Mon, 01 Jun 15 18:22:12 +0800][INFO] SELECT IF(COUNT(*)>0, 1 , 0) FROM `INFORMATION_SCHEMA`.`TABLES` WHERE `TABLE_NAME` = 'wj_users' AND `TABLE_SCHEMA` = DATABASE()
[Mon, 01 Jun 15 18:22:12 +0800][INFO] DESCRIBE `wj_users`
[Mon, 01 Jun 15 18:22:12 +0800][INFO] SELECT `wj_users`.`id` AS `id`, `wj_users`.`name` AS `name` FROM wj_users WHERE `wj_users`.`id` = 1 ORDER BY `wj_users`.`id` LIMIT 5
[Mon, 01 Jun 15 18:22:12 +0800][INFO] SELECT COUNT(*) AS `rowcount` FROM wj_users WHERE `wj_users`.`id` = 1
[Mon, 01 Jun 15 18:22:12 +0800][INFO] SELECT `wj_users`.`id` AS `id`, `wj_users`.`name` AS `name` FROM wj_users WHERE `wj_users`.`id` = 1 ORDER BY `wj_users`.`id`
[Mon, 01 Jun 15 18:24:21 +0800][INFO] SELECT IF(COUNT(*)>0, 1 , 0) FROM `INFORMATION_SCHEMA`.`TABLES` WHERE `TABLE_NAME` = 'wj_users' AND `TABLE_SCHEMA` = DATABASE()
[Mon, 01 Jun 15 18:24:21 +0800][INFO] DESCRIBE `wj_users`
[Mon, 01 Jun 15 18:24:21 +0800][INFO] SELECT `wj_users`.`id` AS `id`, `wj_users`.`name` AS `name` FROM wj_users WHERE `wj_users`.`id` = 1 ORDER BY `wj_users`.`id` LIMIT 5
[Mon, 01 Jun 15 18:24:21 +0800][INFO] SELECT COUNT(*) AS `rowcount` FROM wj_users WHERE `wj_users`.`id` = 1
[Mon, 01 Jun 15 18:24:21 +0800][INFO] SELECT `wj_users`.`id` AS `id`, `wj_users`.`name` AS `name` FROM wj_users WHERE `wj_users`.`id` = 1 ORDER BY `wj_users`.`id`
[Mon, 01 Jun 15 18:26:52 +0800][INFO] SELECT IF(COUNT(*)>0, 1 , 0) FROM `INFORMATION_SCHEMA`.`TABLES` WHERE `TABLE_NAME` = 'wj_users' AND `TABLE_SCHEMA` = DATABASE()
[Mon, 01 Jun 15 18:26:52 +0800][INFO] DESCRIBE `wj_users`
[Mon, 01 Jun 15 18:26:52 +0800][INFO] SELECT `wj_users`.`id` AS `id`, `wj_users`.`name` AS `name` FROM wj_users WHERE `wj_users`.`id` = 1 ORDER BY `wj_users`.`id` LIMIT 5
[Mon, 01 Jun 15 18:26:52 +0800][INFO] SELECT COUNT(*) AS `rowcount` FROM wj_users WHERE `wj_users`.`id` = 1
[Mon, 01 Jun 15 18:26:52 +0800][INFO] SELECT `wj_users`.`id` AS `id`, `wj_users`.`name` AS `name` FROM wj_users WHERE `wj_users`.`id` = 1 ORDER BY `wj_users`.`id`
[Mon, 01 Jun 15 18:32:24 +0800][INFO] SELECT IF(COUNT(*)>0, 1 , 0) FROM `INFORMATION_SCHEMA`.`TABLES` WHERE `TABLE_NAME` = 'wj_users' AND `TABLE_SCHEMA` = DATABASE()
[Mon, 01 Jun 15 18:32:24 +0800][INFO] DESCRIBE `wj_users`
[Mon, 01 Jun 15 18:32:24 +0800][INFO] SELECT `wj_users`.`id` AS `id`, `wj_users`.`name` AS `name` FROM wj_users WHERE `wj_users`.`id` = 1 ORDER BY `wj_users`.`id` LIMIT 5
[Mon, 01 Jun 15 18:32:24 +0800][INFO] SELECT COUNT(*) AS `rowcount` FROM wj_users WHERE `wj_users`.`id` = 1
[Mon, 01 Jun 15 18:32:24 +0800][INFO] SELECT `wj_users`.`id` AS `id`, `wj_users`.`name` AS `name` FROM wj_users WHERE `wj_users`.`id` = 1 ORDER BY `wj_users`.`id`
[Mon, 01 Jun 15 18:42:13 +0800][INFO] SELECT IF(COUNT(*)>0, 1 , 0) FROM `INFORMATION_SCHEMA`.`TABLES` WHERE `TABLE_NAME` = 'wj_users' AND `TABLE_SCHEMA` = DATABASE()
[Mon, 01 Jun 15 18:42:13 +0800][INFO] DESCRIBE `wj_users`
[Mon, 01 Jun 15 18:42:13 +0800][INFO] SELECT `wj_users`.`id` AS `id`, `wj_users`.`name` AS `name` FROM wj_users WHERE `wj_users`.`id` = 1 ORDER BY `wj_users`.`id` LIMIT 1
[Mon, 01 Jun 15 18:42:13 +0800][INFO] SELECT COUNT(*) AS `rowcount` FROM wj_users WHERE `wj_users`.`id` = 1
[Mon, 01 Jun 15 18:42:13 +0800][INFO] SELECT `wj_users`.`id` AS `id`, `wj_users`.`name` AS `name` FROM wj_users WHERE `wj_users`.`id` = 1 ORDER BY `wj_users`.`id`
[Mon, 01 Jun 15 18:48:54 +0800][INFO] SELECT IF(COUNT(*)>0, 1 , 0) FROM `INFORMATION_SCHEMA`.`TABLES` WHERE `TABLE_NAME` = 'wj_users' AND `TABLE_SCHEMA` = DATABASE()
[Mon, 01 Jun 15 18:48:54 +0800][INFO] DESCRIBE `wj_users`
[Mon, 01 Jun 15 18:48:54 +0800][INFO] SELECT `wj_users`.`id` AS `id`, `wj_users`.`name` AS `name` FROM wj_users WHERE `wj_users`.`id` = 1 ORDER BY `wj_users`.`id` LIMIT 1
[Mon, 01 Jun 15 18:48:54 +0800][INFO] SELECT COUNT(*) AS `rowcount` FROM wj_users WHERE `wj_users`.`id` = 1
[Mon, 01 Jun 15 18:48:54 +0800][INFO] SELECT `wj_users`.`id` AS `id`, `wj_users`.`name` AS `name` FROM wj_users WHERE `wj_users`.`id` = 1 ORDER BY `wj_users`.`id`
[Mon, 01 Jun 15 18:51:07 +0800][INFO] SELECT IF(COUNT(*)>0, 1 , 0) FROM `INFORMATION_SCHEMA`.`TABLES` WHERE `TABLE_NAME` = 'wj_users' AND `TABLE_SCHEMA` = DATABASE()
[Mon, 01 Jun 15 18:51:07 +0800][INFO] DESCRIBE `wj_users`
[Mon, 01 Jun 15 18:51:07 +0800][INFO] SELECT `wj_users`.`id` AS `id`, `wj_users`.`name` AS `name` FROM wj_users WHERE `wj_users`.`id` = 1 ORDER BY `wj_users`.`id` LIMIT 1
[Mon, 01 Jun 15 18:51:07 +0800][INFO] SELECT COUNT(*) AS `rowcount` FROM wj_users WHERE `wj_users`.`id` = 1
[Mon, 01 Jun 15 18:51:07 +0800][INFO] SELECT `wj_users`.`id` AS `id`, `wj_users`.`name` AS `name` FROM wj_users WHERE `wj_users`.`id` = 1 ORDER BY `wj_users`.`id`
[Mon, 01 Jun 15 18:55:56 +0800][INFO] SELECT IF(COUNT(*)>0, 1 , 0) FROM `INFORMATION_SCHEMA`.`TABLES` WHERE `TABLE_NAME` = 'wj_users' AND `TABLE_SCHEMA` = DATABASE()
[Mon, 01 Jun 15 18:55:56 +0800][INFO] DESCRIBE `wj_users`
[Mon, 01 Jun 15 18:55:56 +0800][INFO] SELECT `wj_users`.`id` AS `id`, `wj_users`.`name` AS `name` FROM wj_users WHERE `wj_users`.`id` = 1 ORDER BY `wj_users`.`id` LIMIT 1
[Mon, 01 Jun 15 18:55:56 +0800][INFO] SELECT COUNT(*) AS `rowcount` FROM wj_users WHERE `wj_users`.`id` = 1
[Mon, 01 Jun 15 18:55:56 +0800][INFO] SELECT `wj_users`.`id` AS `id`, `wj_users`.`name` AS `name` FROM wj_users WHERE `wj_users`.`id` = 1 ORDER BY `wj_users`.`id`
[Mon, 01 Jun 15 18:55:58 +0800][INFO] SELECT IF(COUNT(*)>0, 1 , 0) FROM `INFORMATION_SCHEMA`.`TABLES` WHERE `TABLE_NAME` = 'wj_users' AND `TABLE_SCHEMA` = DATABASE()
[Mon, 01 Jun 15 18:55:58 +0800][INFO] DESCRIBE `wj_users`
[Mon, 01 Jun 15 18:55:58 +0800][INFO] SELECT `wj_users`.`id` AS `id`, `wj_users`.`name` AS `name` FROM wj_users WHERE `wj_users`.`id` = 1 ORDER BY `wj_users`.`id` LIMIT 1
[Mon, 01 Jun 15 18:55:58 +0800][INFO] SELECT COUNT(*) AS `rowcount` FROM wj_users WHERE `wj_users`.`id` = 1
[Mon, 01 Jun 15 18:55:58 +0800][INFO] SELECT `wj_users`.`id` AS `id`, `wj_users`.`name` AS `name` FROM wj_users WHERE `wj_users`.`id` = 1 ORDER BY `wj_users`.`id`
[Mon, 01 Jun 15 18:55:59 +0800][INFO] SELECT IF(COUNT(*)>0, 1 , 0) FROM `INFORMATION_SCHEMA`.`TABLES` WHERE `TABLE_NAME` = 'wj_users' AND `TABLE_SCHEMA` = DATABASE()
[Mon, 01 Jun 15 18:55:59 +0800][INFO] DESCRIBE `wj_users`
[Mon, 01 Jun 15 18:55:59 +0800][INFO] SELECT `wj_users`.`id` AS `id`, `wj_users`.`name` AS `name` FROM wj_users WHERE `wj_users`.`id` = 1 ORDER BY `wj_users`.`id` LIMIT 1
[Mon, 01 Jun 15 18:55:59 +0800][INFO] SELECT COUNT(*) AS `rowcount` FROM wj_users WHERE `wj_users`.`id` = 1
[Mon, 01 Jun 15 18:55:59 +0800][INFO] SELECT `wj_users`.`id` AS `id`, `wj_users`.`name` AS `name` FROM wj_users WHERE `wj_users`.`id` = 1 ORDER BY `wj_users`.`id`
[Mon, 01 Jun 15 18:56:35 +0800][INFO] SELECT IF(COUNT(*)>0, 1 , 0) FROM `INFORMATION_SCHEMA`.`TABLES` WHERE `TABLE_NAME` = 'wj_users' AND `TABLE_SCHEMA` = DATABASE()
[Mon, 01 Jun 15 18:56:35 +0800][INFO] DESCRIBE `wj_users`
[Mon, 01 Jun 15 18:56:35 +0800][INFO] SELECT `wj_users`.`id` AS `id`, `wj_users`.`name` AS `name` FROM wj_users WHERE `wj_users`.`id` = 1 ORDER BY `wj_users`.`id` LIMIT 1
[Mon, 01 Jun 15 18:56:35 +0800][INFO] SELECT COUNT(*) AS `rowcount` FROM wj_users WHERE `wj_users`.`id` = 1
[Mon, 01 Jun 15 18:56:35 +0800][INFO] SELECT `wj_users`.`id` AS `id`, `wj_users`.`name` AS `name` FROM wj_users WHERE `wj_users`.`id` = 1 ORDER BY `wj_users`.`id`
[Mon, 01 Jun 15 18:56:36 +0800][INFO] SELECT IF(COUNT(*)>0, 1 , 0) FROM `INFORMATION_SCHEMA`.`TABLES` WHERE `TABLE_NAME` = 'wj_users' AND `TABLE_SCHEMA` = DATABASE()
[Mon, 01 Jun 15 18:56:36 +0800][INFO] DESCRIBE `wj_users`
[Mon, 01 Jun 15 18:56:36 +0800][INFO] SELECT `wj_users`.`id` AS `id`, `wj_users`.`name` AS `name` FROM wj_users WHERE `wj_users`.`id` = 1 ORDER BY `wj_users`.`id` LIMIT 1
[Mon, 01 Jun 15 18:56:36 +0800][INFO] SELECT COUNT(*) AS `rowcount` FROM wj_users WHERE `wj_users`.`id` = 1
[Mon, 01 Jun 15 18:56:36 +0800][INFO] SELECT `wj_users`.`id` AS `id`, `wj_users`.`name` AS `name` FROM wj_users WHERE `wj_users`.`id` = 1 ORDER BY `wj_users`.`id`
[Mon, 01 Jun 15 18:56:37 +0800][INFO] SELECT IF(COUNT(*)>0, 1 , 0) FROM `INFORMATION_SCHEMA`.`TABLES` WHERE `TABLE_NAME` = 'wj_users' AND `TABLE_SCHEMA` = DATABASE()
[Mon, 01 Jun 15 18:56:37 +0800][INFO] DESCRIBE `wj_users`
[Mon, 01 Jun 15 18:56:37 +0800][INFO] SELECT `wj_users`.`id` AS `id`, `wj_users`.`name` AS `name` FROM wj_users WHERE `wj_users`.`id` = 1 ORDER BY `wj_users`.`id` LIMIT 1
[Mon, 01 Jun 15 18:56:37 +0800][INFO] SELECT COUNT(*) AS `rowcount` FROM wj_users WHERE `wj_users`.`id` = 1
[Mon, 01 Jun 15 18:56:37 +0800][INFO] SELECT `wj_users`.`id` AS `id`, `wj_users`.`name` AS `name` FROM wj_users WHERE `wj_users`.`id` = 1 ORDER BY `wj_users`.`id`
[Mon, 01 Jun 15 18:56:39 +0800][INFO] SELECT IF(COUNT(*)>0, 1 , 0) FROM `INFORMATION_SCHEMA`.`TABLES` WHERE `TABLE_NAME` = 'wj_users' AND `TABLE_SCHEMA` = DATABASE()
[Mon, 01 Jun 15 18:56:39 +0800][INFO] DESCRIBE `wj_users`
[Mon, 01 Jun 15 18:56:39 +0800][INFO] SELECT `wj_users`.`id` AS `id`, `wj_users`.`name` AS `name` FROM wj_users WHERE `wj_users`.`id` = 1 ORDER BY `wj_users`.`id` LIMIT 1
[Mon, 01 Jun 15 18:56:39 +0800][INFO] SELECT COUNT(*) AS `rowcount` FROM wj_users WHERE `wj_users`.`id` = 1
[Mon, 01 Jun 15 18:56:39 +0800][INFO] SELECT `wj_users`.`id` AS `id`, `wj_users`.`name` AS `name` FROM wj_users WHERE `wj_users`.`id` = 1 ORDER BY `wj_users`.`id`
[Mon, 01 Jun 15 18:57:54 +0800][INFO] SELECT IF(COUNT(*)>0, 1 , 0) FROM `INFORMATION_SCHEMA`.`TABLES` WHERE `TABLE_NAME` = 'wj_users' AND `TABLE_SCHEMA` = DATABASE()
[Mon, 01 Jun 15 18:57:54 +0800][INFO] DESCRIBE `wj_users`
[Mon, 01 Jun 15 18:57:54 +0800][INFO] SELECT `wj_users`.`id` AS `id`, `wj_users`.`name` AS `name` FROM wj_users WHERE `wj_users`.`id` = 1 ORDER BY `wj_users`.`id` LIMIT 1
[Mon, 01 Jun 15 18:57:54 +0800][INFO] SELECT COUNT(*) AS `rowcount` FROM wj_users WHERE `wj_users`.`id` = 1
[Mon, 01 Jun 15 18:57:54 +0800][INFO] SELECT `wj_users`.`id` AS `id`, `wj_users`.`name` AS `name` FROM wj_users WHERE `wj_users`.`id` = 1 ORDER BY `wj_users`.`id`
[Mon, 01 Jun 15 18:58:50 +0800][INFO] SELECT IF(COUNT(*)>0, 1 , 0) FROM `INFORMATION_SCHEMA`.`TABLES` WHERE `TABLE_NAME` = 'wj_users' AND `TABLE_SCHEMA` = DATABASE()
[Mon, 01 Jun 15 18:58:50 +0800][INFO] DESCRIBE `wj_users`
[Mon, 01 Jun 15 18:58:50 +0800][INFO] SELECT `wj_users`.`id` AS `id`, `wj_users`.`name` AS `name` FROM wj_users WHERE `wj_users`.`id` = 1 ORDER BY `wj_users`.`id` LIMIT 1
[Mon, 01 Jun 15 18:58:50 +0800][INFO] SELECT COUNT(*) AS `rowcount` FROM wj_users WHERE `wj_users`.`id` = 1
[Mon, 01 Jun 15 18:58:50 +0800][INFO] SELECT `wj_users`.`id` AS `id`, `wj_users`.`name` AS `name` FROM wj_users WHERE `wj_users`.`id` = 1 ORDER BY `wj_users`.`id`
[Mon, 01 Jun 15 19:01:22 +0800][INFO] SELECT IF(COUNT(*)>0, 1 , 0) FROM `INFORMATION_SCHEMA`.`TABLES` WHERE `TABLE_NAME` = 'wj_users' AND `TABLE_SCHEMA` = DATABASE()
[Mon, 01 Jun 15 19:01:22 +0800][INFO] DESCRIBE `wj_users`
[Mon, 01 Jun 15 19:01:22 +0800][INFO] SELECT `wj_users`.`id` AS `id`, `wj_users`.`name` AS `name` FROM wj_users WHERE `wj_users`.`id` = 1 ORDER BY `wj_users`.`id` LIMIT 1
[Mon, 01 Jun 15 19:01:22 +0800][INFO] SELECT COUNT(*) AS `rowcount` FROM wj_users WHERE `wj_users`.`id` = 1
[Mon, 01 Jun 15 19:01:22 +0800][INFO] SELECT `wj_users`.`id` AS `id`, `wj_users`.`name` AS `name` FROM wj_users WHERE `wj_users`.`id` = 1 ORDER BY `wj_users`.`id`
[Mon, 01 Jun 15 19:01:34 +0800][INFO] SELECT IF(COUNT(*)>0, 1 , 0) FROM `INFORMATION_SCHEMA`.`TABLES` WHERE `TABLE_NAME` = 'wj_users' AND `TABLE_SCHEMA` = DATABASE()
[Mon, 01 Jun 15 19:01:34 +0800][INFO] DESCRIBE `wj_users`
[Mon, 01 Jun 15 19:01:34 +0800][INFO] SELECT `wj_users`.`id` AS `id`, `wj_users`.`name` AS `name` FROM wj_users WHERE `wj_users`.`id` = 1 ORDER BY `wj_users`.`id` LIMIT 1
[Mon, 01 Jun 15 19:01:34 +0800][INFO] SELECT COUNT(*) AS `rowcount` FROM wj_users WHERE `wj_users`.`id` = 1
[Mon, 01 Jun 15 19:02:52 +0800][INFO] SELECT IF(COUNT(*)>0, 1 , 0) FROM `INFORMATION_SCHEMA`.`TABLES` WHERE `TABLE_NAME` = 'wj_users' AND `TABLE_SCHEMA` = DATABASE()
[Mon, 01 Jun 15 19:02:52 +0800][INFO] DESCRIBE `wj_users`
[Mon, 01 Jun 15 19:02:52 +0800][INFO] SELECT `wj_users`.`id` AS `id`, `wj_users`.`name` AS `name` FROM wj_users WHERE `wj_users`.`id` = 1 ORDER BY `wj_users`.`id` LIMIT 1
[Mon, 01 Jun 15 19:02:52 +0800][INFO] SELECT COUNT(*) AS `rowcount` FROM wj_users WHERE `wj_users`.`id` = 1
[Mon, 01 Jun 15 19:03:32 +0800][INFO] SELECT IF(COUNT(*)>0, 1 , 0) FROM `INFORMATION_SCHEMA`.`TABLES` WHERE `TABLE_NAME` = 'wj_users' AND `TABLE_SCHEMA` = DATABASE()
[Mon, 01 Jun 15 19:03:32 +0800][INFO] DESCRIBE `wj_users`
[Mon, 01 Jun 15 19:03:32 +0800][INFO] SELECT `wj_users`.`id` AS `id`, `wj_users`.`name` AS `name` FROM wj_users WHERE `wj_users`.`id` = 1 ORDER BY `wj_users`.`id` LIMIT 1
[Mon, 01 Jun 15 19:03:32 +0800][INFO] SELECT COUNT(*) AS `rowcount` FROM wj_users WHERE `wj_users`.`id` = 1
[Mon, 01 Jun 15 19:04:13 +0800][INFO] SELECT IF(COUNT(*)>0, 1 , 0) FROM `INFORMATION_SCHEMA`.`TABLES` WHERE `TABLE_NAME` = 'wj_users' AND `TABLE_SCHEMA` = DATABASE()
[Mon, 01 Jun 15 19:04:13 +0800][INFO] DESCRIBE `wj_users`
[Mon, 01 Jun 15 19:04:13 +0800][INFO] SELECT `wj_users`.`id` AS `id`, `wj_users`.`name` AS `name` FROM wj_users WHERE `wj_users`.`id` = 1 ORDER BY `wj_users`.`id` LIMIT 1
[Mon, 01 Jun 15 19:04:13 +0800][INFO] SELECT COUNT(*) AS `rowcount` FROM wj_users WHERE `wj_users`.`id` = 1
[Mon, 01 Jun 15 19:04:13 +0800][INFO] SELECT `wj_users`.`id` AS `id`, `wj_users`.`name` AS `name` FROM wj_users WHERE `wj_users`.`id` = 1 ORDER BY `wj_users`.`id`
[Mon, 01 Jun 15 19:10:56 +0800][INFO] SELECT IF(COUNT(*)>0, 1 , 0) FROM `INFORMATION_SCHEMA`.`TABLES` WHERE `TABLE_NAME` = 'wj_users' AND `TABLE_SCHEMA` = DATABASE()
[Mon, 01 Jun 15 19:10:56 +0800][INFO] DESCRIBE `wj_users`
[Mon, 01 Jun 15 19:10:56 +0800][INFO] SELECT `wj_users`.`id` AS `id`, `wj_users`.`name` AS `name` FROM wj_users WHERE `wj_users`.`id` = 1 ORDER BY `wj_users`.`id` LIMIT 1
[Mon, 01 Jun 15 19:10:56 +0800][INFO] SELECT COUNT(*) AS `rowcount` FROM wj_users WHERE `wj_users`.`id` = 1
[Mon, 01 Jun 15 19:10:56 +0800][INFO] SELECT `wj_users`.`id` AS `id`, `wj_users`.`name` AS `name` FROM wj_users WHERE `wj_users`.`id` = 1 ORDER BY `wj_users`.`id`
[Mon, 01 Jun 15 19:12:08 +0800][INFO] SELECT IF(COUNT(*)>0, 1 , 0) FROM `INFORMATION_SCHEMA`.`TABLES` WHERE `TABLE_NAME` = 'wj_users' AND `TABLE_SCHEMA` = DATABASE()
[Mon, 01 Jun 15 19:12:08 +0800][INFO] DESCRIBE `wj_users`
[Mon, 01 Jun 15 19:12:08 +0800][INFO] SELECT `wj_users`.`id` AS `id`, `wj_users`.`name` AS `name` FROM wj_users WHERE `wj_users`.`id` = 1 ORDER BY `wj_users`.`id` LIMIT 1
[Mon, 01 Jun 15 19:12:08 +0800][INFO] SELECT COUNT(*) AS `rowcount` FROM wj_users WHERE `wj_users`.`id` = 1
[Mon, 01 Jun 15 19:12:08 +0800][INFO] SELECT `wj_users`.`id` AS `id`, `wj_users`.`name` AS `name` FROM wj_users WHERE `wj_users`.`id` = 1 ORDER BY `wj_users`.`id`
[Mon, 01 Jun 15 19:13:12 +0800][INFO] SELECT IF(COUNT(*)>0, 1 , 0) FROM `INFORMATION_SCHEMA`.`TABLES` WHERE `TABLE_NAME` = 'wj_users' AND `TABLE_SCHEMA` = DATABASE()
[Mon, 01 Jun 15 19:13:12 +0800][INFO] DESCRIBE `wj_users`
[Mon, 01 Jun 15 19:13:12 +0800][INFO] SELECT `wj_users`.`id` AS `id`, `wj_users`.`name` AS `name` FROM wj_users WHERE `wj_users`.`id` = 1 ORDER BY `wj_users`.`id` LIMIT 1
[Mon, 01 Jun 15 19:13:12 +0800][INFO] SELECT COUNT(*) AS `rowcount` FROM wj_users WHERE `wj_users`.`id` = 1
[Mon, 01 Jun 15 19:13:12 +0800][INFO] SELECT `wj_users`.`id` AS `id`, `wj_users`.`name` AS `name` FROM wj_users WHERE `wj_users`.`id` = 1 ORDER BY `wj_users`.`id`
[Mon, 01 Jun 15 19:13:35 +0800][INFO] SELECT IF(COUNT(*)>0, 1 , 0) FROM `INFORMATION_SCHEMA`.`TABLES` WHERE `TABLE_NAME` = 'wj_users' AND `TABLE_SCHEMA` = DATABASE()
[Mon, 01 Jun 15 19:13:35 +0800][INFO] DESCRIBE `wj_users`
[Mon, 01 Jun 15 19:13:35 +0800][INFO] SELECT `wj_users`.`id` AS `id`, `wj_users`.`name` AS `name` FROM wj_users WHERE `wj_users`.`id` = 1 ORDER BY `wj_users`.`id` LIMIT 1
[Mon, 01 Jun 15 19:13:35 +0800][INFO] SELECT COUNT(*) AS `rowcount` FROM wj_users WHERE `wj_users`.`id` = 1
[Mon, 01 Jun 15 19:13:35 +0800][INFO] SELECT `wj_users`.`id` AS `id`, `wj_users`.`name` AS `name` FROM wj_users WHERE `wj_users`.`id` = 1 ORDER BY `wj_users`.`id`
[Mon, 01 Jun 15 19:15:39 +0800][INFO] SELECT IF(COUNT(*)>0, 1 , 0) FROM `INFORMATION_SCHEMA`.`TABLES` WHERE `TABLE_NAME` = 'wj_users' AND `TABLE_SCHEMA` = DATABASE()
[Mon, 01 Jun 15 19:15:39 +0800][INFO] DESCRIBE `wj_users`
[Mon, 01 Jun 15 19:15:39 +0800][INFO] SELECT `wj_users`.`id` AS `id`, `wj_users`.`name` AS `name` FROM wj_users WHERE `wj_users`.`id` = 1 ORDER BY `wj_users`.`id` LIMIT 1
[Mon, 01 Jun 15 19:15:39 +0800][INFO] SELECT COUNT(*) AS `rowcount` FROM wj_users WHERE `wj_users`.`id` = 1
[Mon, 01 Jun 15 19:15:39 +0800][INFO] SELECT `wj_users`.`id` AS `id`, `wj_users`.`name` AS `name` FROM wj_users WHERE `wj_users`.`id` = 1 ORDER BY `wj_users`.`id`
[Mon, 01 Jun 15 19:16:11 +0800][INFO] SELECT IF(COUNT(*)>0, 1 , 0) FROM `INFORMATION_SCHEMA`.`TABLES` WHERE `TABLE_NAME` = 'wj_users' AND `TABLE_SCHEMA` = DATABASE()
[Mon, 01 Jun 15 19:16:11 +0800][INFO] DESCRIBE `wj_users`
[Mon, 01 Jun 15 19:16:11 +0800][INFO] SELECT `wj_users`.`id` AS `id`, `wj_users`.`name` AS `name` FROM wj_users WHERE `wj_users`.`id` = 1 ORDER BY `wj_users`.`id` LIMIT 1
[Mon, 01 Jun 15 19:16:11 +0800][INFO] SELECT COUNT(*) AS `rowcount` FROM wj_users WHERE `wj_users`.`id` = 1
[Mon, 01 Jun 15 19:16:11 +0800][INFO] SELECT `wj_users`.`id` AS `id`, `wj_users`.`name` AS `name` FROM wj_users WHERE `wj_users`.`id` = 1 ORDER BY `wj_users`.`id`
[Mon, 01 Jun 15 19:16:13 +0800][INFO] SELECT IF(COUNT(*)>0, 1 , 0) FROM `INFORMATION_SCHEMA`.`TABLES` WHERE `TABLE_NAME` = 'wj_users' AND `TABLE_SCHEMA` = DATABASE()
[Mon, 01 Jun 15 19:16:13 +0800][INFO] DESCRIBE `wj_users`
[Mon, 01 Jun 15 19:16:13 +0800][INFO] SELECT `wj_users`.`id` AS `id`, `wj_users`.`name` AS `name` FROM wj_users WHERE `wj_users`.`id` = 1 ORDER BY `wj_users`.`id` LIMIT 1
[Mon, 01 Jun 15 19:16:13 +0800][INFO] SELECT COUNT(*) AS `rowcount` FROM wj_users WHERE `wj_users`.`id` = 1
[Mon, 01 Jun 15 19:16:13 +0800][INFO] SELECT `wj_users`.`id` AS `id`, `wj_users`.`name` AS `name` FROM wj_users WHERE `wj_users`.`id` = 1 ORDER BY `wj_users`.`id`
[Mon, 01 Jun 15 19:17:44 +0800][INFO] SELECT IF(COUNT(*)>0, 1 , 0) FROM `INFORMATION_SCHEMA`.`TABLES` WHERE `TABLE_NAME` = 'wj_users' AND `TABLE_SCHEMA` = DATABASE()
[Mon, 01 Jun 15 19:17:44 +0800][INFO] DESCRIBE `wj_users`
[Mon, 01 Jun 15 19:17:44 +0800][INFO] SELECT `wj_users`.`id` AS `id`, `wj_users`.`name` AS `name` FROM wj_users WHERE `wj_users`.`id` = 1 ORDER BY `wj_users`.`id` LIMIT 1
[Mon, 01 Jun 15 19:17:44 +0800][INFO] SELECT COUNT(*) AS `rowcount` FROM wj_users WHERE `wj_users`.`id` = 1
[Mon, 01 Jun 15 19:17:44 +0800][INFO] SELECT `wj_users`.`id` AS `id`, `wj_users`.`name` AS `name` FROM wj_users WHERE `wj_users`.`id` = 1 ORDER BY `wj_users`.`id`
[Mon, 01 Jun 15 19:19:22 +0800][INFO] SELECT IF(COUNT(*)>0, 1 , 0) FROM `INFORMATION_SCHEMA`.`TABLES` WHERE `TABLE_NAME` = 'wj_users' AND `TABLE_SCHEMA` = DATABASE()
[Mon, 01 Jun 15 19:19:22 +0800][INFO] DESCRIBE `wj_users`
[Mon, 01 Jun 15 19:19:22 +0800][INFO] SELECT `wj_users`.`id` AS `id`, `wj_users`.`name` AS `name` FROM wj_users WHERE `wj_users`.`id` = 1 ORDER BY `wj_users`.`id` LIMIT 1
[Mon, 01 Jun 15 19:19:22 +0800][INFO] SELECT COUNT(*) AS `rowcount` FROM wj_users WHERE `wj_users`.`id` = 1
[Mon, 01 Jun 15 19:19:22 +0800][INFO] SELECT `wj_users`.`id` AS `id`, `wj_users`.`name` AS `name` FROM wj_users WHERE `wj_users`.`id` = 1 ORDER BY `wj_users`.`id`
[Mon, 01 Jun 15 19:19:23 +0800][INFO] SELECT IF(COUNT(*)>0, 1 , 0) FROM `INFORMATION_SCHEMA`.`TABLES` WHERE `TABLE_NAME` = 'wj_users' AND `TABLE_SCHEMA` = DATABASE()
[Mon, 01 Jun 15 19:19:23 +0800][INFO] DESCRIBE `wj_users`
[Mon, 01 Jun 15 19:19:23 +0800][INFO] SELECT `wj_users`.`id` AS `id`, `wj_users`.`name` AS `name` FROM wj_users WHERE `wj_users`.`id` = 1 ORDER BY `wj_users`.`id` LIMIT 1
[Mon, 01 Jun 15 19:19:23 +0800][INFO] SELECT COUNT(*) AS `rowcount` FROM wj_users WHERE `wj_users`.`id` = 1
[Mon, 01 Jun 15 19:19:23 +0800][INFO] SELECT `wj_users`.`id` AS `id`, `wj_users`.`name` AS `name` FROM wj_users WHERE `wj_users`.`id` = 1 ORDER BY `wj_users`.`id`
[Mon, 01 Jun 15 19:19:27 +0800][INFO] SELECT IF(COUNT(*)>0, 1 , 0) FROM `INFORMATION_SCHEMA`.`TABLES` WHERE `TABLE_NAME` = 'wj_users' AND `TABLE_SCHEMA` = DATABASE()
[Mon, 01 Jun 15 19:19:27 +0800][INFO] DESCRIBE `wj_users`
[Mon, 01 Jun 15 19:19:27 +0800][INFO] SELECT `wj_users`.`id` AS `id`, `wj_users`.`name` AS `name` FROM wj_users WHERE `wj_users`.`id` = 1 ORDER BY `wj_users`.`id` LIMIT 1
[Mon, 01 Jun 15 19:19:27 +0800][INFO] SELECT COUNT(*) AS `rowcount` FROM wj_users WHERE `wj_users`.`id` = 1
[Mon, 01 Jun 15 19:19:27 +0800][INFO] SELECT `wj_users`.`id` AS `id`, `wj_users`.`name` AS `name` FROM wj_users WHERE `wj_users`.`id` = 1 ORDER BY `wj_users`.`id`
[Mon, 01 Jun 15 19:19:30 +0800][INFO] SELECT IF(COUNT(*)>0, 1 , 0) FROM `INFORMATION_SCHEMA`.`TABLES` WHERE `TABLE_NAME` = 'wj_users' AND `TABLE_SCHEMA` = DATABASE()
[Mon, 01 Jun 15 19:19:30 +0800][INFO] DESCRIBE `wj_users`
[Mon, 01 Jun 15 19:19:30 +0800][INFO] SELECT `wj_users`.`id` AS `id`, `wj_users`.`name` AS `name` FROM wj_users WHERE `wj_users`.`id` = 1 ORDER BY `wj_users`.`id` LIMIT 1
[Mon, 01 Jun 15 19:19:30 +0800][INFO] SELECT COUNT(*) AS `rowcount` FROM wj_users WHERE `wj_users`.`id` = 1
[Mon, 01 Jun 15 19:19:30 +0800][INFO] SELECT `wj_users`.`id` AS `id`, `wj_users`.`name` AS `name` FROM wj_users WHERE `wj_users`.`id` = 1 ORDER BY `wj_users`.`id`
[Mon, 01 Jun 15 19:19:32 +0800][INFO] SELECT IF(COUNT(*)>0, 1 , 0) FROM `INFORMATION_SCHEMA`.`TABLES` WHERE `TABLE_NAME` = 'wj_users' AND `TABLE_SCHEMA` = DATABASE()
[Mon, 01 Jun 15 19:19:32 +0800][INFO] DESCRIBE `wj_users`
[Mon, 01 Jun 15 19:19:32 +0800][INFO] SELECT `wj_users`.`id` AS `id`, `wj_users`.`name` AS `name` FROM wj_users WHERE `wj_users`.`id` = 1 ORDER BY `wj_users`.`id` LIMIT 1
[Mon, 01 Jun 15 19:19:32 +0800][INFO] SELECT COUNT(*) AS `rowcount` FROM wj_users WHERE `wj_users`.`id` = 1
[Mon, 01 Jun 15 19:19:32 +0800][INFO] SELECT `wj_users`.`id` AS `id`, `wj_users`.`name` AS `name` FROM wj_users WHERE `wj_users`.`id` = 1 ORDER BY `wj_users`.`id`
[Mon, 01 Jun 15 19:19:37 +0800][INFO] SELECT IF(COUNT(*)>0, 1 , 0) FROM `INFORMATION_SCHEMA`.`TABLES` WHERE `TABLE_NAME` = 'wj_users' AND `TABLE_SCHEMA` = DATABASE()
[Mon, 01 Jun 15 19:19:37 +0800][INFO] DESCRIBE `wj_users`
[Mon, 01 Jun 15 19:19:37 +0800][INFO] SELECT `wj_users`.`id` AS `id`, `wj_users`.`name` AS `name` FROM wj_users WHERE `wj_users`.`id` = 1 ORDER BY `wj_users`.`id` LIMIT 1
[Mon, 01 Jun 15 19:19:37 +0800][INFO] SELECT COUNT(*) AS `rowcount` FROM wj_users WHERE `wj_users`.`id` = 1
[Mon, 01 Jun 15 19:19:37 +0800][INFO] SELECT `wj_users`.`id` AS `id`, `wj_users`.`name` AS `name` FROM wj_users WHERE `wj_users`.`id` = 1 ORDER BY `wj_users`.`id`
[Mon, 01 Jun 15 19:19:39 +0800][INFO] SELECT IF(COUNT(*)>0, 1 , 0) FROM `INFORMATION_SCHEMA`.`TABLES` WHERE `TABLE_NAME` = 'wj_users' AND `TABLE_SCHEMA` = DATABASE()
[Mon, 01 Jun 15 19:19:39 +0800][INFO] DESCRIBE `wj_users`
[Mon, 01 Jun 15 19:19:39 +0800][INFO] SELECT `wj_users`.`id` AS `id`, `wj_users`.`name` AS `name` FROM wj_users WHERE `wj_users`.`id` = 1 ORDER BY `wj_users`.`id` LIMIT 1 OFFSET 1
[Mon, 01 Jun 15 19:19:39 +0800][INFO] SELECT COUNT(*) AS `rowcount` FROM wj_users WHERE `wj_users`.`id` = 1
[Mon, 01 Jun 15 19:19:39 +0800][INFO] SELECT `wj_users`.`id` AS `id`, `wj_users`.`name` AS `name` FROM wj_users WHERE `wj_users`.`id` = 1 ORDER BY `wj_users`.`id`
[Mon, 01 Jun 15 19:19:52 +0800][INFO] SELECT IF(COUNT(*)>0, 1 , 0) FROM `INFORMATION_SCHEMA`.`TABLES` WHERE `TABLE_NAME` = 'wj_users' AND `TABLE_SCHEMA` = DATABASE()
[Mon, 01 Jun 15 19:19:52 +0800][INFO] DESCRIBE `wj_users`
[Mon, 01 Jun 15 19:19:52 +0800][INFO] SELECT `wj_users`.`id` AS `id`, `wj_users`.`name` AS `name` FROM wj_users WHERE `wj_users`.`id` = 1 ORDER BY `wj_users`.`id` LIMIT 1 OFFSET 1
[Mon, 01 Jun 15 19:19:52 +0800][INFO] SELECT COUNT(*) AS `rowcount` FROM wj_users WHERE `wj_users`.`id` = 1
[Mon, 01 Jun 15 19:19:52 +0800][INFO] SELECT `wj_users`.`id` AS `id`, `wj_users`.`name` AS `name` FROM wj_users WHERE `wj_users`.`id` = 1 ORDER BY `wj_users`.`id`
[Mon, 01 Jun 15 19:20:28 +0800][INFO] SELECT IF(COUNT(*)>0, 1 , 0) FROM `INFORMATION_SCHEMA`.`TABLES` WHERE `TABLE_NAME` = 'wj_users' AND `TABLE_SCHEMA` = DATABASE()
[Mon, 01 Jun 15 19:20:28 +0800][INFO] DESCRIBE `wj_users`
[Mon, 01 Jun 15 19:20:28 +0800][INFO] SELECT `wj_users`.`id` AS `id`, `wj_users`.`name` AS `name` FROM wj_users WHERE `wj_users`.`id` = 1 ORDER BY `wj_users`.`id` LIMIT 1 OFFSET 1
[Mon, 01 Jun 15 19:20:28 +0800][INFO] SELECT COUNT(*) AS `rowcount` FROM wj_users WHERE `wj_users`.`id` = 1
[Mon, 01 Jun 15 19:20:28 +0800][INFO] SELECT `wj_users`.`id` AS `id`, `wj_users`.`name` AS `name` FROM wj_users WHERE `wj_users`.`id` = 1 ORDER BY `wj_users`.`id`
[Mon, 01 Jun 15 19:20:33 +0800][INFO] SELECT IF(COUNT(*)>0, 1 , 0) FROM `INFORMATION_SCHEMA`.`TABLES` WHERE `TABLE_NAME` = 'wj_users' AND `TABLE_SCHEMA` = DATABASE()
[Mon, 01 Jun 15 19:20:33 +0800][INFO] DESCRIBE `wj_users`
[Mon, 01 Jun 15 19:20:33 +0800][INFO] SELECT `wj_users`.`id` AS `id`, `wj_users`.`name` AS `name` FROM wj_users WHERE `wj_users`.`id` = 1 ORDER BY `wj_users`.`id` LIMIT 1
[Mon, 01 Jun 15 19:20:33 +0800][INFO] SELECT COUNT(*) AS `rowcount` FROM wj_users WHERE `wj_users`.`id` = 1
[Mon, 01 Jun 15 19:20:33 +0800][INFO] SELECT `wj_users`.`id` AS `id`, `wj_users`.`name` AS `name` FROM wj_users WHERE `wj_users`.`id` = 1 ORDER BY `wj_users`.`id`
[Mon, 01 Jun 15 19:20:35 +0800][INFO] SELECT IF(COUNT(*)>0, 1 , 0) FROM `INFORMATION_SCHEMA`.`TABLES` WHERE `TABLE_NAME` = 'wj_users' AND `TABLE_SCHEMA` = DATABASE()
[Mon, 01 Jun 15 19:20:35 +0800][INFO] DESCRIBE `wj_users`
[Mon, 01 Jun 15 19:20:35 +0800][INFO] SELECT `wj_users`.`id` AS `id`, `wj_users`.`name` AS `name` FROM wj_users WHERE `wj_users`.`id` = 1 ORDER BY `wj_users`.`id` LIMIT 1
[Mon, 01 Jun 15 19:20:35 +0800][INFO] SELECT COUNT(*) AS `rowcount` FROM wj_users WHERE `wj_users`.`id` = 1
[Mon, 01 Jun 15 19:20:35 +0800][INFO] SELECT `wj_users`.`id` AS `id`, `wj_users`.`name` AS `name` FROM wj_users WHERE `wj_users`.`id` = 1 ORDER BY `wj_users`.`id`
[Mon, 01 Jun 15 19:21:38 +0800][INFO] SELECT IF(COUNT(*)>0, 1 , 0) FROM `INFORMATION_SCHEMA`.`TABLES` WHERE `TABLE_NAME` = 'wj_users' AND `TABLE_SCHEMA` = DATABASE()
[Mon, 01 Jun 15 19:21:38 +0800][INFO] DESCRIBE `wj_users`
[Mon, 01 Jun 15 19:21:38 +0800][INFO] SELECT `wj_users`.`id` AS `id`, `wj_users`.`name` AS `name` FROM wj_users WHERE `wj_users`.`id` = 1 ORDER BY `wj_users`.`id` LIMIT 1
[Mon, 01 Jun 15 19:21:38 +0800][INFO] SELECT COUNT(*) AS `rowcount` FROM wj_users WHERE `wj_users`.`id` = 1
[Mon, 01 Jun 15 19:21:38 +0800][INFO] SELECT `wj_users`.`id` AS `id`, `wj_users`.`name` AS `name` FROM wj_users WHERE `wj_users`.`id` = 1 ORDER BY `wj_users`.`id`
[Mon, 01 Jun 15 19:23:15 +0800][INFO] SELECT IF(COUNT(*)>0, 1 , 0) FROM `INFORMATION_SCHEMA`.`TABLES` WHERE `TABLE_NAME` = 'wj_users' AND `TABLE_SCHEMA` = DATABASE()
[Mon, 01 Jun 15 19:23:15 +0800][INFO] DESCRIBE `wj_users`
[Mon, 01 Jun 15 19:23:15 +0800][INFO] SELECT `wj_users`.`id` AS `id`, `wj_users`.`name` AS `name` FROM wj_users WHERE `wj_users`.`id` = 1 ORDER BY `wj_users`.`id` LIMIT 1
[Mon, 01 Jun 15 19:23:15 +0800][INFO] SELECT COUNT(*) AS `rowcount` FROM wj_users WHERE `wj_users`.`id` = 1
[Mon, 01 Jun 15 19:23:15 +0800][INFO] SELECT `wj_users`.`id` AS `id`, `wj_users`.`name` AS `name` FROM wj_users WHERE `wj_users`.`id` = 1 ORDER BY `wj_users`.`id`
[Mon, 01 Jun 15 19:23:16 +0800][INFO] SELECT IF(COUNT(*)>0, 1 , 0) FROM `INFORMATION_SCHEMA`.`TABLES` WHERE `TABLE_NAME` = 'wj_users' AND `TABLE_SCHEMA` = DATABASE()
[Mon, 01 Jun 15 19:23:16 +0800][INFO] DESCRIBE `wj_users`
[Mon, 01 Jun 15 19:23:16 +0800][INFO] SELECT `wj_users`.`id` AS `id`, `wj_users`.`name` AS `name` FROM wj_users WHERE `wj_users`.`id` = 1 ORDER BY `wj_users`.`id` LIMIT 1
[Mon, 01 Jun 15 19:23:16 +0800][INFO] SELECT COUNT(*) AS `rowcount` FROM wj_users WHERE `wj_users`.`id` = 1
[Mon, 01 Jun 15 19:23:16 +0800][INFO] SELECT `wj_users`.`id` AS `id`, `wj_users`.`name` AS `name` FROM wj_users WHERE `wj_users`.`id` = 1 ORDER BY `wj_users`.`id`
[Mon, 01 Jun 15 19:23:43 +0800][INFO] SELECT IF(COUNT(*)>0, 1 , 0) FROM `INFORMATION_SCHEMA`.`TABLES` WHERE `TABLE_NAME` = 'wj_users' AND `TABLE_SCHEMA` = DATABASE()
[Mon, 01 Jun 15 19:23:43 +0800][INFO] DESCRIBE `wj_users`
[Mon, 01 Jun 15 19:23:43 +0800][INFO] SELECT `wj_users`.`id` AS `id`, `wj_users`.`name` AS `name` FROM wj_users WHERE `wj_users`.`id` = 1 ORDER BY `wj_users`.`id` LIMIT 2
[Mon, 01 Jun 15 19:23:43 +0800][INFO] SELECT COUNT(*) AS `rowcount` FROM wj_users WHERE `wj_users`.`id` = 1
[Mon, 01 Jun 15 19:23:43 +0800][INFO] SELECT `wj_users`.`id` AS `id`, `wj_users`.`name` AS `name` FROM wj_users WHERE `wj_users`.`id` = 1 ORDER BY `wj_users`.`id`
[Mon, 01 Jun 15 19:25:14 +0800][INFO] SELECT IF(COUNT(*)>0, 1 , 0) FROM `INFORMATION_SCHEMA`.`TABLES` WHERE `TABLE_NAME` = 'wj_users' AND `TABLE_SCHEMA` = DATABASE()
[Mon, 01 Jun 15 19:25:14 +0800][INFO] DESCRIBE `wj_users`
[Mon, 01 Jun 15 19:25:14 +0800][INFO] SELECT `wj_users`.`id` AS `id`, `wj_users`.`name` AS `name` FROM wj_users WHERE `wj_users`.`id` = 1 ORDER BY `wj_users`.`id` LIMIT 2
[Mon, 01 Jun 15 19:25:14 +0800][INFO] SELECT COUNT(*) AS `rowcount` FROM wj_users WHERE `wj_users`.`id` = 1
[Mon, 01 Jun 15 19:25:14 +0800][INFO] SELECT `wj_users`.`id` AS `id`, `wj_users`.`name` AS `name` FROM wj_users WHERE `wj_users`.`id` = 1 ORDER BY `wj_users`.`id`
[Mon, 01 Jun 15 19:25:59 +0800][INFO] SELECT IF(COUNT(*)>0, 1 , 0) FROM `INFORMATION_SCHEMA`.`TABLES` WHERE `TABLE_NAME` = 'wj_users' AND `TABLE_SCHEMA` = DATABASE()
[Mon, 01 Jun 15 19:25:59 +0800][INFO] DESCRIBE `wj_users`
[Mon, 01 Jun 15 19:25:59 +0800][INFO] SELECT `wj_users`.`id` AS `id`, `wj_users`.`name` AS `name` FROM wj_users WHERE `wj_users`.`id` = 1 ORDER BY `wj_users`.`id` LIMIT 2
[Mon, 01 Jun 15 19:25:59 +0800][INFO] SELECT COUNT(*) AS `rowcount` FROM wj_users WHERE `wj_users`.`id` = 1
[Mon, 01 Jun 15 19:25:59 +0800][INFO] SELECT `wj_users`.`id` AS `id`, `wj_users`.`name` AS `name` FROM wj_users WHERE `wj_users`.`id` = 1 ORDER BY `wj_users`.`id`
[Mon, 01 Jun 15 19:26:02 +0800][INFO] SELECT IF(COUNT(*)>0, 1 , 0) FROM `INFORMATION_SCHEMA`.`TABLES` WHERE `TABLE_NAME` = 'wj_users' AND `TABLE_SCHEMA` = DATABASE()
[Mon, 01 Jun 15 19:26:02 +0800][INFO] DESCRIBE `wj_users`
[Mon, 01 Jun 15 19:26:02 +0800][INFO] SELECT `wj_users`.`id` AS `id`, `wj_users`.`name` AS `name` FROM wj_users WHERE `wj_users`.`id` = 1 ORDER BY `wj_users`.`id` LIMIT 2 OFFSET 2
[Mon, 01 Jun 15 19:26:02 +0800][INFO] SELECT COUNT(*) AS `rowcount` FROM wj_users WHERE `wj_users`.`id` = 1
[Mon, 01 Jun 15 19:26:02 +0800][INFO] SELECT `wj_users`.`id` AS `id`, `wj_users`.`name` AS `name` FROM wj_users WHERE `wj_users`.`id` = 1 ORDER BY `wj_users`.`id`
[Mon, 01 Jun 15 19:28:04 +0800][INFO] SELECT IF(COUNT(*)>0, 1 , 0) FROM `INFORMATION_SCHEMA`.`TABLES` WHERE `TABLE_NAME` = 'wj_users' AND `TABLE_SCHEMA` = DATABASE()
[Mon, 01 Jun 15 19:28:04 +0800][INFO] DESCRIBE `wj_users`
[Mon, 01 Jun 15 19:28:04 +0800][INFO] SELECT `wj_users`.`id` AS `id`, `wj_users`.`name` AS `name` FROM wj_users WHERE 1 = 1 ORDER BY `wj_users`.`id` LIMIT 2 OFFSET 2
[Mon, 01 Jun 15 19:28:04 +0800][INFO] SELECT COUNT(*) AS `rowcount` FROM wj_users WHERE 1 = 1
[Mon, 01 Jun 15 19:28:04 +0800][INFO] SELECT `wj_users`.`id` AS `id`, `wj_users`.`name` AS `name` FROM wj_users WHERE 1 = 1 ORDER BY `wj_users`.`id`
[Mon, 01 Jun 15 19:29:06 +0800][INFO] SELECT IF(COUNT(*)>0, 1 , 0) FROM `INFORMATION_SCHEMA`.`TABLES` WHERE `TABLE_NAME` = 'wj_users' AND `TABLE_SCHEMA` = DATABASE()
[Mon, 01 Jun 15 19:29:06 +0800][INFO] DESCRIBE `wj_users`
[Mon, 01 Jun 15 19:29:06 +0800][INFO] SELECT `wj_users`.`id` AS `id`, `wj_users`.`name` AS `name` FROM wj_users WHERE 1 = 1 ORDER BY `wj_users`.`id` LIMIT 2 OFFSET 2
[Mon, 01 Jun 15 19:29:06 +0800][INFO] SELECT COUNT(*) AS `rowcount` FROM wj_users WHERE 1 = 1
[Mon, 01 Jun 15 19:29:06 +0800][INFO] SELECT `wj_users`.`id` AS `id`, `wj_users`.`name` AS `name` FROM wj_users WHERE 1 = 1 ORDER BY `wj_users`.`id`
[Mon, 01 Jun 15 19:29:08 +0800][INFO] SELECT IF(COUNT(*)>0, 1 , 0) FROM `INFORMATION_SCHEMA`.`TABLES` WHERE `TABLE_NAME` = 'wj_users' AND `TABLE_SCHEMA` = DATABASE()
[Mon, 01 Jun 15 19:29:08 +0800][INFO] DESCRIBE `wj_users`
[Mon, 01 Jun 15 19:29:08 +0800][INFO] SELECT `wj_users`.`id` AS `id`, `wj_users`.`name` AS `name` FROM wj_users WHERE 1 = 1 ORDER BY `wj_users`.`id` LIMIT 2 OFFSET 2
[Mon, 01 Jun 15 19:29:08 +0800][INFO] SELECT COUNT(*) AS `rowcount` FROM wj_users WHERE 1 = 1
[Mon, 01 Jun 15 19:29:08 +0800][INFO] SELECT `wj_users`.`id` AS `id`, `wj_users`.`name` AS `name` FROM wj_users WHERE 1 = 1 ORDER BY `wj_users`.`id`
[Mon, 01 Jun 15 19:29:16 +0800][INFO] SELECT IF(COUNT(*)>0, 1 , 0) FROM `INFORMATION_SCHEMA`.`TABLES` WHERE `TABLE_NAME` = 'wj_users' AND `TABLE_SCHEMA` = DATABASE()
[Mon, 01 Jun 15 19:29:16 +0800][INFO] DESCRIBE `wj_users`
[Mon, 01 Jun 15 19:29:16 +0800][INFO] SELECT `wj_users`.`id` AS `id`, `wj_users`.`name` AS `name` FROM wj_users WHERE 1 = 1 ORDER BY `wj_users`.`id` LIMIT 2 OFFSET 2
[Mon, 01 Jun 15 19:29:16 +0800][INFO] SELECT COUNT(*) AS `rowcount` FROM wj_users WHERE 1 = 1
[Mon, 01 Jun 15 19:29:16 +0800][INFO] SELECT `wj_users`.`id` AS `id`, `wj_users`.`name` AS `name` FROM wj_users WHERE 1 = 1 ORDER BY `wj_users`.`id`
[Mon, 01 Jun 15 19:29:18 +0800][INFO] SELECT IF(COUNT(*)>0, 1 , 0) FROM `INFORMATION_SCHEMA`.`TABLES` WHERE `TABLE_NAME` = 'wj_users' AND `TABLE_SCHEMA` = DATABASE()
[Mon, 01 Jun 15 19:29:18 +0800][INFO] DESCRIBE `wj_users`
[Mon, 01 Jun 15 19:29:18 +0800][INFO] SELECT `wj_users`.`id` AS `id`, `wj_users`.`name` AS `name` FROM wj_users WHERE 1 = 1 ORDER BY `wj_users`.`id` LIMIT 2
[Mon, 01 Jun 15 19:29:18 +0800][INFO] SELECT COUNT(*) AS `rowcount` FROM wj_users WHERE 1 = 1
[Mon, 01 Jun 15 19:29:18 +0800][INFO] SELECT `wj_users`.`id` AS `id`, `wj_users`.`name` AS `name` FROM wj_users WHERE 1 = 1 ORDER BY `wj_users`.`id`
[Mon, 01 Jun 15 19:29:20 +0800][INFO] SELECT IF(COUNT(*)>0, 1 , 0) FROM `INFORMATION_SCHEMA`.`TABLES` WHERE `TABLE_NAME` = 'wj_users' AND `TABLE_SCHEMA` = DATABASE()
[Mon, 01 Jun 15 19:29:20 +0800][INFO] DESCRIBE `wj_users`
[Mon, 01 Jun 15 19:29:20 +0800][INFO] SELECT `wj_users`.`id` AS `id`, `wj_users`.`name` AS `name` FROM wj_users WHERE 1 = 1 ORDER BY `wj_users`.`id` LIMIT 2
[Mon, 01 Jun 15 19:29:20 +0800][INFO] SELECT COUNT(*) AS `rowcount` FROM wj_users WHERE 1 = 1
[Mon, 01 Jun 15 19:29:20 +0800][INFO] SELECT `wj_users`.`id` AS `id`, `wj_users`.`name` AS `name` FROM wj_users WHERE 1 = 1 ORDER BY `wj_users`.`id`
[Mon, 01 Jun 15 19:29:23 +0800][INFO] SELECT IF(COUNT(*)>0, 1 , 0) FROM `INFORMATION_SCHEMA`.`TABLES` WHERE `TABLE_NAME` = 'wj_users' AND `TABLE_SCHEMA` = DATABASE()
[Mon, 01 Jun 15 19:29:23 +0800][INFO] DESCRIBE `wj_users`
[Mon, 01 Jun 15 19:29:23 +0800][INFO] SELECT `wj_users`.`id` AS `id`, `wj_users`.`name` AS `name` FROM wj_users WHERE 1 = 1 ORDER BY `wj_users`.`id` LIMIT 2
[Mon, 01 Jun 15 19:29:23 +0800][INFO] SELECT COUNT(*) AS `rowcount` FROM wj_users WHERE 1 = 1
[Mon, 01 Jun 15 19:29:23 +0800][INFO] SELECT `wj_users`.`id` AS `id`, `wj_users`.`name` AS `name` FROM wj_users WHERE 1 = 1 ORDER BY `wj_users`.`id`
[Mon, 01 Jun 15 19:32:57 +0800][INFO] SELECT IF(COUNT(*)>0, 1 , 0) FROM `INFORMATION_SCHEMA`.`TABLES` WHERE `TABLE_NAME` = 'wj_users' AND `TABLE_SCHEMA` = DATABASE()
[Mon, 01 Jun 15 19:32:57 +0800][INFO] DESCRIBE `wj_users`
[Mon, 01 Jun 15 19:32:57 +0800][INFO] SELECT `wj_users`.`id` AS `id`, `wj_users`.`name` AS `name` FROM wj_users WHERE 1 = 1 ORDER BY `wj_users`.`id` LIMIT 1
[Mon, 01 Jun 15 19:32:57 +0800][INFO] SELECT COUNT(*) AS `rowcount` FROM wj_users WHERE 1 = 1
[Mon, 01 Jun 15 19:32:57 +0800][INFO] SELECT `wj_users`.`id` AS `id`, `wj_users`.`name` AS `name` FROM wj_users WHERE 1 = 1 ORDER BY `wj_users`.`id`
[Mon, 01 Jun 15 19:35:28 +0800][INFO] SELECT IF(COUNT(*)>0, 1 , 0) FROM `INFORMATION_SCHEMA`.`TABLES` WHERE `TABLE_NAME` = 'wj_users' AND `TABLE_SCHEMA` = DATABASE()
[Mon, 01 Jun 15 19:35:28 +0800][INFO] DESCRIBE `wj_users`
[Mon, 01 Jun 15 19:35:28 +0800][INFO] SELECT `wj_users`.`id` AS `id`, `wj_users`.`name` AS `name` FROM wj_users WHERE 1 = 1 ORDER BY `wj_users`.`id` LIMIT 1
[Mon, 01 Jun 15 19:35:28 +0800][INFO] SELECT COUNT(*) AS `rowcount` FROM wj_users WHERE 1 = 1
[Mon, 01 Jun 15 19:35:28 +0800][INFO] SELECT `wj_users`.`id` AS `id`, `wj_users`.`name` AS `name` FROM wj_users WHERE 1 = 1 ORDER BY `wj_users`.`id`
[Mon, 01 Jun 15 19:37:06 +0800][INFO] SELECT IF(COUNT(*)>0, 1 , 0) FROM `INFORMATION_SCHEMA`.`TABLES` WHERE `TABLE_NAME` = 'wj_users' AND `TABLE_SCHEMA` = DATABASE()
[Mon, 01 Jun 15 19:37:06 +0800][INFO] DESCRIBE `wj_users`
[Mon, 01 Jun 15 19:37:06 +0800][INFO] SELECT `wj_users`.`id` AS `id`, `wj_users`.`name` AS `name` FROM wj_users WHERE 1 = 1 ORDER BY `wj_users`.`id` LIMIT 1
[Mon, 01 Jun 15 19:37:06 +0800][INFO] SELECT COUNT(*) AS `rowcount` FROM wj_users WHERE 1 = 1
[Mon, 01 Jun 15 19:37:06 +0800][INFO] SELECT `wj_users`.`id` AS `id`, `wj_users`.`name` AS `name` FROM wj_users WHERE 1 = 1 ORDER BY `wj_users`.`id`
[Mon, 01 Jun 15 19:42:50 +0800][INFO] SELECT IF(COUNT(*)>0, 1 , 0) FROM `INFORMATION_SCHEMA`.`TABLES` WHERE `TABLE_NAME` = 'wj_users' AND `TABLE_SCHEMA` = DATABASE()
[Mon, 01 Jun 15 19:42:50 +0800][INFO] DESCRIBE `wj_users`
[Mon, 01 Jun 15 19:42:50 +0800][INFO] SELECT `wj_users`.`id` AS `id`, `wj_users`.`name` AS `name` FROM wj_users WHERE 1 = 1 ORDER BY `wj_users`.`id`
[Mon, 01 Jun 15 19:42:50 +0800][INFO] SELECT `wj_users`.`id` AS `id`, `wj_users`.`name` AS `name` FROM wj_users WHERE 1 = 1 ORDER BY `wj_users`.`id` LIMIT 1
[Mon, 01 Jun 15 19:42:50 +0800][INFO] SELECT COUNT(*) AS `rowcount` FROM wj_users WHERE 1 = 1
[Mon, 01 Jun 15 19:42:52 +0800][INFO] SELECT IF(COUNT(*)>0, 1 , 0) FROM `INFORMATION_SCHEMA`.`TABLES` WHERE `TABLE_NAME` = 'wj_users' AND `TABLE_SCHEMA` = DATABASE()
[Mon, 01 Jun 15 19:42:52 +0800][INFO] DESCRIBE `wj_users`
[Mon, 01 Jun 15 19:42:52 +0800][INFO] SELECT `wj_users`.`id` AS `id`, `wj_users`.`name` AS `name` FROM wj_users WHERE 1 = 1 ORDER BY `wj_users`.`id`
[Mon, 01 Jun 15 19:42:52 +0800][INFO] SELECT `wj_users`.`id` AS `id`, `wj_users`.`name` AS `name` FROM wj_users WHERE 1 = 1 ORDER BY `wj_users`.`id` LIMIT 1
[Mon, 01 Jun 15 19:42:52 +0800][INFO] SELECT COUNT(*) AS `rowcount` FROM wj_users WHERE 1 = 1
[Mon, 01 Jun 15 19:43:44 +0800][INFO] SELECT IF(COUNT(*)>0, 1 , 0) FROM `INFORMATION_SCHEMA`.`TABLES` WHERE `TABLE_NAME` = 'wj_users' AND `TABLE_SCHEMA` = DATABASE()
[Mon, 01 Jun 15 19:43:44 +0800][INFO] DESCRIBE `wj_users`
[Mon, 01 Jun 15 19:43:44 +0800][INFO] SELECT `wj_users`.`id` AS `id`, `wj_users`.`name` AS `name` FROM wj_users WHERE 1 = 1 ORDER BY `wj_users`.`id`
[Mon, 01 Jun 15 19:43:44 +0800][INFO] SELECT `wj_users`.`id` AS `id`, `wj_users`.`name` AS `name` FROM wj_users WHERE 1 = 1 ORDER BY `wj_users`.`id` LIMIT 1
[Mon, 01 Jun 15 19:43:44 +0800][INFO] SELECT COUNT(*) AS `rowcount` FROM wj_users WHERE 1 = 1
[Mon, 01 Jun 15 19:45:32 +0800][INFO] SELECT IF(COUNT(*)>0, 1 , 0) FROM `INFORMATION_SCHEMA`.`TABLES` WHERE `TABLE_NAME` = 'wj_users' AND `TABLE_SCHEMA` = DATABASE()
[Mon, 01 Jun 15 19:45:32 +0800][INFO] DESCRIBE `wj_users`
[Mon, 01 Jun 15 19:45:32 +0800][INFO] SELECT `wj_users`.`id` AS `id`, `wj_users`.`name` AS `name` FROM wj_users WHERE 1 = 1 ORDER BY `wj_users`.`id`
[Mon, 01 Jun 15 19:45:32 +0800][INFO] SELECT `wj_users`.`id` AS `id`, `wj_users`.`name` AS `name` FROM wj_users WHERE 1 = 1 ORDER BY `wj_users`.`id` LIMIT 1
[Mon, 01 Jun 15 19:45:32 +0800][INFO] SELECT COUNT(*) AS `rowcount` FROM wj_users WHERE 1 = 1
[Mon, 01 Jun 15 19:45:49 +0800][INFO] SELECT IF(COUNT(*)>0, 1 , 0) FROM `INFORMATION_SCHEMA`.`TABLES` WHERE `TABLE_NAME` = 'wj_users' AND `TABLE_SCHEMA` = DATABASE()
[Mon, 01 Jun 15 19:45:49 +0800][INFO] DESCRIBE `wj_users`
[Mon, 01 Jun 15 19:45:49 +0800][INFO] SELECT `wj_users`.`id` AS `id`, `wj_users`.`name` AS `name` FROM wj_users WHERE 1 = 1 ORDER BY `wj_users`.`id`
[Mon, 01 Jun 15 19:45:49 +0800][INFO] SELECT `wj_users`.`id` AS `id`, `wj_users`.`name` AS `name` FROM wj_users WHERE 1 = 1 ORDER BY `wj_users`.`id` LIMIT 1
[Mon, 01 Jun 15 19:45:49 +0800][INFO] SELECT COUNT(*) AS `rowcount` FROM wj_users WHERE 1 = 1
[Mon, 01 Jun 15 19:45:50 +0800][INFO] SELECT IF(COUNT(*)>0, 1 , 0) FROM `INFORMATION_SCHEMA`.`TABLES` WHERE `TABLE_NAME` = 'wj_users' AND `TABLE_SCHEMA` = DATABASE()
[Mon, 01 Jun 15 19:45:50 +0800][INFO] DESCRIBE `wj_users`
[Mon, 01 Jun 15 19:45:50 +0800][INFO] SELECT `wj_users`.`id` AS `id`, `wj_users`.`name` AS `name` FROM wj_users WHERE 1 = 1 ORDER BY `wj_users`.`id`
[Mon, 01 Jun 15 19:45:50 +0800][INFO] SELECT `wj_users`.`id` AS `id`, `wj_users`.`name` AS `name` FROM wj_users WHERE 1 = 1 ORDER BY `wj_users`.`id` LIMIT 1
[Mon, 01 Jun 15 19:45:50 +0800][INFO] SELECT COUNT(*) AS `rowcount` FROM wj_users WHERE 1 = 1
